2024-04-02 00:11:59.6217 INFO Выполнена инициализация Бота с токеном 7110426275:AAH7EEbnhcafTEyqkq18lb3ROQxz03KUY9E
2024-04-02 00:11:59.9065 INFO Бот запущен
2024-04-02 00:17:00.0756 INFO Выполнена инициализация Бота с токеном 7110426275:AAH7EEbnhcafTEyqkq18lb3ROQxz03KUY9E
2024-04-02 00:17:00.2925 INFO Бот запущен
2024-04-02 10:35:59.4330 INFO Выполнена инициализация Бота с токеном 7110426275:AAH7EEbnhcafTEyqkq18lb3ROQxz03KUY9E
2024-04-02 10:35:59.8870 INFO Бот запущен
2024-04-02 10:37:42.7943 INFO Выполнена инициализация Бота с токеном 7110426275:AAH7EEbnhcafTEyqkq18lb3ROQxz03KUY9E
2024-04-02 10:37:43.0766 INFO Бот запущен
2024-04-02 18:21:30.6505 INFO Выполнена инициализация Бота с токеном 7110426275:AAH7EEbnhcafTEyqkq18lb3ROQxz03KUY9E
2024-04-02 18:21:30.9591 INFO Бот запущен
2024-04-02 18:22:34.0316 INFO ВХОДЯЩЕЕ СОООБЩЕНИЕ UpdateType = CallbackQuery; chatId = 1182424873; messageId = 23; text = RandomDish canRoute = True
2024-04-02 18:22:34.0316 INFO ROUTER chatId = 1182424873; State = CommandStart
2024-04-02 18:22:34.1849 INFO ИСХОДЯЩЕЕ СОООБЩЕНИЕ chatId = 1182424873; text = Команда не распознана. Для начала работы с ботом введите /start; Keyboard = Клавиатуры в данном сообщении нет
2024-04-02 18:22:44.6621 INFO ВХОДЯЩЕЕ СОООБЩЕНИЕ UpdateType = Message; chatId = 1182424873; messageId = 478; text = /start canRoute = True
2024-04-02 18:22:44.6630 INFO ROUTER chatId = 1182424873; State = CommandStart
2024-04-02 18:22:44.7948 INFO ИСХОДЯЩЕЕ СОООБЩЕНИЕ chatId = 1182424873; text = Выберите действие; Keyboard = Создать список;Просмотреть свои списки;Получить случайное блюдо;
2024-04-02 18:23:06.1963 INFO ВХОДЯЩЕЕ СОООБЩЕНИЕ UpdateType = CallbackQuery; chatId = 1182424873; messageId = 479; text = RandomDish canRoute = True
2024-04-02 18:23:06.1963 INFO ROUTER chatId = 1182424873; State = ClickOnInlineButtonInMenuMain
2024-04-02 18:23:14.2992 INFO ИСХОДЯЩЕЕ СОООБЩЕНИЕ chatId = 1182424873; text = Случайное блюдо: Запеканка из шпината и рикотты  Игредиенты: Свежие листья шпината 250 г  Сыр рикотта 250 г  Куриное яйцо 2 штуки  Кукурузная мука 2 столовые ложки  Мука грубого помола 2 столовые ложки  Соль щепотка  Оливковое масло ½ чайные ложки    Рецепт: 1. Шпинат вымыть, дать стечь воде. Разогреть сковороду без масла, выложить шпинат и накрыть крышкой. Тушить 10 минут на медленном огне.  2. Выложить тушеный шпинат в миску и слегка размять, добавить взбитые вилкой яйца, обе муки, рикотту и соль. Размешать и оставить на 15 минут.  3. Разогреть духовку до 190 градусов. Смазать форму оливковым маслом и выложить творожную массу. Выпекать в духовке 35-40 минут.  4. Подавать теплой или охлажденной.    Выберите действие:; Keyboard = Добавить в список;
2024-04-02 18:23:21.9562 INFO ВХОДЯЩЕЕ СОООБЩЕНИЕ UpdateType = CallbackQuery; chatId = 1182424873; messageId = 480; text = AddToDishList canRoute = True
2024-04-02 18:23:21.9562 INFO ROUTER chatId = 1182424873; State = ClickOnInlineButtonInRandomDishMenu
2024-04-02 18:23:22.0834 INFO ИСХОДЯЩЕЕ СОООБЩЕНИЕ chatId = 1182424873; text = Ваши списки; Keyboard = Назад;
2024-04-02 18:23:23.5947 INFO ВХОДЯЩЕЕ СОООБЩЕНИЕ UpdateType = Message; chatId = 1182424873; messageId = 482; text = Назад canRoute = True
2024-04-02 18:23:23.5947 INFO ROUTER chatId = 1182424873; State = ClickOnReplyButtonUserLists
2024-04-02 18:23:23.9166 INFO ИСХОДЯЩЕЕ СОООБЩЕНИЕ chatId = 1182424873; text = Выберите действие; Keyboard = Создать список;Просмотреть свои списки;Получить случайное блюдо;
2024-04-02 18:23:25.4062 INFO ВХОДЯЩЕЕ СОООБЩЕНИЕ UpdateType = CallbackQuery; chatId = 1182424873; messageId = 484; text = CreateDishList canRoute = True
2024-04-02 18:23:25.4062 INFO ROUTER chatId = 1182424873; State = ClickOnInlineButtonInMenuMain
2024-04-02 18:23:25.5910 INFO ИСХОДЯЩЕЕ СОООБЩЕНИЕ chatId = 1182424873; text = Введите название списка; Keyboard = Клавиатуры в данном сообщении нет
2024-04-02 18:23:36.9869 INFO ВХОДЯЩЕЕ СОООБЩЕНИЕ UpdateType = Message; chatId = 1182424873; messageId = 486; text = minereposi canRoute = True
2024-04-02 18:23:36.9869 INFO ROUTER chatId = 1182424873; State = InputListName
2024-04-02 18:23:37.3417 INFO ИСХОДЯЩЕЕ СОООБЩЕНИЕ chatId = 1182424873; text = Выберите действие; Keyboard = Создать список;Просмотреть свои списки;Получить случайное блюдо;
2024-04-02 18:23:41.7011 INFO ВХОДЯЩЕЕ СОООБЩЕНИЕ UpdateType = CallbackQuery; chatId = 1182424873; messageId = 487; text = Lists canRoute = True
2024-04-02 18:23:41.7011 INFO ROUTER chatId = 1182424873; State = ClickOnInlineButtonInMenuMain
2024-04-02 18:23:41.8226 INFO ИСХОДЯЩЕЕ СОООБЩЕНИЕ chatId = 1182424873; text = Ваши списки; Keyboard = minereposi;Назад;
2024-04-02 18:23:43.3731 INFO ВХОДЯЩЕЕ СОООБЩЕНИЕ UpdateType = Message; chatId = 1182424873; messageId = 489; text = minereposi canRoute = True
2024-04-02 18:23:43.3731 INFO ROUTER chatId = 1182424873; State = ClickOnInlineButtonUserLists
2024-04-02 18:23:43.9057 INFO ИСХОДЯЩЕЕ СОООБЩЕНИЕ chatId = 1182424873; text = Выбран список  minereposi  Выберите действие со списком; Keyboard = Добавить блюдо;Посмотреть блюда;Переименовать список;Удалить список;Назад;
2024-04-02 18:23:47.4382 INFO ВХОДЯЩЕЕ СОООБЩЕНИЕ UpdateType = CallbackQuery; chatId = 1182424873; messageId = 491; text = AddDish canRoute = True
2024-04-02 18:23:47.4382 INFO ROUTER chatId = 1182424873; State = ClickActionButtonWithList
2024-04-02 18:23:47.8446 INFO ИСХОДЯЩЕЕ СОООБЩЕНИЕ chatId = 1182424873; text = Введите название блюда; Keyboard = Клавиатуры в данном сообщении нет
2024-04-02 18:23:55.4176 INFO ВХОДЯЩЕЕ СОООБЩЕНИЕ UpdateType = Message; chatId = 1182424873; messageId = 493; text = Карбонара canRoute = True
2024-04-02 18:23:55.4176 INFO ROUTER chatId = 1182424873; State = InputTitle
2024-04-02 18:23:55.6147 INFO ИСХОДЯЩЕЕ СОООБЩЕНИЕ chatId = 1182424873; text = Введите ингредиенты; Keyboard = Клавиатуры в данном сообщении нет
2024-04-02 18:25:42.9387 INFO ВХОДЯЩЕЕ СОООБЩЕНИЕ UpdateType = Message; chatId = 1182424873; messageId = 495; text = Яйца(желтки) - 100г
Молоко - 250г
СПАГЕТИИИИИИ - 500г
Бекон - 300г
Чеснок - 50г
Пармезан - чем больше тем лучше Г canRoute = True
2024-04-02 18:25:42.9387 INFO ROUTER chatId = 1182424873; State = InputIngredients
2024-04-02 18:25:43.0418 INFO ИСХОДЯЩЕЕ СОООБЩЕНИЕ chatId = 1182424873; text = Введите рецепт; Keyboard = Клавиатуры в данном сообщении нет
2024-04-02 18:26:48.8091 INFO ВХОДЯЩЕЕ СОООБЩЕНИЕ UpdateType = Message; chatId = 1182424873; messageId = 497; text = На память canRoute = True
2024-04-02 18:26:48.8091 INFO ROUTER chatId = 1182424873; State = InputRecipe
2024-04-02 18:26:48.9172 INFO ИСХОДЯЩЕЕ СОООБЩЕНИЕ chatId = 1182424873; text = Введите вашу оценку блюду; Keyboard = Клавиатуры в данном сообщении нет
2024-04-02 18:26:55.3170 INFO ВХОДЯЩЕЕ СОООБЩЕНИЕ UpdateType = Message; chatId = 1182424873; messageId = 499; text = 15/1- canRoute = True
2024-04-02 18:26:55.3170 INFO ROUTER chatId = 1182424873; State = InputRating
2024-04-02 18:26:55.4272 INFO ИСХОДЯЩЕЕ СОООБЩЕНИЕ chatId = 1182424873; text = Оценка не может быть ниже или выше.  (от 0 до 10); Keyboard = Клавиатуры в данном сообщении нет
2024-04-02 18:27:00.8826 INFO ВХОДЯЩЕЕ СОООБЩЕНИЕ UpdateType = Message; chatId = 1182424873; messageId = 501; text = 11 canRoute = True
2024-04-02 18:27:00.8826 INFO ROUTER chatId = 1182424873; State = InputRating
2024-04-02 18:27:01.0167 INFO ИСХОДЯЩЕЕ СОООБЩЕНИЕ chatId = 1182424873; text = Оценка не может быть ниже или выше.  (от 0 до 10); Keyboard = Клавиатуры в данном сообщении нет
2024-04-02 18:27:02.9250 INFO ВХОДЯЩЕЕ СОООБЩЕНИЕ UpdateType = Message; chatId = 1182424873; messageId = 503; text = 10.1 canRoute = True
2024-04-02 18:27:02.9250 INFO ROUTER chatId = 1182424873; State = InputRating
2024-04-02 18:27:03.0548 INFO ИСХОДЯЩЕЕ СОООБЩЕНИЕ chatId = 1182424873; text = Оценка не может быть ниже или выше.  (от 0 до 10); Keyboard = Клавиатуры в данном сообщении нет
2024-04-02 18:27:05.8156 INFO ВХОДЯЩЕЕ СОООБЩЕНИЕ UpdateType = Message; chatId = 1182424873; messageId = 505; text = 10.001 canRoute = True
2024-04-02 18:27:05.8156 INFO ROUTER chatId = 1182424873; State = InputRating
2024-04-02 18:27:06.0323 INFO ИСХОДЯЩЕЕ СОООБЩЕНИЕ chatId = 1182424873; text = Оценка не может быть ниже или выше.  (от 0 до 10); Keyboard = Клавиатуры в данном сообщении нет
2024-04-02 18:27:08.7300 INFO ВХОДЯЩЕЕ СОООБЩЕНИЕ UpdateType = Message; chatId = 1182424873; messageId = 507; text = 10,01 canRoute = True
2024-04-02 18:27:08.7300 INFO ROUTER chatId = 1182424873; State = InputRating
2024-04-02 18:27:08.8557 INFO ИСХОДЯЩЕЕ СОООБЩЕНИЕ chatId = 1182424873; text = Оценка не может быть ниже или выше.  (от 0 до 10); Keyboard = Клавиатуры в данном сообщении нет
2024-04-02 18:27:12.1368 INFO ВХОДЯЩЕЕ СОООБЩЕНИЕ UpdateType = Message; chatId = 1182424873; messageId = 509; text = 101 canRoute = True
2024-04-02 18:27:12.1368 INFO ROUTER chatId = 1182424873; State = InputRating
2024-04-02 18:27:12.2783 INFO ИСХОДЯЩЕЕ СОООБЩЕНИЕ chatId = 1182424873; text = Оценка не может быть ниже или выше.  (от 0 до 10); Keyboard = Клавиатуры в данном сообщении нет
2024-04-02 18:27:13.7777 INFO ВХОДЯЩЕЕ СОООБЩЕНИЕ UpdateType = Message; chatId = 1182424873; messageId = 511; text = 0101 canRoute = True
2024-04-02 18:27:13.7777 INFO ROUTER chatId = 1182424873; State = InputRating
2024-04-02 18:27:13.8868 INFO ИСХОДЯЩЕЕ СОООБЩЕНИЕ chatId = 1182424873; text = Оценка не может быть ниже или выше.  (от 0 до 10); Keyboard = Клавиатуры в данном сообщении нет
2024-04-02 18:27:16.1440 INFO ВХОДЯЩЕЕ СОООБЩЕНИЕ UpdateType = Message; chatId = 1182424873; messageId = 513; text = 011 canRoute = True
2024-04-02 18:27:16.1440 INFO ROUTER chatId = 1182424873; State = InputRating
2024-04-02 18:27:16.3112 INFO ИСХОДЯЩЕЕ СОООБЩЕНИЕ chatId = 1182424873; text = Оценка не может быть ниже или выше.  (от 0 до 10); Keyboard = Клавиатуры в данном сообщении нет
2024-04-02 18:27:18.4725 INFO ВХОДЯЩЕЕ СОООБЩЕНИЕ UpdateType = Message; chatId = 1182424873; messageId = 515; text = 01 canRoute = True
2024-04-02 18:27:18.4725 INFO ROUTER chatId = 1182424873; State = InputRating
2024-04-02 18:27:18.6819 INFO ИСХОДЯЩЕЕ СОООБЩЕНИЕ chatId = 1182424873; text = Введите ваш комментарий к данному блюду; Keyboard = Клавиатуры в данном сообщении нет
2024-04-02 18:27:30.9250 INFO ВХОДЯЩЕЕ СОООБЩЕНИЕ UpdateType = Message; chatId = 1182424873; messageId = 517; text = ВАХ КАК ВКУСНА!!!! canRoute = True
2024-04-02 18:27:30.9250 INFO ROUTER chatId = 1182424873; State = InputComment
2024-04-02 18:27:31.1933 INFO ИСХОДЯЩЕЕ СОООБЩЕНИЕ chatId = 1182424873; text = Блюдо Карбонара было добавлено в minereposi  Выберите действие; Keyboard = Создать список;Просмотреть свои списки;Получить случайное блюдо;
2024-04-02 18:27:36.2597 INFO ВХОДЯЩЕЕ СОООБЩЕНИЕ UpdateType = CallbackQuery; chatId = 1182424873; messageId = 518; text = Lists canRoute = True
2024-04-02 18:27:36.2597 INFO ROUTER chatId = 1182424873; State = ClickOnInlineButtonInMenuMain
2024-04-02 18:27:36.3858 INFO ИСХОДЯЩЕЕ СОООБЩЕНИЕ chatId = 1182424873; text = Ваши списки; Keyboard = minereposi;Назад;
2024-04-02 18:27:37.7713 INFO ВХОДЯЩЕЕ СОООБЩЕНИЕ UpdateType = Message; chatId = 1182424873; messageId = 520; text = minereposi canRoute = True
2024-04-02 18:27:37.7713 INFO ROUTER chatId = 1182424873; State = ClickOnInlineButtonUserLists
2024-04-02 18:27:38.1662 INFO ИСХОДЯЩЕЕ СОООБЩЕНИЕ chatId = 1182424873; text = Выбран список  minereposi  Выберите действие со списком; Keyboard = Добавить блюдо;Посмотреть блюда;Переименовать список;Удалить список;Назад;
2024-04-02 18:27:40.0142 INFO ВХОДЯЩЕЕ СОООБЩЕНИЕ UpdateType = CallbackQuery; chatId = 1182424873; messageId = 522; text = CheckDishes canRoute = True
2024-04-02 18:27:40.0142 INFO ROUTER chatId = 1182424873; State = ClickActionButtonWithList
2024-04-02 18:27:40.1966 INFO ИСХОДЯЩЕЕ СОООБЩЕНИЕ chatId = 1182424873; text = Блюда в этом списке:; Keyboard = Карбонара;Назад;
2024-04-02 18:27:43.2069 INFO ВХОДЯЩЕЕ СОООБЩЕНИЕ UpdateType = Message; chatId = 1182424873; messageId = 524; text = Карбонара canRoute = True
2024-04-02 18:27:43.2069 INFO ROUTER chatId = 1182424873; State = ClickButtonDisheInListDishesMenu
2024-04-02 18:27:43.5084 INFO ИСХОДЯЩЕЕ СОООБЩЕНИЕ chatId = 1182424873; text = Выбрано блюдо: Карбонара  Игредиенты: Яйца(желтки) - 100г Молоко - 250г СПАГЕТИИИИИИ - 500г Бекон - 300г Чеснок - 50г Пармезан - чем больше тем лучше Г  Рецепт: На память  Ваша оценка: 1 Ваш комментарий: ВАХ КАК ВКУСНА!!!!  Выберите действие:; Keyboard = Изменить;
2024-04-02 18:27:50.5104 INFO ВХОДЯЩЕЕ СОООБЩЕНИЕ UpdateType = CallbackQuery; chatId = 1182424873; messageId = 526; text = BackToListOfDishes canRoute = True
2024-04-02 18:27:50.5104 INFO ROUTER chatId = 1182424873; State = ClickInlineButtonInActionWithDishMenu
2024-04-02 18:27:50.6138 INFO ИСХОДЯЩЕЕ СОООБЩЕНИЕ chatId = 1182424873; text = Блюда в этом списке:; Keyboard = Карбонара;Назад;
2024-04-02 18:27:51.7829 INFO ВХОДЯЩЕЕ СОООБЩЕНИЕ UpdateType = Message; chatId = 1182424873; messageId = 528; text = Назад canRoute = True
2024-04-02 18:27:51.7829 INFO ROUTER chatId = 1182424873; State = ClickButtonDisheInListDishesMenu
2024-04-02 18:27:52.3302 INFO ИСХОДЯЩЕЕ СОООБЩЕНИЕ chatId = 1182424873; text = Выбран список  minereposi  Выберите действие со списком; Keyboard = Добавить блюдо;Посмотреть блюда;Переименовать список;Удалить список;Назад;
2024-04-02 18:27:53.7511 INFO ВХОДЯЩЕЕ СОООБЩЕНИЕ UpdateType = CallbackQuery; chatId = 1182424873; messageId = 530; text = BackToLists canRoute = True
2024-04-02 18:27:53.7511 INFO ROUTER chatId = 1182424873; State = ClickActionButtonWithList
2024-04-02 18:27:53.9773 INFO ИСХОДЯЩЕЕ СОООБЩЕНИЕ chatId = 1182424873; text = Ваши списки; Keyboard = minereposi;Назад;
2024-04-02 18:27:55.9760 INFO ВХОДЯЩЕЕ СОООБЩЕНИЕ UpdateType = Message; chatId = 1182424873; messageId = 532; text = Назад canRoute = True
2024-04-02 18:27:55.9760 INFO ROUTER chatId = 1182424873; State = ClickOnInlineButtonUserLists
2024-04-02 18:27:56.3758 INFO ИСХОДЯЩЕЕ СОООБЩЕНИЕ chatId = 1182424873; text = Выберите действие; Keyboard = Создать список;Просмотреть свои списки;Получить случайное блюдо;
2024-04-02 18:27:58.4759 INFO ВХОДЯЩЕЕ СОООБЩЕНИЕ UpdateType = CallbackQuery; chatId = 1182424873; messageId = 534; text = RandomDish canRoute = True
2024-04-02 18:27:58.4759 INFO ROUTER chatId = 1182424873; State = ClickOnInlineButtonInMenuMain
2024-04-02 18:28:03.8854 INFO ИСХОДЯЩЕЕ СОООБЩЕНИЕ chatId = 1182424873; text = Случайное блюдо: Жаркое в горшочке с сыром и зеленью  Игредиенты: Картофель 8 штук  Репчатый лук 3 штуки  Свинина 500 г  Морковь 2 штуки  Майонез по вкусу  Маринованные огурцы 3 штуки  Твердый сыр по вкусу  Зелень по вкусу  Соль по вкусу  Молотый черный перец по вкусу  Говяжий бульон по вкусу    Рецепт: 1. Мясо нарезать небольшими кубиками и быстро обжарить на раскаленной сковороде. Разложить по горшочкам. Лук мелко нарезать, морковь нарезать соломкой и обжарить.  2. Выложить на мясо. Огурцы нарезать тонкими колечками и выложить слоем на лук с морковью. Картофель нарезать крупными кубиками и разложить по горшочкам.  3. Влить бульон, немного. Полить майонезом, посыпать сыром и запекать в духовке 50 минут. При температуре 190 градусов.  4. Достать из духовки и дать постоять минут 15. Можно подавать.    Выберите действие:; Keyboard = Добавить в список;
2024-04-02 18:28:08.1284 INFO ВХОДЯЩЕЕ СОООБЩЕНИЕ UpdateType = CallbackQuery; chatId = 1182424873; messageId = 535; text = ButtonBack canRoute = True
2024-04-02 18:28:08.1284 INFO ROUTER chatId = 1182424873; State = ClickOnInlineButtonInRandomDishMenu
2024-04-02 18:28:08.4524 INFO ИСХОДЯЩЕЕ СОООБЩЕНИЕ chatId = 1182424873; text = Выберите действие; Keyboard = Создать список;Просмотреть свои списки;Получить случайное блюдо;
2024-04-02 18:28:09.4647 INFO ВХОДЯЩЕЕ СОООБЩЕНИЕ UpdateType = CallbackQuery; chatId = 1182424873; messageId = 537; text = RandomDish canRoute = True
2024-04-02 18:28:09.4647 INFO ROUTER chatId = 1182424873; State = ClickOnInlineButtonInMenuMain
2024-04-02 18:28:13.3361 INFO ИСХОДЯЩЕЕ СОООБЩЕНИЕ chatId = 1182424873; text = Случайное блюдо: Тимбал из авокадо и тунца  Игредиенты: Авокадо 1 штука  Помидоры 1 штука  Консервированный тунец в масле 1 банка  Рукола 1 пучок  Оливковое масло 1 чайная ложка  Морская соль по вкусу  Лимонный сок 1 чайная ложка  Мелко рубленный чеснок 1 зубчик    Рецепт: 1. Разрезаем авокадо пополам, удаляем косточку (ножом бьем по ней крест-накрест — когда ударяете 2 раз, задержите нож в косточке и при помощи ножа она легко выйдет из мякоти).  2. При помощи вилки сделайте из авокадо пюре, сбрызните его лимонным соком и добавьте 1–2 чайные ложки оливкового масла, зубчик выдавленного (или молотого) чеснока, молотый перец и соль по вкусу.  3. У крепкого спелого помидора у основания сделайте надрез крест-накрест, опустите на 1–2 минуты в кипящую воду.  4. Дайте остыть, очистите от кожуры и порежьте кубиками, семечки и сок удалите. На блюдо выложите слой авокадо, затем нарезанный помидор, а сверху консервированный тунец.  5. Украсить рукколой или зеленым лучком.    Выберите действие:; Keyboard = Добавить в список;
2024-04-02 18:28:33.5291 INFO ВХОДЯЩЕЕ СОООБЩЕНИЕ UpdateType = CallbackQuery; chatId = 1182424873; messageId = 538; text = ButtonBack canRoute = True
2024-04-02 18:28:33.5291 INFO ROUTER chatId = 1182424873; State = ClickOnInlineButtonInRandomDishMenu
2024-04-02 18:28:33.8700 INFO ИСХОДЯЩЕЕ СОООБЩЕНИЕ chatId = 1182424873; text = Выберите действие; Keyboard = Создать список;Просмотреть свои списки;Получить случайное блюдо;
2024-04-02 18:28:40.4168 INFO ВХОДЯЩЕЕ СОООБЩЕНИЕ UpdateType = CallbackQuery; chatId = 1182424873; messageId = 540; text = CreateDishList canRoute = True
2024-04-02 18:28:40.4168 INFO ROUTER chatId = 1182424873; State = ClickOnInlineButtonInMenuMain
2024-04-02 18:28:40.5796 INFO ИСХОДЯЩЕЕ СОООБЩЕНИЕ chatId = 1182424873; text = Введите название списка; Keyboard = Клавиатуры в данном сообщении нет
2024-04-02 18:28:43.4292 INFO ВХОДЯЩЕЕ СОООБЩЕНИЕ UpdateType = CallbackQuery; chatId = 1182424873; messageId = 540; text = Lists canRoute = True
2024-04-02 18:28:43.4292 INFO ROUTER chatId = 1182424873; State = InputListName
2024-04-02 18:28:43.6351 INFO ИСХОДЯЩЕЕ СОООБЩЕНИЕ chatId = 1182424873; text = Выберите действие; Keyboard = Создать список;Просмотреть свои списки;Получить случайное блюдо;
2024-04-02 18:28:47.7288 INFO ВХОДЯЩЕЕ СОООБЩЕНИЕ UpdateType = CallbackQuery; chatId = 1182424873; messageId = 542; text = Lists canRoute = True
2024-04-02 18:28:47.7288 INFO ROUTER chatId = 1182424873; State = ClickOnInlineButtonInMenuMain
2024-04-02 18:28:47.8452 INFO ИСХОДЯЩЕЕ СОООБЩЕНИЕ chatId = 1182424873; text = Ваши списки; Keyboard = minereposi;Lists;Назад;
2024-04-02 18:28:50.1906 INFO ВХОДЯЩЕЕ СОООБЩЕНИЕ UpdateType = Message; chatId = 1182424873; messageId = 544; text = minereposi canRoute = True
2024-04-02 18:28:50.1906 INFO ROUTER chatId = 1182424873; State = ClickOnInlineButtonUserLists
2024-04-02 18:28:50.4837 INFO ИСХОДЯЩЕЕ СОООБЩЕНИЕ chatId = 1182424873; text = Выбран список  minereposi  Выберите действие со списком; Keyboard = Добавить блюдо;Посмотреть блюда;Переименовать список;Удалить список;Назад;
2024-04-02 18:28:54.3310 INFO ВХОДЯЩЕЕ СОООБЩЕНИЕ UpdateType = CallbackQuery; chatId = 1182424873; messageId = 546; text = CheckDishes canRoute = True
2024-04-02 18:28:54.3310 INFO ROUTER chatId = 1182424873; State = ClickActionButtonWithList
2024-04-02 18:28:54.4636 INFO ИСХОДЯЩЕЕ СОООБЩЕНИЕ chatId = 1182424873; text = Блюда в этом списке:; Keyboard = Карбонара;Назад;
2024-04-02 18:28:56.5458 INFO ВХОДЯЩЕЕ СОООБЩЕНИЕ UpdateType = Message; chatId = 1182424873; messageId = 548; text = Карбонара canRoute = True
2024-04-02 18:28:56.5458 INFO ROUTER chatId = 1182424873; State = ClickButtonDisheInListDishesMenu
2024-04-02 18:28:57.0296 INFO ИСХОДЯЩЕЕ СОООБЩЕНИЕ chatId = 1182424873; text = Выбрано блюдо: Карбонара  Игредиенты: Яйца(желтки) - 100г Молоко - 250г СПАГЕТИИИИИИ - 500г Бекон - 300г Чеснок - 50г Пармезан - чем больше тем лучше Г  Рецепт: На память  Ваша оценка: 1 Ваш комментарий: ВАХ КАК ВКУСНА!!!!  Выберите действие:; Keyboard = Изменить;
2024-04-02 18:28:58.3319 INFO ВХОДЯЩЕЕ СОООБЩЕНИЕ UpdateType = CallbackQuery; chatId = 1182424873; messageId = 550; text = EditDish canRoute = True
2024-04-02 18:28:58.3319 INFO ROUTER chatId = 1182424873; State = ClickInlineButtonInActionWithDishMenu
2024-04-02 18:28:58.4889 INFO ИСХОДЯЩЕЕ СОООБЩЕНИЕ chatId = 1182424873; text = Выберите параметр который хотите изменить; Keyboard = Название;Рецепт;Комментарий;
2024-04-02 18:29:07.0413 INFO ВХОДЯЩЕЕ СОООБЩЕНИЕ UpdateType = CallbackQuery; chatId = 1182424873; messageId = 551; text = InputRating canRoute = True
2024-04-02 18:29:07.0413 INFO ROUTER chatId = 1182424873; State = ChooseEditParameter
2024-04-02 18:29:07.1628 INFO ИСХОДЯЩЕЕ СОООБЩЕНИЕ chatId = 1182424873; text = Введите вашу оценку блюду; Keyboard = Клавиатуры в данном сообщении нет
2024-04-02 18:29:08.9378 INFO ВХОДЯЩЕЕ СОООБЩЕНИЕ UpdateType = Message; chatId = 1182424873; messageId = 553; text = 011 canRoute = True
2024-04-02 18:29:08.9378 INFO ROUTER chatId = 1182424873; State = EditingInputRating
2024-04-02 18:29:09.0570 INFO ИСХОДЯЩЕЕ СОООБЩЕНИЕ chatId = 1182424873; text = Оценка не может быть ниже или выше.  (от 0 до 10); Keyboard = Клавиатуры в данном сообщении нет
2024-04-02 18:29:14.6902 INFO ВХОДЯЩЕЕ СОООБЩЕНИЕ UpdateType = Message; chatId = 1182424873; messageId = 555; text = 01.1 canRoute = True
2024-04-02 18:29:14.6902 INFO ROUTER chatId = 1182424873; State = EditingInputRating
2024-04-02 18:29:14.8122 INFO ИСХОДЯЩЕЕ СОООБЩЕНИЕ chatId = 1182424873; text = Оценка не может быть ниже или выше.  (от 0 до 10); Keyboard = Клавиатуры в данном сообщении нет
2024-04-02 18:29:17.8552 INFO ВХОДЯЩЕЕ СОООБЩЕНИЕ UpdateType = Message; chatId = 1182424873; messageId = 557; text = 101 canRoute = True
2024-04-02 18:29:17.8552 INFO ROUTER chatId = 1182424873; State = EditingInputRating
2024-04-02 18:29:17.9779 INFO ИСХОДЯЩЕЕ СОООБЩЕНИЕ chatId = 1182424873; text = Оценка не может быть ниже или выше.  (от 0 до 10); Keyboard = Клавиатуры в данном сообщении нет
2024-04-02 18:29:25.3445 INFO ВХОДЯЩЕЕ СОООБЩЕНИЕ UpdateType = Message; chatId = 1182424873; messageId = 559; text = 10^2 canRoute = True
2024-04-02 18:29:25.3445 INFO ROUTER chatId = 1182424873; State = EditingInputRating
2024-04-02 18:29:25.4642 INFO ИСХОДЯЩЕЕ СОООБЩЕНИЕ chatId = 1182424873; text = Оценка не может быть ниже или выше.  (от 0 до 10); Keyboard = Клавиатуры в данном сообщении нет
2024-04-02 18:29:32.9101 INFO ВХОДЯЩЕЕ СОООБЩЕНИЕ UpdateType = Message; chatId = 1182424873; messageId = 561; text = 3^3 canRoute = True
2024-04-02 18:29:32.9101 INFO ROUTER chatId = 1182424873; State = EditingInputRating
2024-04-02 18:29:33.0218 INFO ИСХОДЯЩЕЕ СОООБЩЕНИЕ chatId = 1182424873; text = Оценка не может быть ниже или выше.  (от 0 до 10); Keyboard = Клавиатуры в данном сообщении нет
2024-04-02 18:29:42.8342 INFO ВХОДЯЩЕЕ СОООБЩЕНИЕ UpdateType = Message; chatId = 1182424873; messageId = 563; text = 3**3 canRoute = True
2024-04-02 18:29:42.8347 INFO ROUTER chatId = 1182424873; State = EditingInputRating
2024-04-02 18:29:42.9826 INFO ИСХОДЯЩЕЕ СОООБЩЕНИЕ chatId = 1182424873; text = Оценка не может быть ниже или выше.  (от 0 до 10); Keyboard = Клавиатуры в данном сообщении нет
2024-04-02 18:29:49.6569 INFO ВХОДЯЩЕЕ СОООБЩЕНИЕ UpdateType = Message; chatId = 1182424873; messageId = 565; text = 4^2 canRoute = True
2024-04-02 18:29:49.6569 INFO ROUTER chatId = 1182424873; State = EditingInputRating
2024-04-02 18:29:49.7576 INFO ИСХОДЯЩЕЕ СОООБЩЕНИЕ chatId = 1182424873; text = Оценка не может быть ниже или выше.  (от 0 до 10); Keyboard = Клавиатуры в данном сообщении нет
2024-04-02 18:29:54.3296 INFO ВХОДЯЩЕЕ СОООБЩЕНИЕ UpdateType = Message; chatId = 1182424873; messageId = 567; text = 4(3) canRoute = True
2024-04-02 18:29:54.3296 INFO ROUTER chatId = 1182424873; State = EditingInputRating
2024-04-02 18:29:54.4436 INFO ИСХОДЯЩЕЕ СОООБЩЕНИЕ chatId = 1182424873; text = Оценка не может быть ниже или выше.  (от 0 до 10); Keyboard = Клавиатуры в данном сообщении нет
2024-04-02 18:30:04.6436 INFO ВХОДЯЩЕЕ СОООБЩЕНИЕ UpdateType = Message; chatId = 1182424873; messageId = 569; text = !0 canRoute = True
2024-04-02 18:30:04.6436 INFO ROUTER chatId = 1182424873; State = EditingInputRating
2024-04-02 18:30:04.9272 INFO ИСХОДЯЩЕЕ СОООБЩЕНИЕ chatId = 1182424873; text = Оценка не может быть ниже или выше.  (от 0 до 10); Keyboard = Клавиатуры в данном сообщении нет
2024-04-02 18:30:07.2434 INFO ВХОДЯЩЕЕ СОООБЩЕНИЕ UpdateType = Message; chatId = 1182424873; messageId = 571; text = !212 canRoute = True
2024-04-02 18:30:07.2434 INFO ROUTER chatId = 1182424873; State = EditingInputRating
2024-04-02 18:30:07.3527 INFO ИСХОДЯЩЕЕ СОООБЩЕНИЕ chatId = 1182424873; text = Оценка не может быть ниже или выше.  (от 0 до 10); Keyboard = Клавиатуры в данном сообщении нет
2024-04-02 18:30:08.8242 INFO ВХОДЯЩЕЕ СОООБЩЕНИЕ UpdateType = Message; chatId = 1182424873; messageId = 573; text = 21 canRoute = True
2024-04-02 18:30:08.8242 INFO ROUTER chatId = 1182424873; State = EditingInputRating
2024-04-02 18:30:08.9939 INFO ИСХОДЯЩЕЕ СОООБЩЕНИЕ chatId = 1182424873; text = Оценка не может быть ниже или выше.  (от 0 до 10); Keyboard = Клавиатуры в данном сообщении нет
2024-04-02 18:30:10.2520 INFO ВХОДЯЩЕЕ СОООБЩЕНИЕ UpdateType = Message; chatId = 1182424873; messageId = 575; text = 11 canRoute = True
2024-04-02 18:30:10.2520 INFO ROUTER chatId = 1182424873; State = EditingInputRating
2024-04-02 18:30:10.3592 INFO ИСХОДЯЩЕЕ СОООБЩЕНИЕ chatId = 1182424873; text = Оценка не может быть ниже или выше.  (от 0 до 10); Keyboard = Клавиатуры в данном сообщении нет
2024-04-02 18:30:10.6419 INFO ВХОДЯЩЕЕ СОООБЩЕНИЕ UpdateType = Message; chatId = 1182424873; messageId = 577; text = 12 canRoute = True
2024-04-02 18:30:10.6419 INFO ROUTER chatId = 1182424873; State = EditingInputRating
2024-04-02 18:30:10.7870 INFO ИСХОДЯЩЕЕ СОООБЩЕНИЕ chatId = 1182424873; text = Оценка не может быть ниже или выше.  (от 0 до 10); Keyboard = Клавиатуры в данном сообщении нет
2024-04-02 18:30:11.3026 INFO ВХОДЯЩЕЕ СОООБЩЕНИЕ UpdateType = Message; chatId = 1182424873; messageId = 579; text = 13 canRoute = True
2024-04-02 18:30:11.3033 INFO ROUTER chatId = 1182424873; State = EditingInputRating
2024-04-02 18:30:11.4245 INFO ИСХОДЯЩЕЕ СОООБЩЕНИЕ chatId = 1182424873; text = Оценка не может быть ниже или выше.  (от 0 до 10); Keyboard = Клавиатуры в данном сообщении нет
2024-04-02 18:30:11.9379 INFO ВХОДЯЩЕЕ СОООБЩЕНИЕ UpdateType = Message; chatId = 1182424873; messageId = 581; text = 14 canRoute = True
2024-04-02 18:30:11.9379 INFO ROUTER chatId = 1182424873; State = EditingInputRating
2024-04-02 18:30:12.0637 INFO ИСХОДЯЩЕЕ СОООБЩЕНИЕ chatId = 1182424873; text = Оценка не может быть ниже или выше.  (от 0 до 10); Keyboard = Клавиатуры в данном сообщении нет
2024-04-02 18:30:12.5605 INFO ВХОДЯЩЕЕ СОООБЩЕНИЕ UpdateType = Message; chatId = 1182424873; messageId = 583; text = 15 canRoute = True
2024-04-02 18:30:12.5605 INFO ROUTER chatId = 1182424873; State = EditingInputRating
2024-04-02 18:30:12.6687 INFO ИСХОДЯЩЕЕ СОООБЩЕНИЕ chatId = 1182424873; text = Оценка не может быть ниже или выше.  (от 0 до 10); Keyboard = Клавиатуры в данном сообщении нет
2024-04-02 18:30:13.3821 INFO ВХОДЯЩЕЕ СОООБЩЕНИЕ UpdateType = Message; chatId = 1182424873; messageId = 585; text = 16 canRoute = True
2024-04-02 18:30:13.3821 INFO ROUTER chatId = 1182424873; State = EditingInputRating
2024-04-02 18:30:13.5170 INFO ИСХОДЯЩЕЕ СОООБЩЕНИЕ chatId = 1182424873; text = Оценка не может быть ниже или выше.  (от 0 до 10); Keyboard = Клавиатуры в данном сообщении нет
2024-04-02 18:30:14.5269 INFO ВХОДЯЩЕЕ СОООБЩЕНИЕ UpdateType = Message; chatId = 1182424873; messageId = 587; text = 17 canRoute = True
2024-04-02 18:30:14.5269 INFO ROUTER chatId = 1182424873; State = EditingInputRating
2024-04-02 18:30:14.6930 INFO ИСХОДЯЩЕЕ СОООБЩЕНИЕ chatId = 1182424873; text = Оценка не может быть ниже или выше.  (от 0 до 10); Keyboard = Клавиатуры в данном сообщении нет
2024-04-02 18:30:16.0285 INFO ВХОДЯЩЕЕ СОООБЩЕНИЕ UpdateType = Message; chatId = 1182424873; messageId = 589; text = 18 canRoute = True
2024-04-02 18:30:16.0285 INFO ROUTER chatId = 1182424873; State = EditingInputRating
2024-04-02 18:30:16.2016 INFO ИСХОДЯЩЕЕ СОООБЩЕНИЕ chatId = 1182424873; text = Оценка не может быть ниже или выше.  (от 0 до 10); Keyboard = Клавиатуры в данном сообщении нет
2024-04-02 18:30:16.7518 INFO ВХОДЯЩЕЕ СОООБЩЕНИЕ UpdateType = Message; chatId = 1182424873; messageId = 591; text = 18 canRoute = True
2024-04-02 18:30:16.7518 INFO ROUTER chatId = 1182424873; State = EditingInputRating
2024-04-02 18:30:16.9165 INFO ИСХОДЯЩЕЕ СОООБЩЕНИЕ chatId = 1182424873; text = Оценка не может быть ниже или выше.  (от 0 до 10); Keyboard = Клавиатуры в данном сообщении нет
2024-04-02 18:30:17.6141 INFO ВХОДЯЩЕЕ СОООБЩЕНИЕ UpdateType = Message; chatId = 1182424873; messageId = 593; text = 18 canRoute = True
2024-04-02 18:30:17.6141 INFO ROUTER chatId = 1182424873; State = EditingInputRating
2024-04-02 18:30:17.7162 INFO ИСХОДЯЩЕЕ СОООБЩЕНИЕ chatId = 1182424873; text = Оценка не может быть ниже или выше.  (от 0 до 10); Keyboard = Клавиатуры в данном сообщении нет
2024-04-02 18:30:19.5921 INFO ВХОДЯЩЕЕ СОООБЩЕНИЕ UpdateType = Message; chatId = 1182424873; messageId = 595; text = 19 canRoute = True
2024-04-02 18:30:19.5921 INFO ROUTER chatId = 1182424873; State = EditingInputRating
2024-04-02 18:30:19.7201 INFO ИСХОДЯЩЕЕ СОООБЩЕНИЕ chatId = 1182424873; text = Оценка не может быть ниже или выше.  (от 0 до 10); Keyboard = Клавиатуры в данном сообщении нет
2024-04-02 18:30:20.3465 INFO ВХОДЯЩЕЕ СОООБЩЕНИЕ UpdateType = Message; chatId = 1182424873; messageId = 597; text = 29 canRoute = True
2024-04-02 18:30:20.3465 INFO ROUTER chatId = 1182424873; State = EditingInputRating
2024-04-02 18:30:20.5201 INFO ИСХОДЯЩЕЕ СОООБЩЕНИЕ chatId = 1182424873; text = Оценка не может быть ниже или выше.  (от 0 до 10); Keyboard = Клавиатуры в данном сообщении нет
2024-04-02 18:30:21.3584 INFO ВХОДЯЩЕЕ СОООБЩЕНИЕ UpdateType = Message; chatId = 1182424873; messageId = 599; text = 29 canRoute = True
2024-04-02 18:30:21.3584 INFO ROUTER chatId = 1182424873; State = EditingInputRating
2024-04-02 18:30:21.4665 INFO ИСХОДЯЩЕЕ СОООБЩЕНИЕ chatId = 1182424873; text = Оценка не может быть ниже или выше.  (от 0 до 10); Keyboard = Клавиатуры в данном сообщении нет
2024-04-02 18:30:22.2093 INFO ВХОДЯЩЕЕ СОООБЩЕНИЕ UpdateType = Message; chatId = 1182424873; messageId = 601; text = 20 canRoute = True
2024-04-02 18:30:22.2093 INFO ROUTER chatId = 1182424873; State = EditingInputRating
2024-04-02 18:30:22.3450 INFO ИСХОДЯЩЕЕ СОООБЩЕНИЕ chatId = 1182424873; text = Оценка не может быть ниже или выше.  (от 0 до 10); Keyboard = Клавиатуры в данном сообщении нет
2024-04-02 18:30:23.2424 INFO ВХОДЯЩЕЕ СОООБЩЕНИЕ UpdateType = Message; chatId = 1182424873; messageId = 603; text = 23 canRoute = True
2024-04-02 18:30:23.2424 INFO ROUTER chatId = 1182424873; State = EditingInputRating
2024-04-02 18:30:23.4940 INFO ИСХОДЯЩЕЕ СОООБЩЕНИЕ chatId = 1182424873; text = Оценка не может быть ниже или выше.  (от 0 до 10); Keyboard = Клавиатуры в данном сообщении нет
2024-04-02 18:30:24.0567 INFO ВХОДЯЩЕЕ СОООБЩЕНИЕ UpdateType = Message; chatId = 1182424873; messageId = 605; text = 21 canRoute = True
2024-04-02 18:30:24.0567 INFO ROUTER chatId = 1182424873; State = EditingInputRating
2024-04-02 18:30:24.3089 INFO ИСХОДЯЩЕЕ СОООБЩЕНИЕ chatId = 1182424873; text = Оценка не может быть ниже или выше.  (от 0 до 10); Keyboard = Клавиатуры в данном сообщении нет
2024-04-02 18:30:24.7812 INFO ВХОДЯЩЕЕ СОООБЩЕНИЕ UpdateType = Message; chatId = 1182424873; messageId = 607; text = 23 canRoute = True
2024-04-02 18:30:24.7812 INFO ROUTER chatId = 1182424873; State = EditingInputRating
2024-04-02 18:30:25.1185 INFO ИСХОДЯЩЕЕ СОООБЩЕНИЕ chatId = 1182424873; text = Оценка не может быть ниже или выше.  (от 0 до 10); Keyboard = Клавиатуры в данном сообщении нет
2024-04-02 18:30:25.3128 INFO ВХОДЯЩЕЕ СОООБЩЕНИЕ UpdateType = Message; chatId = 1182424873; messageId = 609; text = 214 canRoute = True
2024-04-02 18:30:25.3128 INFO ROUTER chatId = 1182424873; State = EditingInputRating
2024-04-02 18:30:25.6172 INFO ИСХОДЯЩЕЕ СОООБЩЕНИЕ chatId = 1182424873; text = Оценка не может быть ниже или выше.  (от 0 до 10); Keyboard = Клавиатуры в данном сообщении нет
2024-04-02 18:30:25.7418 INFO ВХОДЯЩЕЕ СОООБЩЕНИЕ UpdateType = Message; chatId = 1182424873; messageId = 610; text = 12 canRoute = True
2024-04-02 18:30:25.7418 INFO ROUTER chatId = 1182424873; State = EditingInputRating
2024-04-02 18:30:25.9412 INFO ИСХОДЯЩЕЕ СОООБЩЕНИЕ chatId = 1182424873; text = Оценка не может быть ниже или выше.  (от 0 до 10); Keyboard = Клавиатуры в данном сообщении нет
2024-04-02 18:30:26.0981 INFO ВХОДЯЩЕЕ СОООБЩЕНИЕ UpdateType = Message; chatId = 1182424873; messageId = 612; text = 412 canRoute = True
2024-04-02 18:30:26.0981 INFO ROUTER chatId = 1182424873; State = EditingInputRating
2024-04-02 18:30:26.3059 INFO ИСХОДЯЩЕЕ СОООБЩЕНИЕ chatId = 1182424873; text = Оценка не может быть ниже или выше.  (от 0 до 10); Keyboard = Клавиатуры в данном сообщении нет
2024-04-02 18:30:26.4281 INFO ВХОДЯЩЕЕ СОООБЩЕНИЕ UpdateType = Message; chatId = 1182424873; messageId = 614; text = 412 canRoute = True
2024-04-02 18:30:26.4281 INFO ROUTER chatId = 1182424873; State = EditingInputRating
2024-04-02 18:30:26.6355 INFO ИСХОДЯЩЕЕ СОООБЩЕНИЕ chatId = 1182424873; text = Оценка не может быть ниже или выше.  (от 0 до 10); Keyboard = Клавиатуры в данном сообщении нет
2024-04-02 18:30:26.7140 INFO ВХОДЯЩЕЕ СОООБЩЕНИЕ UpdateType = Message; chatId = 1182424873; messageId = 617; text = 123 canRoute = True
2024-04-02 18:30:26.7140 INFO ROUTER chatId = 1182424873; State = EditingInputRating
2024-04-02 18:30:26.9024 INFO ИСХОДЯЩЕЕ СОООБЩЕНИЕ chatId = 1182424873; text = Оценка не может быть ниже или выше.  (от 0 до 10); Keyboard = Клавиатуры в данном сообщении нет
2024-04-02 18:30:27.0572 INFO ВХОДЯЩЕЕ СОООБЩЕНИЕ UpdateType = Message; chatId = 1182424873; messageId = 619; text = 2412 canRoute = True
2024-04-02 18:30:27.0572 INFO ROUTER chatId = 1182424873; State = EditingInputRating
2024-04-02 18:30:27.2186 INFO ИСХОДЯЩЕЕ СОООБЩЕНИЕ chatId = 1182424873; text = Оценка не может быть ниже или выше.  (от 0 до 10); Keyboard = Клавиатуры в данном сообщении нет
2024-04-02 18:30:27.3434 INFO ВХОДЯЩЕЕ СОООБЩЕНИЕ UpdateType = Message; chatId = 1182424873; messageId = 621; text = 412 canRoute = True
2024-04-02 18:30:27.3434 INFO ROUTER chatId = 1182424873; State = EditingInputRating
2024-04-02 18:30:27.5509 INFO ИСХОДЯЩЕЕ СОООБЩЕНИЕ chatId = 1182424873; text = Оценка не может быть ниже или выше.  (от 0 до 10); Keyboard = Клавиатуры в данном сообщении нет
2024-04-02 18:30:27.6782 INFO ВХОДЯЩЕЕ СОООБЩЕНИЕ UpdateType = Message; chatId = 1182424873; messageId = 623; text = 412 canRoute = True
2024-04-02 18:30:27.6782 INFO ROUTER chatId = 1182424873; State = EditingInputRating
2024-04-02 18:30:27.8562 INFO ИСХОДЯЩЕЕ СОООБЩЕНИЕ chatId = 1182424873; text = Оценка не может быть ниже или выше.  (от 0 до 10); Keyboard = Клавиатуры в данном сообщении нет
2024-04-02 18:30:27.9859 INFO ВХОДЯЩЕЕ СОООБЩЕНИЕ UpdateType = Message; chatId = 1182424873; messageId = 624; text = 41 canRoute = True
2024-04-02 18:30:27.9859 INFO ROUTER chatId = 1182424873; State = EditingInputRating
2024-04-02 18:30:28.2117 INFO ИСХОДЯЩЕЕ СОООБЩЕНИЕ chatId = 1182424873; text = Оценка не может быть ниже или выше.  (от 0 до 10); Keyboard = Клавиатуры в данном сообщении нет
2024-04-02 18:30:28.3357 INFO ВХОДЯЩЕЕ СОООБЩЕНИЕ UpdateType = Message; chatId = 1182424873; messageId = 626; text = 2412 canRoute = True
2024-04-02 18:30:28.3357 INFO ROUTER chatId = 1182424873; State = EditingInputRating
2024-04-02 18:30:28.6339 INFO ИСХОДЯЩЕЕ СОООБЩЕНИЕ chatId = 1182424873; text = Оценка не может быть ниже или выше.  (от 0 до 10); Keyboard = Клавиатуры в данном сообщении нет
2024-04-02 18:30:28.8106 INFO ВХОДЯЩЕЕ СОООБЩЕНИЕ UpdateType = Message; chatId = 1182424873; messageId = 628; text = 41 canRoute = True
2024-04-02 18:30:28.8106 INFO ROUTER chatId = 1182424873; State = EditingInputRating
2024-04-02 18:30:29.0857 INFO ИСХОДЯЩЕЕ СОООБЩЕНИЕ chatId = 1182424873; text = Оценка не может быть ниже или выше.  (от 0 до 10); Keyboard = Клавиатуры в данном сообщении нет
2024-04-02 18:30:33.3418 INFO ВХОДЯЩЕЕ СОООБЩЕНИЕ UpdateType = Message; chatId = 1182424873; messageId = 631; text = 10 canRoute = True
2024-04-02 18:30:33.3418 INFO ROUTER chatId = 1182424873; State = EditingInputRating
2024-04-02 18:30:33.5414 INFO ИСХОДЯЩЕЕ СОООБЩЕНИЕ chatId = 1182424873; text = Выберите параметр который хотите изменить; Keyboard = Название;Рецепт;Комментарий;
