2024-03-28 12:56:02.7682 INFO Выполнена инициализация Бота с токеном 7110426275:AAH7EEbnhcafTEyqkq18lb3ROQxz03KUY9E
2024-03-28 12:56:04.0215 INFO Бот запущен
2024-03-28 12:56:07.4099 INFO ВХОДЯЩЕЕ СОООБЩЕНИЕ UpdateType = Message; chatId = 1437102827; messageId = 59; text = /start canRoute = True
2024-03-28 12:56:07.4131 INFO ROUTER chatId = 1437102827; State = CommandStart
2024-03-28 12:56:07.6134 INFO ИСХОДЯЩЕЕ СОООБЩЕНИЕ chatId = 1437102827; text = Выберите действие; Keyboard = Создать список;Просмотреть свои списки;Получить случайное блюдо;
2024-03-28 12:56:09.6674 INFO ВХОДЯЩЕЕ СОООБЩЕНИЕ UpdateType = CallbackQuery; chatId = 1437102827; messageId = 60; text = CreateDishList canRoute = True
2024-03-28 12:56:09.6674 INFO ROUTER chatId = 1437102827; State = ClickOnInlineButtonInMenuMain
2024-03-28 12:56:13.0572 INFO ИСХОДЯЩЕЕ СОООБЩЕНИЕ chatId = 1437102827; text = Введите название списка; Keyboard = Клавиатуры в данном сообщении нет
2024-03-28 12:56:24.6336 INFO ВХОДЯЩЕЕ СОООБЩЕНИЕ UpdateType = Message; chatId = 1437102827; messageId = 62; text = еда 2.0 canRoute = True
2024-03-28 12:56:24.6336 INFO ROUTER chatId = 1437102827; State = InputListName
2024-03-28 12:56:25.3068 INFO ИСХОДЯЩЕЕ СОООБЩЕНИЕ chatId = 1437102827; text = Выберите действие; Keyboard = Создать список;Просмотреть свои списки;Получить случайное блюдо;
2024-03-28 12:56:26.6842 INFO ВХОДЯЩЕЕ СОООБЩЕНИЕ UpdateType = CallbackQuery; chatId = 1437102827; messageId = 63; text = Lists canRoute = True
2024-03-28 12:56:26.6842 INFO ROUTER chatId = 1437102827; State = ClickOnInlineButtonInMenuMain
2024-03-28 12:56:26.8129 INFO ИСХОДЯЩЕЕ СОООБЩЕНИЕ chatId = 1437102827; text = Ваши списки; Keyboard = бимбам;еда 2.0;Назад;
2024-03-28 12:56:30.3057 INFO ВХОДЯЩЕЕ СОООБЩЕНИЕ UpdateType = Message; chatId = 1437102827; messageId = 65; text = Назад canRoute = True
2024-03-28 12:56:30.3057 INFO ROUTER chatId = 1437102827; State = ClickOnInlineButtonUserLists
2024-03-28 12:56:30.6871 INFO ИСХОДЯЩЕЕ СОООБЩЕНИЕ chatId = 1437102827; text = Выберите действие; Keyboard = Создать список;Просмотреть свои списки;Получить случайное блюдо;
2024-03-28 12:56:32.6787 INFO ВХОДЯЩЕЕ СОООБЩЕНИЕ UpdateType = CallbackQuery; chatId = 1437102827; messageId = 67; text = RandomDish canRoute = True
2024-03-28 12:56:32.6787 INFO ROUTER chatId = 1437102827; State = ClickOnInlineButtonInMenuMain
2024-03-28 12:56:40.5146 INFO ИСХОДЯЩЕЕ СОООБЩЕНИЕ chatId = 1437102827; text = Выбрано блюдо: Коктейль «Аляска» (Alaska)  Игредиенты: Джин 60 мл  Желтый травяной ликер 20 мл  Цедра апельсина щепотка  Ангостура 2 мл    Рецепт: 1. Из глыбы льда вырезать шар диаметром примерно 7 см; сделать это можно обычным ножом с коротким лезвием.  2. Все ингредиенты смешать в стакане для смешивания, наполненном льдом. Влить в бокал для подачи и украсить цедрой.    Ваша оценка: 0 Ваш комментарий:   Выберите действие:; Keyboard = бимбам;еда 2.0;Назад;
2024-03-28 12:56:54.9184 INFO ВХОДЯЩЕЕ СОООБЩЕНИЕ UpdateType = Message; chatId = 1437102827; messageId = 69; text = Назад canRoute = True
2024-03-28 12:56:54.9184 INFO ROUTER chatId = 1437102827; State = ClickOnInlineButtonInRandomDishMenu
2024-03-28 20:36:31.5395 INFO Выполнена инициализация Бота с токеном 7110426275:AAH7EEbnhcafTEyqkq18lb3ROQxz03KUY9E
2024-03-28 20:36:32.2261 INFO Бот запущен
2024-03-28 20:36:33.2234 INFO ВХОДЯЩЕЕ СОООБЩЕНИЕ UpdateType = Message; chatId = 1437102827; messageId = 69; text = Назад canRoute = True
2024-03-28 20:36:33.2263 INFO ROUTER chatId = 1437102827; State = CommandStart
2024-03-28 20:36:33.3608 INFO ИСХОДЯЩЕЕ СОООБЩЕНИЕ chatId = 1437102827; text = Команда не распознана. Для начала работы с ботом введите /start; Keyboard = Клавиатуры в данном сообщении нет
2024-03-28 20:36:50.0079 INFO ВХОДЯЩЕЕ СОООБЩЕНИЕ UpdateType = Message; chatId = 1437102827; messageId = 71; text = /reset canRoute = True
2024-03-28 20:36:50.0079 INFO ROUTER chatId = 1437102827; State = CommandStart
2024-03-28 20:36:50.1295 INFO ИСХОДЯЩЕЕ СОООБЩЕНИЕ chatId = 1437102827; text = Выберите действие; Keyboard = Создать список;Просмотреть свои списки;Получить случайное блюдо;
2024-03-28 20:36:52.0508 INFO ВХОДЯЩЕЕ СОООБЩЕНИЕ UpdateType = Message; chatId = 1437102827; messageId = 73; text = Назад canRoute = True
2024-03-28 20:36:52.0508 INFO ROUTER chatId = 1437102827; State = ClickOnInlineButtonInMenuMain
2024-03-28 20:37:24.5988 INFO Выполнена инициализация Бота с токеном 7110426275:AAH7EEbnhcafTEyqkq18lb3ROQxz03KUY9E
2024-03-28 20:37:24.8042 INFO Бот запущен
2024-03-28 20:37:25.5325 INFO ВХОДЯЩЕЕ СОООБЩЕНИЕ UpdateType = Message; chatId = 1437102827; messageId = 73; text = Назад canRoute = True
2024-03-28 20:37:25.5325 INFO ROUTER chatId = 1437102827; State = CommandStart
2024-03-28 20:37:25.6663 INFO ИСХОДЯЩЕЕ СОООБЩЕНИЕ chatId = 1437102827; text = Команда не распознана. Для начала работы с ботом введите /start; Keyboard = Клавиатуры в данном сообщении нет
2024-03-28 20:37:34.5070 INFO ВХОДЯЩЕЕ СОООБЩЕНИЕ UpdateType = Message; chatId = 1437102827; messageId = 75; text = /start canRoute = True
2024-03-28 20:37:34.5070 INFO ROUTER chatId = 1437102827; State = CommandStart
2024-03-28 20:37:34.7161 INFO ИСХОДЯЩЕЕ СОООБЩЕНИЕ chatId = 1437102827; text = Выберите действие; Keyboard = Создать список;Просмотреть свои списки;Получить случайное блюдо;
2024-03-28 20:37:36.6043 INFO ВХОДЯЩЕЕ СОООБЩЕНИЕ UpdateType = CallbackQuery; chatId = 1437102827; messageId = 76; text = RandomDish canRoute = True
2024-03-28 20:37:36.6043 INFO ROUTER chatId = 1437102827; State = ClickOnInlineButtonInMenuMain
2024-03-28 20:41:36.7554 INFO Выполнена инициализация Бота с токеном 7110426275:AAH7EEbnhcafTEyqkq18lb3ROQxz03KUY9E
2024-03-28 20:41:36.9816 INFO Бот запущен
2024-03-28 20:41:41.6023 INFO ВХОДЯЩЕЕ СОООБЩЕНИЕ UpdateType = CallbackQuery; chatId = 1437102827; messageId = 76; text = RandomDish canRoute = True
2024-03-28 20:41:41.6023 INFO ROUTER chatId = 1437102827; State = CommandStart
2024-03-28 20:41:41.8031 INFO ИСХОДЯЩЕЕ СОООБЩЕНИЕ chatId = 1437102827; text = Команда не распознана. Для начала работы с ботом введите /start; Keyboard = Клавиатуры в данном сообщении нет
2024-03-28 20:41:42.9387 INFO ВХОДЯЩЕЕ СОООБЩЕНИЕ UpdateType = Message; chatId = 1437102827; messageId = 78; text = /start canRoute = True
2024-03-28 20:41:42.9387 INFO ROUTER chatId = 1437102827; State = CommandStart
2024-03-28 20:41:43.0437 INFO ИСХОДЯЩЕЕ СОООБЩЕНИЕ chatId = 1437102827; text = Выберите действие; Keyboard = Создать список;Просмотреть свои списки;Получить случайное блюдо;
2024-03-28 20:41:43.7321 INFO ВХОДЯЩЕЕ СОООБЩЕНИЕ UpdateType = CallbackQuery; chatId = 1437102827; messageId = 79; text = RandomDish canRoute = True
2024-03-28 20:41:43.7321 INFO ROUTER chatId = 1437102827; State = ClickOnInlineButtonInMenuMain
2024-03-28 20:41:55.0654 INFO ИСХОДЯЩЕЕ СОООБЩЕНИЕ chatId = 1437102827; text = Случайное блюдо: Маринованная дыня со сливочным сыром и соусом из острого перца  Игредиенты: Дыня 1 кг  Лук-шалот 100 г  Свежий имбирь 60 г  Оливковое масло 30 мл  Белый винный уксус 40 мл  Мед 70 г  Шафран щепотка  Крахмал 1 столовая ложка  Вода 100 мл  Красный перец чили 2 штуки  Лемонграсс ½ стебля  Тростниковый сахар 140 г  Кукурузный крахмал 1 чайная ложка  Корень кинзы (кориандра) 1 штука  Рисовый уксус 120 мл  Сливочный сыр 100 г  Листья кинзы (кориандра) по вкусу    Рецепт: 1. Приготовить маринад. Произвольно нарезать шалот и имбирь (30 г). Разогреть в глубокой сковороде или в сотейнике 1 столовую ложку оливкового масла и обжарить лук и имбирь до золотистого цвета.  2. Влить в сковороду винный уксус и выпарить смесь наполовину.  3. Добавить в сковороду мед и шафран, дать закипеть.  4. Развести крахмал в 100 мл воды и влить в сковороду. Снова дать маринаду закипеть. Снять маринад с огня и немного остудить.  5. Дыню очистить от корки и семян, залить теплым маринадом и дать постоять в холодильнике, пока готовится соус.  6. Приготовить соус. Стебель лемонграсса очистить от засохших листьев и измельчить. Смешать с мелкорублеными чесноком и корнем имбиря.  7. Разогреть в сотейнике или глубокой сковороде 1 столовую ложку оливкового масла, выложить имбирь, лемонграсс и чеснок. Жарить, помешивая, 1 минуту.  8. Влить винный (или рисовый) уксус и выпарить до половины объема.  9. Добавить тростниковый сахар, перемешать и дать сахару раствориться. Сразу добавить 60 мл воды и вмешать разведенный в 1 столовой ложке воды крахмал. Добавить мелкорубленые корни кинзы и перец чили (семена удалить).  10. Довести соус до кипения, снять с плиты и остудить.  11. На тарелку выложить кусочки маринованной дыни. Каждый кусочек полить соусом. Рядом с дыней аккуратными горками выложить ложкой сливочный сыр. Украсить зеленью и подавать.    Выберите действие:; Keyboard = Добавить в список;
2024-03-28 20:42:14.4885 INFO ВХОДЯЩЕЕ СОООБЩЕНИЕ UpdateType = CallbackQuery; chatId = 1437102827; messageId = 80; text = AddToDishList canRoute = True
2024-03-28 20:42:14.4885 INFO ROUTER chatId = 1437102827; State = ClickOnInlineButtonInRandomDishMenu
2024-03-28 20:45:10.7087 INFO Выполнена инициализация Бота с токеном 7110426275:AAH7EEbnhcafTEyqkq18lb3ROQxz03KUY9E
2024-03-28 20:45:11.0190 INFO Бот запущен
2024-03-28 20:45:19.2739 INFO ВХОДЯЩЕЕ СОООБЩЕНИЕ UpdateType = CallbackQuery; chatId = 1437102827; messageId = 80; text = AddToDishList canRoute = True
2024-03-28 20:45:19.2739 INFO ROUTER chatId = 1437102827; State = CommandStart
2024-03-28 20:45:19.3922 INFO ИСХОДЯЩЕЕ СОООБЩЕНИЕ chatId = 1437102827; text = Команда не распознана. Для начала работы с ботом введите /start; Keyboard = Клавиатуры в данном сообщении нет
2024-03-28 20:45:20.6150 INFO ВХОДЯЩЕЕ СОООБЩЕНИЕ UpdateType = Message; chatId = 1437102827; messageId = 82; text = /start canRoute = True
2024-03-28 20:45:20.6150 INFO ROUTER chatId = 1437102827; State = CommandStart
2024-03-28 20:45:20.7993 INFO ИСХОДЯЩЕЕ СОООБЩЕНИЕ chatId = 1437102827; text = Выберите действие; Keyboard = Создать список;Просмотреть свои списки;Получить случайное блюдо;
2024-03-28 20:45:24.7744 INFO ВХОДЯЩЕЕ СОООБЩЕНИЕ UpdateType = CallbackQuery; chatId = 1437102827; messageId = 83; text = RandomDish canRoute = True
2024-03-28 20:45:24.7744 INFO ROUTER chatId = 1437102827; State = ClickOnInlineButtonInMenuMain
2024-03-28 20:45:36.9380 INFO ИСХОДЯЩЕЕ СОООБЩЕНИЕ chatId = 1437102827; text = Случайное блюдо: Пирог на скорую руку со сгущенным молоком  Игредиенты: Куриное яйцо 3 штуки  Сгущенное молоко 1 банка  Пшеничная мука 1 стакан  Маргарин 250 г  Уксус ½ чайные ложки  Сода на кончике ножа  Яблоко 3 штуки    Рецепт: 1. Взбейте яйца, добавь сгущенку и как следует перемешайте. Растопите маргарин и влейте его в смесь из яиц и сгущенки. Затем постепенно всыпайте в жидкую смесь муку, постоянно помешивая, чтобы не было комков. Затем погасите соду уксусом и влейте в тесто. Перемешайте.  2. Яблоки помойте и мелко нарежьте. Добавьте их в тесто и перемешайте (так же следует поступить с любым выбранным вами ингредиентом, заменяющим начинку). Залейте тесто в форму для выпекания, поставьте в разогретую до 200 градусов духовку и пеките до готовности.    Выберите действие:; Keyboard = Добавить в список;
2024-03-28 20:45:43.9338 INFO ВХОДЯЩЕЕ СОООБЩЕНИЕ UpdateType = CallbackQuery; chatId = 1437102827; messageId = 84; text = AddToDishList canRoute = True
2024-03-28 20:45:43.9338 INFO ROUTER chatId = 1437102827; State = ClickOnInlineButtonInRandomDishMenu
2024-03-28 20:45:44.0607 INFO ИСХОДЯЩЕЕ СОООБЩЕНИЕ chatId = 1437102827; text = Ваши списки; Keyboard = бимбам;еда 2.0;Назад;
2024-03-28 20:45:47.0215 INFO ВХОДЯЩЕЕ СОООБЩЕНИЕ UpdateType = Message; chatId = 1437102827; messageId = 86; text = бимбам canRoute = True
2024-03-28 20:45:47.0215 INFO ROUTER chatId = 1437102827; State = ClickOnReplyButtonUserLists
2024-03-28 20:45:59.3712 INFO Выполнена инициализация Бота с токеном 7110426275:AAH7EEbnhcafTEyqkq18lb3ROQxz03KUY9E
2024-03-28 20:45:59.5815 INFO Бот запущен
2024-03-28 20:46:00.3912 INFO ВХОДЯЩЕЕ СОООБЩЕНИЕ UpdateType = Message; chatId = 1437102827; messageId = 86; text = бимбам canRoute = True
2024-03-28 20:46:00.3912 INFO ROUTER chatId = 1437102827; State = CommandStart
2024-03-28 20:46:00.5787 INFO ИСХОДЯЩЕЕ СОООБЩЕНИЕ chatId = 1437102827; text = Команда не распознана. Для начала работы с ботом введите /start; Keyboard = Клавиатуры в данном сообщении нет
2024-03-28 20:46:09.9720 INFO ВХОДЯЩЕЕ СОООБЩЕНИЕ UpdateType = Message; chatId = 1437102827; messageId = 88; text = /start canRoute = True
2024-03-28 20:46:09.9720 INFO ROUTER chatId = 1437102827; State = CommandStart
2024-03-28 20:46:10.1343 INFO ИСХОДЯЩЕЕ СОООБЩЕНИЕ chatId = 1437102827; text = Выберите действие; Keyboard = Создать список;Просмотреть свои списки;Получить случайное блюдо;
2024-03-28 20:46:15.4938 INFO ВХОДЯЩЕЕ СОООБЩЕНИЕ UpdateType = CallbackQuery; chatId = 1437102827; messageId = 89; text = RandomDish canRoute = True
2024-03-28 20:46:15.4938 INFO ROUTER chatId = 1437102827; State = ClickOnInlineButtonInMenuMain
2024-03-28 20:46:27.9961 INFO ИСХОДЯЩЕЕ СОООБЩЕНИЕ chatId = 1437102827; text = Случайное блюдо: Щербет из черники  Игредиенты: Черника 500 г  Кефир 200 мл  Яичный белок 2 штуки  Сахарная пудра 300 г  Вафли 5 штук  Свежая мята по вкусу    Рецепт: 1. Переберите чернику, промойте и выложите на бумажное полотенце.  2. В блендере взбейте кефир с черникой и сахарной пудрой.  3. Отделите яичные белки и взбейте до образования пены. Добавьте в черничную массу и тщательно перемешайте.  4. Охладите в морозилке до кремообразной консистенции. Для получения однородной массы каждые 30 минут перемешивайте.  5. Готовый десерт подавайте с вафлями и мятой.    Выберите действие:; Keyboard = Добавить в список;
2024-03-28 20:46:36.1814 INFO ВХОДЯЩЕЕ СОООБЩЕНИЕ UpdateType = CallbackQuery; chatId = 1437102827; messageId = 90; text = AddToDishList canRoute = True
2024-03-28 20:46:36.1814 INFO ROUTER chatId = 1437102827; State = ClickOnInlineButtonInRandomDishMenu
2024-03-28 20:46:36.2996 INFO ИСХОДЯЩЕЕ СОООБЩЕНИЕ chatId = 1437102827; text = Ваши списки; Keyboard = бимбам;еда 2.0;Назад;
2024-03-28 20:46:37.9178 INFO ВХОДЯЩЕЕ СОООБЩЕНИЕ UpdateType = Message; chatId = 1437102827; messageId = 92; text = Назад canRoute = True
2024-03-28 20:46:37.9178 INFO ROUTER chatId = 1437102827; State = ClickOnReplyButtonUserLists
2024-03-28 20:46:38.3357 INFO ИСХОДЯЩЕЕ СОООБЩЕНИЕ chatId = 1437102827; text = Выберите действие; Keyboard = Создать список;Просмотреть свои списки;Получить случайное блюдо;
2024-03-28 20:47:04.0510 INFO ВХОДЯЩЕЕ СОООБЩЕНИЕ UpdateType = CallbackQuery; chatId = 1437102827; messageId = 94; text = RandomDish canRoute = True
2024-03-28 20:47:04.0510 INFO ROUTER chatId = 1437102827; State = ClickOnInlineButtonInMenuMain
2024-03-28 20:47:22.8519 INFO ИСХОДЯЩЕЕ СОООБЩЕНИЕ chatId = 1437102827; text = Случайное блюдо: Куриные наггетсы по-домашнему с соусом гауда  Игредиенты: Куриное филе 400 г  Сливки 200 мл  Яичный белок 1 штука  Соль по вкусу  Молотый черный перец по вкусу  Пшеничная мука 200 г  Куриное яйцо 4 штуки  Растительное масло 4 столовые ложки  Панировочные сухари 200 г  Молотый кумин (зира)  5 г  Арахисовое масло 1 л  Сыр гауда 100 г  Молоко 100 мл    Рецепт: 1. Мелко нарезать 100 г белого куриного мяса. В чаше блендера измельчить еще 300 г белого куриного мяса, смешав его со сливками и 1 яичным белком. Посолить, поперчить и переложить получившийся фарш в миску. Положить туда же кусочки куриного филе и хорошо перемешать.  2. Отмотать 25 см пищевой пленки, разложить на рабочей поверхности. На пленку выложить часть фарша и сформировать колбаску диаметром 3 см, завернуть ее в пленку, завязать на концах. Сделать несколько таких колбасок, использовав весь фарш.  3. Опустить колбаски в пленке в кастрюлю с закипающей водой и варить в течение 25 минут, следя за тем, чтобы вода больше не кипела. Извлечь колбаски, дать немного остыть и развернуть пленку. Нарезать колбаски ломтиками толщиной 1 см. Поставить в холодильник.  4. Взять 3 глубокие тарелки: в одну насыпать муку, во вторую положить яйца, оливковое масло и соль, в третью — панировку и кумин. Обваливать каждый наггетс сначала в муке, потом в яйцах и, наконец, в панировке. Повторить дважды. Отложить в сторону.  5. Для соуса в кастрюле на слабом огне растопить сыр с молоком, не давая закипеть. Поставить фондю в холодильник.  6. В кастрюле разогреть арахисовое масло, опускать в него наггетсы (в два приема), жарить и подрумянивать примерно 2–3 минуты. Дать стечь маслу и выложить наггетсы на впитывающую бумагу. Подавать горячими с соусом.    Выберите действие:; Keyboard = Добавить в список;
2024-03-28 20:47:30.5220 INFO ВХОДЯЩЕЕ СОООБЩЕНИЕ UpdateType = CallbackQuery; chatId = 1437102827; messageId = 95; text = ButtonBack canRoute = True
2024-03-28 20:47:30.5220 INFO ROUTER chatId = 1437102827; State = ClickOnInlineButtonInRandomDishMenu
2024-03-28 20:49:34.0156 INFO Выполнена инициализация Бота с токеном 7110426275:AAH7EEbnhcafTEyqkq18lb3ROQxz03KUY9E
2024-03-28 20:49:34.4529 INFO Бот запущен
2024-03-28 20:49:35.5861 INFO ВХОДЯЩЕЕ СОООБЩЕНИЕ UpdateType = CallbackQuery; chatId = 1437102827; messageId = 95; text = ButtonBack canRoute = True
2024-03-28 20:49:35.5861 INFO ROUTER chatId = 1437102827; State = CommandStart
2024-03-28 20:49:35.7153 INFO ИСХОДЯЩЕЕ СОООБЩЕНИЕ chatId = 1437102827; text = Команда не распознана. Для начала работы с ботом введите /start; Keyboard = Клавиатуры в данном сообщении нет
2024-03-28 20:49:38.3484 INFO ВХОДЯЩЕЕ СОООБЩЕНИЕ UpdateType = Message; chatId = 1437102827; messageId = 97; text = /start canRoute = True
2024-03-28 20:49:38.3484 INFO ROUTER chatId = 1437102827; State = CommandStart
2024-03-28 20:49:38.5513 INFO ИСХОДЯЩЕЕ СОООБЩЕНИЕ chatId = 1437102827; text = Выберите действие; Keyboard = Создать список;Просмотреть свои списки;Получить случайное блюдо;
2024-03-28 20:49:39.3241 INFO ВХОДЯЩЕЕ СОООБЩЕНИЕ UpdateType = CallbackQuery; chatId = 1437102827; messageId = 98; text = RandomDish canRoute = True
2024-03-28 20:49:39.3241 INFO ROUTER chatId = 1437102827; State = ClickOnInlineButtonInMenuMain
2024-03-28 20:49:50.9915 INFO ИСХОДЯЩЕЕ СОООБЩЕНИЕ chatId = 1437102827; text = Случайное блюдо: Салат из шампиньонов, ветчины, грюйера с соусом из сливок и горчицы  Игредиенты: Ветчина 300 г  Сыр грюйер 100 г  Шампиньоны 200 г  Цикорий 2 головки  Салат фризе 100 г  Латук 1 головка  Зеленый лук 50 г  Дижонская горчица 1 столовая ложка  Сливки 100 мл  Оливковое масло 50 мл  Белый винный уксус 1 столовая ложка    Рецепт: 1. Нарезать грибы на ломтики, ветчину и сыр на брусочки, цикорий нашинковать, а лук нарубить мелко.  2. Смешать горчицу венчиком с уксусом, оливковым маслом и сливками, посолить и поперчить.  3. В большой миске перемешать листья салата с сыром, грибами, ветчиной и цикорием, заправить соусом и посыпать рубленым ­луком.    Выберите действие:; Keyboard = Добавить в список;
2024-03-28 20:50:06.9761 INFO ВХОДЯЩЕЕ СОООБЩЕНИЕ UpdateType = CallbackQuery; chatId = 1437102827; messageId = 99; text = ButtonBack canRoute = True
2024-03-28 20:50:06.9761 INFO ROUTER chatId = 1437102827; State = ClickOnInlineButtonInRandomDishMenu
2024-03-28 20:50:07.5073 INFO ИСХОДЯЩЕЕ СОООБЩЕНИЕ chatId = 1437102827; text = Выберите действие; Keyboard = Создать список;Просмотреть свои списки;Получить случайное блюдо;
2024-03-28 20:50:37.2040 INFO ВХОДЯЩЕЕ СОООБЩЕНИЕ UpdateType = CallbackQuery; chatId = 1437102827; messageId = 101; text = RandomDish canRoute = True
2024-03-28 20:50:37.2040 INFO ROUTER chatId = 1437102827; State = ClickOnInlineButtonInMenuMain
2024-03-28 20:50:46.5608 INFO ИСХОДЯЩЕЕ СОООБЩЕНИЕ chatId = 1437102827; text = Случайное блюдо: Камбала в духовке  Игредиенты: Камбала 2 штуки  Лимон 1 штука  Растительное масло по вкусу  Базилик 3 веточки  Петрушка 3 веточки  Тимьян 3 веточки  Сливочное масло 50 г  Соль по вкусу  Молотый черный перец по вкусу    Рецепт: 1. Потрошеную и промытую камбалу обсушить бумажным полотенцем и сделать на коже несколько неглубоких надрезов поперек туши на темной стороне.  2. Натереть рыбу солью и перцем, сбрызнуть соком половины лимона и оставить на 15 минут.  3. Смазать противень растительным маслом, положить на него камбалу и отправить в духовку, разогретую до 220 градусов, на 12 минут.  4. Оставшийся лимон нарезать кольцами.  5. С веточек базилика оборвать листья и мелко их нарезать.  6. Так же оборвать листья с веточек тимьяна и порубить их.  7. Мелко нарубить петрушку.  8. Смешать травы с размягченным сливочным маслом.  9. Выложить на камбалу масло с зеленью и дольки лимона, вернуть в духовку еще на 2–3 минуты.    Выберите действие:; Keyboard = Добавить в список;
2024-03-28 20:50:50.4561 INFO ВХОДЯЩЕЕ СОООБЩЕНИЕ UpdateType = CallbackQuery; chatId = 1437102827; messageId = 102; text = AddToDishList canRoute = True
2024-03-28 20:50:50.4561 INFO ROUTER chatId = 1437102827; State = ClickOnInlineButtonInRandomDishMenu
2024-03-28 20:50:50.5562 INFO ИСХОДЯЩЕЕ СОООБЩЕНИЕ chatId = 1437102827; text = Ваши списки; Keyboard = бимбам;еда 2.0;Назад;
2024-03-28 20:50:52.8863 INFO ВХОДЯЩЕЕ СОООБЩЕНИЕ UpdateType = Message; chatId = 1437102827; messageId = 104; text = Назад canRoute = True
2024-03-28 20:50:52.8863 INFO ROUTER chatId = 1437102827; State = ClickOnReplyButtonUserLists
2024-03-28 20:50:53.2333 INFO ИСХОДЯЩЕЕ СОООБЩЕНИЕ chatId = 1437102827; text = Выберите действие; Keyboard = Создать список;Просмотреть свои списки;Получить случайное блюдо;
2024-03-28 21:11:04.2490 INFO Выполнена инициализация Бота с токеном 7110426275:AAH7EEbnhcafTEyqkq18lb3ROQxz03KUY9E
2024-03-28 21:11:04.4500 INFO Бот запущен
2024-03-28 21:11:07.1414 INFO ВХОДЯЩЕЕ СОООБЩЕНИЕ UpdateType = CallbackQuery; chatId = 1437102827; messageId = 106; text = Lists canRoute = True
2024-03-28 21:11:07.1414 INFO ROUTER chatId = 1437102827; State = CommandStart
2024-03-28 21:11:07.3266 INFO ИСХОДЯЩЕЕ СОООБЩЕНИЕ chatId = 1437102827; text = Команда не распознана. Для начала работы с ботом введите /start; Keyboard = Клавиатуры в данном сообщении нет
2024-03-28 21:11:09.8471 INFO ВХОДЯЩЕЕ СОООБЩЕНИЕ UpdateType = Message; chatId = 1437102827; messageId = 108; text = /start canRoute = True
2024-03-28 21:11:09.8471 INFO ROUTER chatId = 1437102827; State = CommandStart
2024-03-28 21:11:10.0871 INFO ИСХОДЯЩЕЕ СОООБЩЕНИЕ chatId = 1437102827; text = Выберите действие; Keyboard = Создать список;Просмотреть свои списки;Получить случайное блюдо;
2024-03-28 21:11:13.8394 INFO ВХОДЯЩЕЕ СОООБЩЕНИЕ UpdateType = CallbackQuery; chatId = 1437102827; messageId = 109; text = Lists canRoute = True
2024-03-28 21:11:13.8394 INFO ROUTER chatId = 1437102827; State = ClickOnInlineButtonInMenuMain
2024-03-28 21:11:15.7968 INFO ИСХОДЯЩЕЕ СОООБЩЕНИЕ chatId = 1437102827; text = Ваши списки; Keyboard = бимбам;еда 2.0;Назад;
2024-03-28 21:11:19.6495 INFO ВХОДЯЩЕЕ СОООБЩЕНИЕ UpdateType = Message; chatId = 1437102827; messageId = 111; text = бимбам canRoute = True
2024-03-28 21:11:19.6495 INFO ROUTER chatId = 1437102827; State = ClickOnInlineButtonUserLists
2024-03-28 21:11:20.0428 INFO ИСХОДЯЩЕЕ СОООБЩЕНИЕ chatId = 1437102827; text = Выбран список  бимбам  Выберите действие со списком; Keyboard = Добавить блюдо;Посмотреть блюда;Переименовать список;Удалить список;Назад;
2024-03-28 21:14:25.7017 INFO Выполнена инициализация Бота с токеном 7110426275:AAH7EEbnhcafTEyqkq18lb3ROQxz03KUY9E
2024-03-28 21:14:25.8993 INFO Бот запущен
2024-03-28 21:14:31.8789 INFO ВХОДЯЩЕЕ СОООБЩЕНИЕ UpdateType = Message; chatId = 1437102827; messageId = 114; text = /start canRoute = True
2024-03-28 21:14:31.8789 INFO ROUTER chatId = 1437102827; State = CommandStart
2024-03-28 21:14:32.0234 INFO ИСХОДЯЩЕЕ СОООБЩЕНИЕ chatId = 1437102827; text = Выберите действие; Keyboard = Создать список;Просмотреть свои списки;Получить случайное блюдо;
2024-03-28 21:14:34.3084 INFO ВХОДЯЩЕЕ СОООБЩЕНИЕ UpdateType = CallbackQuery; chatId = 1437102827; messageId = 115; text = Lists canRoute = True
2024-03-28 21:14:34.3084 INFO ROUTER chatId = 1437102827; State = ClickOnInlineButtonInMenuMain
2024-03-28 21:14:36.2238 INFO ИСХОДЯЩЕЕ СОООБЩЕНИЕ chatId = 1437102827; text = Ваши списки; Keyboard = бимбам;еда 2.0;Назад;
2024-03-28 21:14:38.6595 INFO ВХОДЯЩЕЕ СОООБЩЕНИЕ UpdateType = Message; chatId = 1437102827; messageId = 117; text = еда 2.0 canRoute = True
2024-03-28 21:14:38.6595 INFO ROUTER chatId = 1437102827; State = ClickOnInlineButtonUserLists
2024-03-28 21:14:38.9644 INFO ИСХОДЯЩЕЕ СОООБЩЕНИЕ chatId = 1437102827; text = Выбран список  еда 2.0  Выберите действие со списком; Keyboard = Добавить блюдо;Посмотреть блюда;Переименовать список;Удалить список;Назад;
2024-03-28 21:14:41.4191 INFO ВХОДЯЩЕЕ СОООБЩЕНИЕ UpdateType = CallbackQuery; chatId = 1437102827; messageId = 119; text = BackToLists canRoute = True
2024-03-28 21:14:41.4191 INFO ROUTER chatId = 1437102827; State = ClickActionButtonWithList
2024-03-28 21:14:41.7429 INFO ИСХОДЯЩЕЕ СОООБЩЕНИЕ chatId = 1437102827; text = Ваши списки; Keyboard = бимбам;еда 2.0;Назад;
2024-03-28 21:14:47.7917 INFO ВХОДЯЩЕЕ СОООБЩЕНИЕ UpdateType = Message; chatId = 1437102827; messageId = 121; text = Назад canRoute = True
2024-03-28 21:14:47.7917 INFO ROUTER chatId = 1437102827; State = ClickOnInlineButtonUserLists
2024-03-28 21:14:48.0841 INFO ИСХОДЯЩЕЕ СОООБЩЕНИЕ chatId = 1437102827; text = Выберите действие; Keyboard = Создать список;Просмотреть свои списки;Получить случайное блюдо;
2024-03-28 21:46:14.2021 INFO Выполнена инициализация Бота с токеном 7110426275:AAH7EEbnhcafTEyqkq18lb3ROQxz03KUY9E
2024-03-28 21:46:14.4953 INFO Бот запущен
2024-03-28 21:46:22.2079 INFO ВХОДЯЩЕЕ СОООБЩЕНИЕ UpdateType = Message; chatId = 1437102827; messageId = 124; text = /start canRoute = True
2024-03-28 21:46:22.2100 INFO ROUTER chatId = 1437102827; State = CommandStart
2024-03-28 21:46:22.4338 INFO ИСХОДЯЩЕЕ СОООБЩЕНИЕ chatId = 1437102827; text = Выберите действие; Keyboard = Создать список;Просмотреть свои списки;Получить случайное блюдо;
2024-03-28 21:46:23.5726 INFO ВХОДЯЩЕЕ СОООБЩЕНИЕ UpdateType = CallbackQuery; chatId = 1437102827; messageId = 125; text = RandomDish canRoute = True
2024-03-28 21:46:23.5726 INFO ROUTER chatId = 1437102827; State = ClickOnInlineButtonInMenuMain
2024-03-28 21:46:29.6548 INFO ИСХОДЯЩЕЕ СОООБЩЕНИЕ chatId = 1437102827; text = Случайное блюдо: Пресные блины с сахарным сиропом  Игредиенты: Пшеничная мука 250 г  Вода 500 мл  Куриное яйцо 2 штуки  Соль ½ чайные ложки  Сахар 100 г  Растительное масло 50 мл  Лимон 3 штуки    Рецепт: 1. Венчиком взбить муку с солью, водой и яйцами. Оставить на десять минут в холодильнике.  2. В глубокой сковороде приготовить сироп — для чего выжать в нее лимоны, смешать их с сахаром и кипятить на медленном огне до загустения.  3. Раскалить блинную сковородку, смазать ее растительным маслом и жарить на нем тонкие блинчики. Готовые блинчики сложить треугольником, полить сиропом и есть, пока теплые.    Выберите действие:; Keyboard = Добавить в список;
2024-03-28 21:46:32.1865 INFO ВХОДЯЩЕЕ СОООБЩЕНИЕ UpdateType = CallbackQuery; chatId = 1437102827; messageId = 126; text = AddToDishList canRoute = True
2024-03-28 21:46:32.1865 INFO ROUTER chatId = 1437102827; State = ClickOnInlineButtonInRandomDishMenu
2024-03-28 21:46:32.2954 INFO ИСХОДЯЩЕЕ СОООБЩЕНИЕ chatId = 1437102827; text = Ваши списки; Keyboard = бимбам;еда 2.0;Назад;
2024-03-28 21:46:33.3222 INFO ВХОДЯЩЕЕ СОООБЩЕНИЕ UpdateType = Message; chatId = 1437102827; messageId = 128; text = еда 2.0 canRoute = True
2024-03-28 21:46:33.3222 INFO ROUTER chatId = 1437102827; State = ClickOnInlineButtonUserLists
2024-03-28 21:46:33.7025 INFO ИСХОДЯЩЕЕ СОООБЩЕНИЕ chatId = 1437102827; text = Выбран список  еда 2.0  Выберите действие со списком; Keyboard = Добавить блюдо;Посмотреть блюда;Переименовать список;Удалить список;Назад;
2024-03-28 21:47:13.1253 INFO Выполнена инициализация Бота с токеном 7110426275:AAH7EEbnhcafTEyqkq18lb3ROQxz03KUY9E
2024-03-28 21:47:13.4043 INFO Бот запущен
2024-03-28 21:47:16.3583 INFO ВХОДЯЩЕЕ СОООБЩЕНИЕ UpdateType = Message; chatId = 1437102827; messageId = 131; text = /start canRoute = True
2024-03-28 21:47:16.3583 INFO ROUTER chatId = 1437102827; State = CommandStart
2024-03-28 21:47:16.4914 INFO ИСХОДЯЩЕЕ СОООБЩЕНИЕ chatId = 1437102827; text = Выберите действие; Keyboard = Создать список;Просмотреть свои списки;Получить случайное блюдо;
2024-03-28 21:47:17.5566 INFO ВХОДЯЩЕЕ СОООБЩЕНИЕ UpdateType = CallbackQuery; chatId = 1437102827; messageId = 132; text = RandomDish canRoute = True
2024-03-28 21:47:17.5566 INFO ROUTER chatId = 1437102827; State = ClickOnInlineButtonInMenuMain
2024-03-28 21:47:22.2054 INFO ИСХОДЯЩЕЕ СОООБЩЕНИЕ chatId = 1437102827; text = Случайное блюдо: Цветаевский яблочный пирог  Игредиенты: Яблоко 1 кг  Пшеничная мука 2 стакана  Сметана 1,5 банок  Сливочное масло 150 г  Уксус 1 чайная ложка  Сахар 1 стакан  Сода ½ чайные ложки  Куриное яйцо 1 штука    Рецепт: 1. Сливочное масло комнатной температуры натрите на терке и смешайте с 1,5 стаканами муки. Затем влейте в тесто полстакана сметаны и как следует перемешайте. В конце добавьте соду гашеную уксусом, перемешайте и немного помесите тесто руками. Тесто должно получиться мягкое и не прилипать к рукам.  2. Яблоки очистите от кожуры, удалите сердцевину и с помощью картофелечистки нарежьте на тонкие пластиночки, похожие на лепестки.  3. Раскатайте тесто и придайте ему форму той емкости, в которой вы будете выпекать пирог. Уложите на дно формы тесто, сверху разложите яблочные лепестки.  4. В отдельной миске смешайте 1 стакан сметаны, яйцо, сахар и 2 столовые ложки муки и слегка взбейте. Крем по консистенции должен получиться достаточно жидким. Залейте форму с тестом и яблоками кремом.  5. Разогрейте духовку до 200 градусов, поместите туда форму и выпекайте минут 50.    Выберите действие:; Keyboard = Добавить в список;
2024-03-28 21:47:23.5240 INFO ВХОДЯЩЕЕ СОООБЩЕНИЕ UpdateType = CallbackQuery; chatId = 1437102827; messageId = 133; text = AddToDishList canRoute = True
2024-03-28 21:47:23.5240 INFO ROUTER chatId = 1437102827; State = ClickOnInlineButtonInRandomDishMenu
2024-03-28 21:47:23.6490 INFO ИСХОДЯЩЕЕ СОООБЩЕНИЕ chatId = 1437102827; text = Ваши списки; Keyboard = бимбам;еда 2.0;Назад;
2024-03-28 21:47:25.5508 INFO ВХОДЯЩЕЕ СОООБЩЕНИЕ UpdateType = Message; chatId = 1437102827; messageId = 135; text = бимбам canRoute = True
2024-03-28 21:47:25.5508 INFO ROUTER chatId = 1437102827; State = ClickOnReplyButtonUserLists
2024-03-28 21:55:26.0641 INFO Выполнена инициализация Бота с токеном 7110426275:AAH7EEbnhcafTEyqkq18lb3ROQxz03KUY9E
2024-03-28 21:55:26.2783 INFO Бот запущен
2024-03-28 21:55:27.0015 INFO ВХОДЯЩЕЕ СОООБЩЕНИЕ UpdateType = Message; chatId = 1437102827; messageId = 135; text = бимбам canRoute = True
2024-03-28 21:55:27.0015 INFO ROUTER chatId = 1437102827; State = CommandStart
2024-03-28 21:55:27.1816 INFO ИСХОДЯЩЕЕ СОООБЩЕНИЕ chatId = 1437102827; text = Команда не распознана. Для начала работы с ботом введите /start; Keyboard = Клавиатуры в данном сообщении нет
2024-03-28 21:55:31.1432 INFO ВХОДЯЩЕЕ СОООБЩЕНИЕ UpdateType = Message; chatId = 1437102827; messageId = 137; text = /start canRoute = True
2024-03-28 21:55:31.1432 INFO ROUTER chatId = 1437102827; State = CommandStart
2024-03-28 21:55:31.3963 INFO ИСХОДЯЩЕЕ СОООБЩЕНИЕ chatId = 1437102827; text = Выберите действие; Keyboard = Создать список;Просмотреть свои списки;Получить случайное блюдо;
2024-03-28 21:55:57.0724 INFO ВХОДЯЩЕЕ СОООБЩЕНИЕ UpdateType = CallbackQuery; chatId = 1437102827; messageId = 138; text = RandomDish canRoute = True
2024-03-28 21:55:57.0724 INFO ROUTER chatId = 1437102827; State = ClickOnInlineButtonInMenuMain
2024-03-28 21:56:22.2490 INFO ИСХОДЯЩЕЕ СОООБЩЕНИЕ chatId = 1437102827; text = Случайное блюдо: Карпаччо из петрушки  Игредиенты: Корень петрушки 100 г  Соус мицукан 25 мл  Мирин 25 мл  Соус понзу 20 мл  Соевый соус 15 мл  Трюфельное масло 20 мл  Оливковое масло 55 мл  Петрушка 100 г  Мед 10 г  Соль по вкусу  Молотый черный перец по вкусу    Рецепт: 1. Приготовить маринад: смешать мицукан, мирин, понзу, соевый соус, трюфельное масло, 15 грамм оливкового масла и мед. Добавить соль и перец по вкусу.  2. Приготовить зеленое масло: смешать 100 грамм мелко порубленной зелени с 40 граммами оливкового масла.  3. Очищенный корень петрушки нарезать на мандолине очень тонкими дольками и разложить ровным слоем на тарелке, как обычно раскладывают карпаччо.  4. Залить корень 30 граммами маринада, а спустя 10 минут — 15 граммами зеленого масла.    Выберите действие:; Keyboard = Добавить в список;
2024-03-28 21:57:35.6598 INFO ВХОДЯЩЕЕ СОООБЩЕНИЕ UpdateType = CallbackQuery; chatId = 1437102827; messageId = 139; text = AddToDishList canRoute = True
2024-03-28 21:57:35.6598 INFO ROUTER chatId = 1437102827; State = ClickOnInlineButtonInRandomDishMenu
2024-03-28 21:57:35.8346 INFO ИСХОДЯЩЕЕ СОООБЩЕНИЕ chatId = 1437102827; text = Ваши списки; Keyboard = бимбам;еда 2.0;Назад;
2024-03-28 21:57:37.2148 INFO ВХОДЯЩЕЕ СОООБЩЕНИЕ UpdateType = Message; chatId = 1437102827; messageId = 141; text = еда 2.0 canRoute = True
2024-03-28 21:57:37.2148 INFO ROUTER chatId = 1437102827; State = ClickOnReplyButtonUserLists
2024-03-28 21:57:37.3322 INFO ИСХОДЯЩЕЕ СОООБЩЕНИЕ chatId = 1437102827; text = Введите вашу оценку блюду; Keyboard = Клавиатуры в данном сообщении нет
2024-03-28 21:57:40.8195 INFO ВХОДЯЩЕЕ СОООБЩЕНИЕ UpdateType = Message; chatId = 1437102827; messageId = 143; text = 10 canRoute = True
2024-03-28 21:57:40.8195 INFO ROUTER chatId = 1437102827; State = InputRating
2024-03-28 21:57:40.9169 INFO ИСХОДЯЩЕЕ СОООБЩЕНИЕ chatId = 1437102827; text = Введите ваш комментарий к данному блюду; Keyboard = Клавиатуры в данном сообщении нет
2024-03-28 21:57:45.5201 INFO ВХОДЯЩЕЕ СОООБЩЕНИЕ UpdateType = Message; chatId = 1437102827; messageId = 145; text = полный пиздец canRoute = True
2024-03-28 21:57:45.5201 INFO ROUTER chatId = 1437102827; State = InputComment
2024-03-28 21:57:45.6561 INFO ИСХОДЯЩЕЕ СОООБЩЕНИЕ chatId = 1437102827; text = Не больше 150 символов; Keyboard = Клавиатуры в данном сообщении нет
2024-03-28 21:57:49.3429 INFO ВХОДЯЩЕЕ СОООБЩЕНИЕ UpdateType = Message; chatId = 1437102827; messageId = 147; text = 123 canRoute = True
2024-03-28 21:57:49.3429 INFO ROUTER chatId = 1437102827; State = InputComment
2024-03-28 21:57:49.9518 INFO ИСХОДЯЩЕЕ СОООБЩЕНИЕ chatId = 1437102827; text = Блюдо Карпаччо из петрушки было добавлено в еда 2.0; Keyboard = Подтверждаю;
2024-03-28 21:58:32.4714 INFO ВХОДЯЩЕЕ СОООБЩЕНИЕ UpdateType = Message; chatId = 1437102827; messageId = 149; text = /start canRoute = True
2024-03-28 21:58:32.4714 INFO ROUTER chatId = 1437102827; State = ClickOnInlineButtonInMenuMain
2024-03-28 22:00:21.6885 INFO Выполнена инициализация Бота с токеном 7110426275:AAH7EEbnhcafTEyqkq18lb3ROQxz03KUY9E
2024-03-28 22:00:22.2389 INFO Бот запущен
2024-03-28 22:00:23.1331 INFO ВХОДЯЩЕЕ СОООБЩЕНИЕ UpdateType = Message; chatId = 1437102827; messageId = 149; text = /start canRoute = True
2024-03-28 22:00:23.1331 INFO ROUTER chatId = 1437102827; State = CommandStart
2024-03-28 22:00:23.4302 INFO ИСХОДЯЩЕЕ СОООБЩЕНИЕ chatId = 1437102827; text = Выберите действие; Keyboard = Создать список;Просмотреть свои списки;Получить случайное блюдо;
2024-03-28 22:00:29.3643 INFO ВХОДЯЩЕЕ СОООБЩЕНИЕ UpdateType = CallbackQuery; chatId = 1437102827; messageId = 150; text = Lists canRoute = True
2024-03-28 22:00:29.3643 INFO ROUTER chatId = 1437102827; State = ClickOnInlineButtonInMenuMain
2024-03-28 22:00:31.9908 INFO ИСХОДЯЩЕЕ СОООБЩЕНИЕ chatId = 1437102827; text = Ваши списки; Keyboard = бимбам;еда 2.0;Назад;
2024-03-28 22:00:33.3349 INFO ВХОДЯЩЕЕ СОООБЩЕНИЕ UpdateType = Message; chatId = 1437102827; messageId = 152; text = еда 2.0 canRoute = True
2024-03-28 22:00:33.3349 INFO ROUTER chatId = 1437102827; State = ClickOnInlineButtonUserLists
2024-03-28 22:00:33.7414 INFO ИСХОДЯЩЕЕ СОООБЩЕНИЕ chatId = 1437102827; text = Выбран список  еда 2.0  Выберите действие со списком; Keyboard = Добавить блюдо;Посмотреть блюда;Переименовать список;Удалить список;Назад;
2024-03-28 22:00:36.7915 INFO ВХОДЯЩЕЕ СОООБЩЕНИЕ UpdateType = CallbackQuery; chatId = 1437102827; messageId = 154; text = CheckDishes canRoute = True
2024-03-28 22:00:36.7915 INFO ROUTER chatId = 1437102827; State = ClickActionButtonWithList
2024-03-28 22:00:37.2189 INFO ИСХОДЯЩЕЕ СОООБЩЕНИЕ chatId = 1437102827; text = Блюда в этом списке:; Keyboard = Карпаччо из петрушки;Назад;
2024-03-28 22:00:41.8756 INFO ВХОДЯЩЕЕ СОООБЩЕНИЕ UpdateType = Message; chatId = 1437102827; messageId = 156; text = Карпаччо из петрушки canRoute = True
2024-03-28 22:00:41.8756 INFO ROUTER chatId = 1437102827; State = ClickButtonDisheInListDishesMenu
2024-03-28 22:00:42.1794 INFO ИСХОДЯЩЕЕ СОООБЩЕНИЕ chatId = 1437102827; text = Выбрано блюдо: Карпаччо из петрушки  Игредиенты: Корень петрушки 100 г  Соус мицукан 25 мл  Мирин 25 мл  Соус понзу 20 мл  Соевый соус 15 мл  Трюфельное масло 20 мл  Оливковое масло 55 мл  Петрушка 100 г  Мед 10 г  Соль по вкусу  Молотый черный перец по вкусу    Рецепт: 1. Приготовить маринад: смешать мицукан, мирин, понзу, соевый соус, трюфельное масло, 15 грамм оливкового масла и мед. Добавить соль и перец по вкусу.  2. Приготовить зеленое масло: смешать 100 грамм мелко порубленной зелени с 40 граммами оливкового масла.  3. Очищенный корень петрушки нарезать на мандолине очень тонкими дольками и разложить ровным слоем на тарелке, как обычно раскладывают карпаччо.  4. Залить корень 30 граммами маринада, а спустя 10 минут — 15 граммами зеленого масла.    Ваша оценка: 10 Ваш комментарий: 123  Выберите действие:; Keyboard = Изменить;
2024-03-28 22:00:53.7206 INFO ВХОДЯЩЕЕ СОООБЩЕНИЕ UpdateType = CallbackQuery; chatId = 1437102827; messageId = 158; text = BackToListOfDishes canRoute = True
2024-03-28 22:00:53.7206 INFO ROUTER chatId = 1437102827; State = ClickInlineButtonInActionWithDishMenu
2024-03-28 22:00:53.8245 INFO ИСХОДЯЩЕЕ СОООБЩЕНИЕ chatId = 1437102827; text = Блюда в этом списке:; Keyboard = Карпаччо из петрушки;Назад;
2024-03-28 22:00:55.4133 INFO ВХОДЯЩЕЕ СОООБЩЕНИЕ UpdateType = Message; chatId = 1437102827; messageId = 160; text = Назад canRoute = True
2024-03-28 22:00:55.4133 INFO ROUTER chatId = 1437102827; State = ClickButtonDisheInListDishesMenu
2024-03-28 22:00:55.6922 INFO ИСХОДЯЩЕЕ СОООБЩЕНИЕ chatId = 1437102827; text = Выбран список  еда 2.0  Выберите действие со списком; Keyboard = Добавить блюдо;Посмотреть блюда;Переименовать список;Удалить список;Назад;
2024-03-28 22:00:58.4547 INFO ВХОДЯЩЕЕ СОООБЩЕНИЕ UpdateType = CallbackQuery; chatId = 1437102827; messageId = 162; text = BackToLists canRoute = True
2024-03-28 22:00:58.4547 INFO ROUTER chatId = 1437102827; State = ClickActionButtonWithList
2024-03-28 22:00:58.5755 INFO ИСХОДЯЩЕЕ СОООБЩЕНИЕ chatId = 1437102827; text = Ваши списки; Keyboard = бимбам;еда 2.0;Назад;
2024-03-28 22:01:00.2154 INFO ВХОДЯЩЕЕ СОООБЩЕНИЕ UpdateType = Message; chatId = 1437102827; messageId = 164; text = Назад canRoute = True
2024-03-28 22:01:00.2154 INFO ROUTER chatId = 1437102827; State = ClickOnInlineButtonUserLists
2024-03-28 22:01:00.5451 INFO ИСХОДЯЩЕЕ СОООБЩЕНИЕ chatId = 1437102827; text = Выберите действие; Keyboard = Создать список;Просмотреть свои списки;Получить случайное блюдо;
2024-03-28 22:01:09.8936 INFO ВХОДЯЩЕЕ СОООБЩЕНИЕ UpdateType = CallbackQuery; chatId = 1437102827; messageId = 166; text = RandomDish canRoute = True
2024-03-28 22:01:09.8936 INFO ROUTER chatId = 1437102827; State = ClickOnInlineButtonInMenuMain
2024-03-28 22:01:15.4458 INFO ИСХОДЯЩЕЕ СОООБЩЕНИЕ chatId = 1437102827; text = Случайное блюдо: Цукаты из тыквы  Игредиенты: Тыква 500 г  Сахар 250 г  Палочки корицы 1 штука  Апельсины 1 штука  Сахарная пудра 10 г  Картофельный крахмал 10 г    Рецепт: 1. Подготовить все ингредиенты.  2. Тыкву очистить от кожуры и семян и нарезать ее кубиками со стороной около 1 см.  3. Переложить тыкву в кастрюлю и засыпать сахаром. Оставить на 2 часа, чтобы выделился сок.  4. Когда сахар растает и выделится сироп, добавить в кастрюлю цедру апельсина.  5. Затем туда же выдавить апельсиновый сок и добавить палочку корицы.  6. Поставить на огонь. Как только сироп закипит, убавить огонь ниже среднего значения и варить 5 минут. Затем оставить на 3–4 часа при комнатной температуре, чтобы сироп полностью остыл.  7. Снова поставить цукаты на огонь, поварить 5 минут и оставить на 3–4 часа. Повторить эту процедуру еще раз.  8. После того как сироп остынет в третий раз, слить его (можно сохранить его, чтобы добавлять, например, в каши вместо сахара).  9. Цукаты выложить на пергамент и подсушить в духовке при 50 градусах в режиме конвекции в течение 2–3 часов либо при комнатной температуре в течение 3 дней, периодически переворачивая.  10. Смешать сахарную пудру и крахмал и присыпать смесью готовые цукаты. Это позволит цукатам не слипаться при хранении.  11. Хранить цукаты из тыквы в плотно закрытой банке в сухом месте. Подавать к чаю.    Выберите действие:; Keyboard = Добавить в список;
2024-03-28 22:01:17.1879 INFO ВХОДЯЩЕЕ СОООБЩЕНИЕ UpdateType = CallbackQuery; chatId = 1437102827; messageId = 167; text = AddToDishList canRoute = True
2024-03-28 22:01:17.1879 INFO ROUTER chatId = 1437102827; State = ClickOnInlineButtonInRandomDishMenu
2024-03-28 22:01:17.3191 INFO ИСХОДЯЩЕЕ СОООБЩЕНИЕ chatId = 1437102827; text = Ваши списки; Keyboard = бимбам;еда 2.0;Назад;
2024-03-28 22:01:18.1843 INFO ВХОДЯЩЕЕ СОООБЩЕНИЕ UpdateType = Message; chatId = 1437102827; messageId = 169; text = еда 2.0 canRoute = True
2024-03-28 22:01:18.1843 INFO ROUTER chatId = 1437102827; State = ClickOnReplyButtonUserLists
2024-03-28 22:01:18.2843 INFO ИСХОДЯЩЕЕ СОООБЩЕНИЕ chatId = 1437102827; text = Введите вашу оценку блюду; Keyboard = Клавиатуры в данном сообщении нет
2024-03-28 22:01:20.9775 INFO ВХОДЯЩЕЕ СОООБЩЕНИЕ UpdateType = Message; chatId = 1437102827; messageId = 171; text = 5 canRoute = True
2024-03-28 22:01:20.9775 INFO ROUTER chatId = 1437102827; State = InputRating
2024-03-28 22:01:21.1485 INFO ИСХОДЯЩЕЕ СОООБЩЕНИЕ chatId = 1437102827; text = Введите ваш комментарий к данному блюду; Keyboard = Клавиатуры в данном сообщении нет
2024-03-28 22:01:29.2773 INFO ВХОДЯЩЕЕ СОООБЩЕНИЕ UpdateType = Message; chatId = 1437102827; messageId = 173; text = пизда сука блять canRoute = True
2024-03-28 22:01:29.2773 INFO ROUTER chatId = 1437102827; State = InputComment
2024-03-28 22:01:29.3794 INFO ИСХОДЯЩЕЕ СОООБЩЕНИЕ chatId = 1437102827; text = Не больше 150 символов; Keyboard = Клавиатуры в данном сообщении нет
2024-03-28 22:01:37.4511 INFO ВХОДЯЩЕЕ СОООБЩЕНИЕ UpdateType = Message; chatId = 1437102827; messageId = 175; text = ам ам canRoute = True
2024-03-28 22:01:37.4511 INFO ROUTER chatId = 1437102827; State = InputComment
2024-03-28 22:01:37.8454 INFO ИСХОДЯЩЕЕ СОООБЩЕНИЕ chatId = 1437102827; text = Блюдо Цукаты из тыквы было добавлено в еда 2.0; Keyboard = Клавиатуры в данном сообщении нет
2024-03-28 22:01:53.5821 INFO ВХОДЯЩЕЕ СОООБЩЕНИЕ UpdateType = Message; chatId = 1437102827; messageId = 177; text = /reset canRoute = True
2024-03-28 22:01:53.5821 INFO ROUTER chatId = 1437102827; State = CommandStart
2024-03-28 22:01:53.6873 INFO ИСХОДЯЩЕЕ СОООБЩЕНИЕ chatId = 1437102827; text = Выберите действие; Keyboard = Создать список;Просмотреть свои списки;Получить случайное блюдо;
2024-03-28 22:08:25.7085 INFO Выполнена инициализация Бота с токеном 7110426275:AAH7EEbnhcafTEyqkq18lb3ROQxz03KUY9E
2024-03-28 22:08:25.9407 INFO Бот запущен
2024-03-28 22:08:32.4481 INFO ВХОДЯЩЕЕ СОООБЩЕНИЕ UpdateType = CallbackQuery; chatId = 1437102827; messageId = 178; text = RandomDish canRoute = True
2024-03-28 22:08:32.4481 INFO ROUTER chatId = 1437102827; State = CommandStart
2024-03-28 22:08:32.5769 INFO ИСХОДЯЩЕЕ СОООБЩЕНИЕ chatId = 1437102827; text = Команда не распознана. Для начала работы с ботом введите /start; Keyboard = Клавиатуры в данном сообщении нет
2024-03-28 22:08:33.7508 INFO ВХОДЯЩЕЕ СОООБЩЕНИЕ UpdateType = Message; chatId = 1437102827; messageId = 180; text = /start canRoute = True
2024-03-28 22:08:33.7508 INFO ROUTER chatId = 1437102827; State = CommandStart
2024-03-28 22:08:33.8563 INFO ИСХОДЯЩЕЕ СОООБЩЕНИЕ chatId = 1437102827; text = Выберите действие; Keyboard = Создать список;Просмотреть свои списки;Получить случайное блюдо;
2024-03-28 22:08:34.3692 INFO ВХОДЯЩЕЕ СОООБЩЕНИЕ UpdateType = CallbackQuery; chatId = 1437102827; messageId = 181; text = RandomDish canRoute = True
2024-03-28 22:08:34.3692 INFO ROUTER chatId = 1437102827; State = ClickOnInlineButtonInMenuMain
2024-03-28 22:08:49.7548 INFO ИСХОДЯЩЕЕ СОООБЩЕНИЕ chatId = 1437102827; text = Случайное блюдо: Пельмени с индейкой  Игредиенты: Пшеничная мука 355 г  Куриное яйцо 1 штука  Молоко 200 мл  Растительное масло 30 мл  Сливочное масло 80 г  Белый лук 100 г  Чеснок 2 зубчика  Укроп 20 г  Петрушка 20 г  Соль по вкусу  Молотый черный перец по вкусу  Душистый перец горошком 5 штук  Лавровый лист 1 штука  Сметана по вкусу  Зелень по вкусу  Фарш из индейки 450 г    Рецепт: 1. Подготовить все ингредиенты. Сливочное масло убрать в морозилку.  2. В чашу миксера просеять муку, добавить к ней яйцо, молоко, растительное масло и щепотку соли.  3. Замесить тесто насадкой крюком. Когда все ингредиенты соединятся, домесить тесто на столе вручную.  4. Выложить тесто на чистую поверхность, слегка подпыленную мукой, сложить его несколько раз, стараясь надавливать на него всем весом своего тела. Затем сформовать из теста шар, подворачивая края под него, обернуть пленкой и отправить в холодильник, пока подготавливается фарш.  5. Очень мелко нарезать белый лук, петрушку и укроп мелко нарубить.  6. Подмороженное масло (40 г) натереть на мелкой терке.  7. Добавить к фаршу индейки масло, лук и чеснок, пропущенный через пресс. Туда же добавить зелень, оставив немного для подачи.  8. Посолить и поперчить фарш, а также добавить немного воды, 30–50 мл. Все хорошо перемешать. Вода нужна, чтобы внутри пельменей получился бульон.  9. Раскатать тесто в тонкий пласт и вырезать из него кружочки с помощью стакана или кондитерского кольца. Обрезки теста собрать в ком и убрать под пленку.  10. На кружки теста выложить ложкой фарш, сложить тесто пополам и плотно защипить края.  11. Уголки теста соединить вместе, получив круглый пельмешек. Таким образом слепить все пельмени. Их можно выложить на присыпанные мукой блюда и заморозить на будущее.  12. В большой кастрюле вскипятить воду, добавив в нее соль, лавровый лист и душистый перец.  13. В кипящую воду выложить пельмени, снова довести до кипения, дождаться, когда они всплывут, и варить еще 3–5 минут.  14. Выложить пельмени с индейкой на тарелку или общее блюдо, перемешать со сливочным маслом и украсить рубленой зеленью. Подавать со сметаной.    Выберите действие:; Keyboard = Добавить в список;
2024-03-28 22:09:00.7238 INFO ВХОДЯЩЕЕ СОООБЩЕНИЕ UpdateType = CallbackQuery; chatId = 1437102827; messageId = 182; text = AddToDishList canRoute = True
2024-03-28 22:09:00.7238 INFO ROUTER chatId = 1437102827; State = ClickOnInlineButtonInRandomDishMenu
2024-03-28 22:09:00.8335 INFO ИСХОДЯЩЕЕ СОООБЩЕНИЕ chatId = 1437102827; text = Ваши списки; Keyboard = бимбам;еда 2.0;Назад;
2024-03-28 22:09:01.8787 INFO ВХОДЯЩЕЕ СОООБЩЕНИЕ UpdateType = Message; chatId = 1437102827; messageId = 184; text = еда 2.0 canRoute = True
2024-03-28 22:09:01.8787 INFO ROUTER chatId = 1437102827; State = ClickOnReplyButtonUserLists
2024-03-28 22:09:02.0873 INFO ИСХОДЯЩЕЕ СОООБЩЕНИЕ chatId = 1437102827; text = Введите вашу оценку блюду; Keyboard = Клавиатуры в данном сообщении нет
2024-03-28 22:09:07.8074 INFO ВХОДЯЩЕЕ СОООБЩЕНИЕ UpdateType = Message; chatId = 1437102827; messageId = 186; text = 8 canRoute = True
2024-03-28 22:09:07.8074 INFO ROUTER chatId = 1437102827; State = InputRating
2024-03-28 22:09:07.9087 INFO ИСХОДЯЩЕЕ СОООБЩЕНИЕ chatId = 1437102827; text = Введите ваш комментарий к данному блюду; Keyboard = Клавиатуры в данном сообщении нет
2024-03-28 22:09:14.8189 INFO ВХОДЯЩЕЕ СОООБЩЕНИЕ UpdateType = Message; chatId = 1437102827; messageId = 188; text = пам парам canRoute = True
2024-03-28 22:09:14.8189 INFO ROUTER chatId = 1437102827; State = InputComment
2024-03-28 22:09:15.4295 INFO ИСХОДЯЩЕЕ СОООБЩЕНИЕ chatId = 1437102827; text = Блюдо Пельмени с индейкой было добавлено в еда 2.0Выберите действие; Keyboard = Создать список;Просмотреть свои списки;Получить случайное блюдо;
2024-03-28 22:11:28.5008 INFO Выполнена инициализация Бота с токеном 7110426275:AAH7EEbnhcafTEyqkq18lb3ROQxz03KUY9E
2024-03-28 22:11:28.7407 INFO Бот запущен
2024-03-28 22:11:31.4369 INFO ВХОДЯЩЕЕ СОООБЩЕНИЕ UpdateType = CallbackQuery; chatId = 1437102827; messageId = 189; text = RandomDish canRoute = True
2024-03-28 22:11:31.4369 INFO ROUTER chatId = 1437102827; State = CommandStart
2024-03-28 22:11:31.5592 INFO ИСХОДЯЩЕЕ СОООБЩЕНИЕ chatId = 1437102827; text = Команда не распознана. Для начала работы с ботом введите /start; Keyboard = Клавиатуры в данном сообщении нет
2024-03-28 22:11:32.4104 INFO ВХОДЯЩЕЕ СОООБЩЕНИЕ UpdateType = Message; chatId = 1437102827; messageId = 191; text = /start canRoute = True
2024-03-28 22:11:32.4104 INFO ROUTER chatId = 1437102827; State = CommandStart
2024-03-28 22:11:32.5138 INFO ИСХОДЯЩЕЕ СОООБЩЕНИЕ chatId = 1437102827; text = Выберите действие; Keyboard = Создать список;Просмотреть свои списки;Получить случайное блюдо;
2024-03-28 22:11:33.4382 INFO ВХОДЯЩЕЕ СОООБЩЕНИЕ UpdateType = CallbackQuery; chatId = 1437102827; messageId = 192; text = RandomDish canRoute = True
2024-03-28 22:11:33.4382 INFO ROUTER chatId = 1437102827; State = ClickOnInlineButtonInMenuMain
2024-03-28 22:11:39.7777 INFO ИСХОДЯЩЕЕ СОООБЩЕНИЕ chatId = 1437102827; text = Случайное блюдо: Картофельная запеканка  Игредиенты: Картофель 1,5 кг  Мясной фарш 500 г  Репчатый лук 250 г  Чеснок 2 зубчика  Сливочное масло 50 г  Куриное яйцо 1 штука  Растительное масло 30 мл  Твердый сыр 70 г  Мускатный орех по вкусу  Прованские травы по вкусу  Соль по вкусу  Молотый черный перец по вкусу    Рецепт: 1. Картофель очистить и нарезать кусочками одинакового размера. Чем мельче кусочки, тем быстрее он сварится. Залить водой и варить до готовности.  2. Из готового картофеля слить воду, добавить к нему масло и размять до состояния однородного пюре. Можно воспользоваться специальной мельницей для картофеля, в таком случае масло нужно добавлять после. Добавить соль и мускатный орех и дать пюре остыть.  3. На сковороде разогреть растительное масло и обжарить на нем измельченный лук до золотистого цвета. Добавить к луку измельченный чеснок, помешать в течение 30 секунд, затем добавить фарш и обжарить до готовности. В конце посолить и поперчить по вкусу, добавить травы и хорошо перемешать.  4. Вмешать в остывшее пюре яйцо. В жаропрочную форму выложить половину пюре и равномерно распределить его по форме, на него выложить слой фарша, закрыть оставшимся пюре.  5. Посыпать запеканку тертым сыром и отправить в духовку, разогретую до 200 градусов, на 15–20 минут. Пока сыр не образует золотистую корочку.    Выберите действие:; Keyboard = Добавить в список;
2024-03-28 22:11:41.0070 INFO ВХОДЯЩЕЕ СОООБЩЕНИЕ UpdateType = CallbackQuery; chatId = 1437102827; messageId = 193; text = AddToDishList canRoute = True
2024-03-28 22:11:41.0070 INFO ROUTER chatId = 1437102827; State = ClickOnInlineButtonInRandomDishMenu
2024-03-28 22:11:41.1146 INFO ИСХОДЯЩЕЕ СОООБЩЕНИЕ chatId = 1437102827; text = Ваши списки; Keyboard = бимбам;еда 2.0;Назад;
2024-03-28 22:11:42.3569 INFO ВХОДЯЩЕЕ СОООБЩЕНИЕ UpdateType = Message; chatId = 1437102827; messageId = 195; text = еда 2.0 canRoute = True
2024-03-28 22:11:42.3569 INFO ROUTER chatId = 1437102827; State = ClickOnReplyButtonUserLists
2024-03-28 22:11:42.4820 INFO ИСХОДЯЩЕЕ СОООБЩЕНИЕ chatId = 1437102827; text = Введите вашу оценку блюду; Keyboard = Клавиатуры в данном сообщении нет
2024-03-28 22:11:48.1705 INFO ВХОДЯЩЕЕ СОООБЩЕНИЕ UpdateType = Message; chatId = 1437102827; messageId = 197; text = 2 canRoute = True
2024-03-28 22:11:48.1705 INFO ROUTER chatId = 1437102827; State = InputRating
2024-03-28 22:11:48.2651 INFO ИСХОДЯЩЕЕ СОООБЩЕНИЕ chatId = 1437102827; text = Введите ваш комментарий к данному блюду; Keyboard = Клавиатуры в данном сообщении нет
2024-03-28 22:11:54.9387 INFO ВХОДЯЩЕЕ СОООБЩЕНИЕ UpdateType = Message; chatId = 1437102827; messageId = 199; text = не парам пам canRoute = True
2024-03-28 22:11:54.9387 INFO ROUTER chatId = 1437102827; State = InputComment
2024-03-28 22:11:55.4775 INFO ИСХОДЯЩЕЕ СОООБЩЕНИЕ chatId = 1437102827; text = Блюдо Картофельная запеканка было добавлено в еда 2.0FavouriteDishBot.Bot.BotMessage; Keyboard = Клавиатуры в данном сообщении нет
2024-03-28 22:12:02.4984 INFO ВХОДЯЩЕЕ СОООБЩЕНИЕ UpdateType = Message; chatId = 1437102827; messageId = 201; text = /reset canRoute = True
2024-03-28 22:12:02.4984 INFO ROUTER chatId = 1437102827; State = CommandStart
2024-03-28 22:12:02.6036 INFO ИСХОДЯЩЕЕ СОООБЩЕНИЕ chatId = 1437102827; text = Выберите действие; Keyboard = Создать список;Просмотреть свои списки;Получить случайное блюдо;
2024-03-28 22:15:07.7358 INFO Выполнена инициализация Бота с токеном 7110426275:AAH7EEbnhcafTEyqkq18lb3ROQxz03KUY9E
2024-03-28 22:15:07.9535 INFO Бот запущен
2024-03-28 22:15:10.4226 INFO ВХОДЯЩЕЕ СОООБЩЕНИЕ UpdateType = CallbackQuery; chatId = 1437102827; messageId = 202; text = RandomDish canRoute = True
2024-03-28 22:15:10.4337 INFO ROUTER chatId = 1437102827; State = CommandStart
2024-03-28 22:15:10.6022 INFO ИСХОДЯЩЕЕ СОООБЩЕНИЕ chatId = 1437102827; text = Команда не распознана. Для начала работы с ботом введите /start; Keyboard = Клавиатуры в данном сообщении нет
2024-03-28 22:15:11.5903 INFO ВХОДЯЩЕЕ СОООБЩЕНИЕ UpdateType = Message; chatId = 1437102827; messageId = 204; text = /start canRoute = True
2024-03-28 22:15:11.5903 INFO ROUTER chatId = 1437102827; State = CommandStart
2024-03-28 22:15:11.7574 INFO ИСХОДЯЩЕЕ СОООБЩЕНИЕ chatId = 1437102827; text = Выберите действие; Keyboard = Создать список;Просмотреть свои списки;Получить случайное блюдо;
2024-03-28 22:15:12.2319 INFO ВХОДЯЩЕЕ СОООБЩЕНИЕ UpdateType = CallbackQuery; chatId = 1437102827; messageId = 205; text = RandomDish canRoute = True
2024-03-28 22:15:12.2319 INFO ROUTER chatId = 1437102827; State = ClickOnInlineButtonInMenuMain
2024-03-28 22:15:20.1583 INFO ИСХОДЯЩЕЕ СОООБЩЕНИЕ chatId = 1437102827; text = Случайное блюдо: Яблочный пирог простой  Игредиенты: Пшеничная мука 1 стакан  Сахар 1 стакан  Гашеная сода на кончике ножа  Яблоко 3 штуки  Куриное яйцо 3 штуки    Рецепт: 1. Яйца с помощью миксера смешать с сахаром. Добавить муку и соду. Тесто должно получиться жидкое.  2. Яблоки нарезать мелкими кубиками.  3. Форму смазать сливочным маслом. Выложить на дно яблоки, сверху залить тестом и поставить в духовку.  4. Выпекать 20–25 минут при температуре 180 градусов.    Выберите действие:; Keyboard = Добавить в список;
2024-03-28 22:15:24.1610 INFO ВХОДЯЩЕЕ СОООБЩЕНИЕ UpdateType = CallbackQuery; chatId = 1437102827; messageId = 206; text = AddToDishList canRoute = True
2024-03-28 22:15:24.1610 INFO ROUTER chatId = 1437102827; State = ClickOnInlineButtonInRandomDishMenu
2024-03-28 22:15:24.3026 INFO ИСХОДЯЩЕЕ СОООБЩЕНИЕ chatId = 1437102827; text = Ваши списки; Keyboard = бимбам;еда 2.0;Назад;
2024-03-28 22:15:25.4257 INFO ВХОДЯЩЕЕ СОООБЩЕНИЕ UpdateType = Message; chatId = 1437102827; messageId = 208; text = еда 2.0 canRoute = True
2024-03-28 22:15:25.4257 INFO ROUTER chatId = 1437102827; State = ClickOnReplyButtonUserLists
2024-03-28 22:15:25.6521 INFO ИСХОДЯЩЕЕ СОООБЩЕНИЕ chatId = 1437102827; text = Введите вашу оценку блюду; Keyboard = Клавиатуры в данном сообщении нет
2024-03-28 22:15:28.6675 INFO ВХОДЯЩЕЕ СОООБЩЕНИЕ UpdateType = Message; chatId = 1437102827; messageId = 210; text = 4 canRoute = True
2024-03-28 22:15:28.6675 INFO ROUTER chatId = 1437102827; State = InputRating
2024-03-28 22:15:28.7831 INFO ИСХОДЯЩЕЕ СОООБЩЕНИЕ chatId = 1437102827; text = Введите ваш комментарий к данному блюду; Keyboard = Клавиатуры в данном сообщении нет
2024-03-28 22:15:31.0813 INFO ВХОДЯЩЕЕ СОООБЩЕНИЕ UpdateType = Message; chatId = 1437102827; messageId = 212; text = [eq canRoute = True
2024-03-28 22:15:31.0813 INFO ROUTER chatId = 1437102827; State = InputComment
2024-03-28 22:15:31.6559 INFO ИСХОДЯЩЕЕ СОООБЩЕНИЕ chatId = 1437102827; text = Выберите действие; Keyboard = Создать список;Просмотреть свои списки;Получить случайное блюдо;
2024-03-28 22:15:37.5305 INFO ВХОДЯЩЕЕ СОООБЩЕНИЕ UpdateType = CallbackQuery; chatId = 1437102827; messageId = 213; text = Lists canRoute = True
2024-03-28 22:15:37.5305 INFO ROUTER chatId = 1437102827; State = ClickOnInlineButtonInMenuMain
2024-03-28 22:15:37.6319 INFO ИСХОДЯЩЕЕ СОООБЩЕНИЕ chatId = 1437102827; text = Ваши списки; Keyboard = бимбам;еда 2.0;Назад;
2024-03-28 22:15:38.6223 INFO ВХОДЯЩЕЕ СОООБЩЕНИЕ UpdateType = Message; chatId = 1437102827; messageId = 215; text = еда 2.0 canRoute = True
2024-03-28 22:15:38.6223 INFO ROUTER chatId = 1437102827; State = ClickOnInlineButtonUserLists
2024-03-28 22:15:38.9742 INFO ИСХОДЯЩЕЕ СОООБЩЕНИЕ chatId = 1437102827; text = Выбран список  еда 2.0  Выберите действие со списком; Keyboard = Добавить блюдо;Посмотреть блюда;Переименовать список;Удалить список;Назад;
2024-03-28 22:15:42.7508 INFO ВХОДЯЩЕЕ СОООБЩЕНИЕ UpdateType = CallbackQuery; chatId = 1437102827; messageId = 217; text = CheckDishes canRoute = True
2024-03-28 22:15:42.7508 INFO ROUTER chatId = 1437102827; State = ClickActionButtonWithList
2024-03-28 22:15:42.9126 INFO ИСХОДЯЩЕЕ СОООБЩЕНИЕ chatId = 1437102827; text = Блюда в этом списке:; Keyboard = Карпаччо из петрушки;Цукаты из тыквы;Пельмени с индейкой;Картофельная запеканка;Яблочный пирог простой;Назад;
2024-03-28 22:15:46.4280 INFO ВХОДЯЩЕЕ СОООБЩЕНИЕ UpdateType = Message; chatId = 1437102827; messageId = 219; text = Яблочный пирог простой canRoute = True
2024-03-28 22:15:46.4280 INFO ROUTER chatId = 1437102827; State = ClickButtonDisheInListDishesMenu
2024-03-28 22:15:46.8345 INFO ИСХОДЯЩЕЕ СОООБЩЕНИЕ chatId = 1437102827; text = Выбрано блюдо: Яблочный пирог простой  Игредиенты: Пшеничная мука 1 стакан  Сахар 1 стакан  Гашеная сода на кончике ножа  Яблоко 3 штуки  Куриное яйцо 3 штуки    Рецепт: 1. Яйца с помощью миксера смешать с сахаром. Добавить муку и соду. Тесто должно получиться жидкое.  2. Яблоки нарезать мелкими кубиками.  3. Форму смазать сливочным маслом. Выложить на дно яблоки, сверху залить тестом и поставить в духовку.  4. Выпекать 20–25 минут при температуре 180 градусов.    Ваша оценка: 4 Ваш комментарий: [eq  Выберите действие:; Keyboard = Изменить;
2024-03-28 22:15:50.2917 INFO ВХОДЯЩЕЕ СОООБЩЕНИЕ UpdateType = CallbackQuery; chatId = 1437102827; messageId = 221; text = BackToListOfDishes canRoute = True
2024-03-28 22:15:50.2917 INFO ROUTER chatId = 1437102827; State = ClickInlineButtonInActionWithDishMenu
2024-03-28 22:15:50.3941 INFO ИСХОДЯЩЕЕ СОООБЩЕНИЕ chatId = 1437102827; text = Блюда в этом списке:; Keyboard = Карпаччо из петрушки;Цукаты из тыквы;Пельмени с индейкой;Картофельная запеканка;Яблочный пирог простой;Назад;
2024-03-28 22:15:51.8854 INFO ВХОДЯЩЕЕ СОООБЩЕНИЕ UpdateType = Message; chatId = 1437102827; messageId = 223; text = Назад canRoute = True
2024-03-28 22:15:51.8854 INFO ROUTER chatId = 1437102827; State = ClickButtonDisheInListDishesMenu
2024-03-28 22:15:52.3966 INFO ИСХОДЯЩЕЕ СОООБЩЕНИЕ chatId = 1437102827; text = Выбран список  еда 2.0  Выберите действие со списком; Keyboard = Добавить блюдо;Посмотреть блюда;Переименовать список;Удалить список;Назад;
2024-03-28 22:48:30.1314 INFO Выполнена инициализация Бота с токеном 7110426275:AAH7EEbnhcafTEyqkq18lb3ROQxz03KUY9E
2024-03-28 22:48:30.4530 INFO Бот запущен
2024-03-28 22:48:37.2715 INFO ВХОДЯЩЕЕ СОООБЩЕНИЕ UpdateType = Message; chatId = 1437102827; messageId = 226; text = /reset canRoute = True
2024-03-28 22:48:37.2734 INFO ROUTER chatId = 1437102827; State = CommandStart
2024-03-28 22:48:37.4479 INFO ИСХОДЯЩЕЕ СОООБЩЕНИЕ chatId = 1437102827; text = Выберите действие; Keyboard = Создать список;Просмотреть свои списки;Получить случайное блюдо;
2024-03-28 22:48:39.0415 INFO ВХОДЯЩЕЕ СОООБЩЕНИЕ UpdateType = Message; chatId = 1437102827; messageId = 228; text = /start canRoute = True
2024-03-28 22:48:39.0415 INFO ROUTER chatId = 1437102827; State = ClickOnInlineButtonInMenuMain
2024-03-28 22:51:15.7442 INFO Выполнена инициализация Бота с токеном 7110426275:AAH7EEbnhcafTEyqkq18lb3ROQxz03KUY9E
2024-03-28 22:51:15.9612 INFO Бот запущен
2024-03-28 22:51:16.8181 INFO ВХОДЯЩЕЕ СОООБЩЕНИЕ UpdateType = Message; chatId = 1437102827; messageId = 228; text = /start canRoute = True
2024-03-28 22:51:16.8197 INFO ROUTER chatId = 1437102827; State = CommandStart
2024-03-28 22:51:17.0481 INFO ИСХОДЯЩЕЕ СОООБЩЕНИЕ chatId = 1437102827; text = Выберите действие; Keyboard = Создать список;Просмотреть свои списки;Получить случайное блюдо;
2024-03-28 22:51:24.2731 INFO ВХОДЯЩЕЕ СОООБЩЕНИЕ UpdateType = Message; chatId = 1437102827; messageId = 230; text = /start canRoute = True
2024-03-28 22:51:24.2731 INFO ROUTER chatId = 1437102827; State = ClickOnInlineButtonInMenuMain
2024-03-28 22:56:23.4238 INFO Выполнена инициализация Бота с токеном 7110426275:AAH7EEbnhcafTEyqkq18lb3ROQxz03KUY9E
2024-03-28 22:56:23.6949 INFO Бот запущен
2024-03-28 22:56:24.4525 INFO ВХОДЯЩЕЕ СОООБЩЕНИЕ UpdateType = Message; chatId = 1437102827; messageId = 230; text = /start canRoute = True
2024-03-28 22:56:24.4525 INFO ROUTER chatId = 1437102827; State = CommandStart
2024-03-28 22:56:24.7266 INFO ИСХОДЯЩЕЕ СОООБЩЕНИЕ chatId = 1437102827; text = Выберите действие; Keyboard = Создать список;Просмотреть свои списки;Получить случайное блюдо;
2024-03-28 22:56:28.0773 INFO ВХОДЯЩЕЕ СОООБЩЕНИЕ UpdateType = CallbackQuery; chatId = 1437102827; messageId = 231; text = RandomDish canRoute = True
2024-03-28 22:56:28.0773 INFO ROUTER chatId = 1437102827; State = ClickOnInlineButtonInMenuMain
2024-03-28 22:56:43.6587 INFO ИСХОДЯЩЕЕ СОООБЩЕНИЕ chatId = 1437102827; text = Случайное блюдо: Тыквенные блинчики с корицей  Игредиенты: Тыква 400 г  Куриное яйцо 2 штуки  Пшеничная мука 170 г  Молоко 100 мл  Молотая корица по вкусу  Разрыхлитель ½ чайные ложки  Молотый черный перец по вкусу  Соль по вкусу  Ванилин по вкусу  Сахар 50 г  Сахарная пудра по вкусу    Рецепт: 1. Взбить венчиком молоко, яйца, муку, сахар, корицу, ванилин, соль, перец и разрыхлитель до однородной массы.  2. Тыкву натереть на мелкой терке, добавить в тесто и полученную массу измельчить в блендере до состояния пюре.  3. Пожарить на масле до золотистого цвета.  4. Готовые блинчики посыпать сахарной пудрой. К ним можно подавать мед, взбитые сливки, сгущенку или сметану.    Выберите действие:; Keyboard = Добавить в список;
2024-03-28 22:57:06.3844 INFO ВХОДЯЩЕЕ СОООБЩЕНИЕ UpdateType = CallbackQuery; chatId = 1437102827; messageId = 232; text = AddToDishList canRoute = True
2024-03-28 22:57:06.3844 INFO ROUTER chatId = 1437102827; State = ClickOnInlineButtonInRandomDishMenu
2024-03-28 22:57:06.4875 INFO ИСХОДЯЩЕЕ СОООБЩЕНИЕ chatId = 1437102827; text = Ваши списки; Keyboard = бимбам;еда 2.0;Назад;
2024-03-28 22:57:07.6635 INFO ВХОДЯЩЕЕ СОООБЩЕНИЕ UpdateType = Message; chatId = 1437102827; messageId = 234; text = еда 2.0 canRoute = True
2024-03-28 22:57:07.6635 INFO ROUTER chatId = 1437102827; State = ClickOnReplyButtonUserLists
2024-03-28 22:57:07.7866 INFO ИСХОДЯЩЕЕ СОООБЩЕНИЕ chatId = 1437102827; text = Введите вашу оценку блюду; Keyboard = Клавиатуры в данном сообщении нет
2024-03-28 22:57:10.0577 INFO ВХОДЯЩЕЕ СОООБЩЕНИЕ UpdateType = Message; chatId = 1437102827; messageId = 236; text = 3 canRoute = True
2024-03-28 22:57:10.0577 INFO ROUTER chatId = 1437102827; State = InputRating
2024-03-28 22:57:10.1485 INFO ИСХОДЯЩЕЕ СОООБЩЕНИЕ chatId = 1437102827; text = Введите ваш комментарий к данному блюду; Keyboard = Клавиатуры в данном сообщении нет
2024-03-28 22:57:11.7600 INFO ВХОДЯЩЕЕ СОООБЩЕНИЕ UpdateType = Message; chatId = 1437102827; messageId = 238; text = asdasd canRoute = True
2024-03-28 22:57:11.7600 INFO ROUTER chatId = 1437102827; State = InputComment
2024-03-28 22:59:18.1358 INFO Выполнена инициализация Бота с токеном 7110426275:AAH7EEbnhcafTEyqkq18lb3ROQxz03KUY9E
2024-03-28 22:59:18.3344 INFO Бот запущен
2024-03-28 22:59:19.1489 INFO ВХОДЯЩЕЕ СОООБЩЕНИЕ UpdateType = Message; chatId = 1437102827; messageId = 238; text = asdasd canRoute = True
2024-03-28 22:59:19.1489 INFO ROUTER chatId = 1437102827; State = CommandStart
2024-03-28 22:59:19.2819 INFO ИСХОДЯЩЕЕ СОООБЩЕНИЕ chatId = 1437102827; text = Команда не распознана. Для начала работы с ботом введите /start; Keyboard = Клавиатуры в данном сообщении нет
2024-03-28 22:59:21.8437 INFO ВХОДЯЩЕЕ СОООБЩЕНИЕ UpdateType = Message; chatId = 1437102827; messageId = 240; text = /start canRoute = True
2024-03-28 22:59:21.8437 INFO ROUTER chatId = 1437102827; State = CommandStart
2024-03-28 22:59:21.9525 INFO ИСХОДЯЩЕЕ СОООБЩЕНИЕ chatId = 1437102827; text = Выберите действие; Keyboard = Создать список;Просмотреть свои списки;Получить случайное блюдо;
2024-03-28 22:59:23.0011 INFO ВХОДЯЩЕЕ СОООБЩЕНИЕ UpdateType = CallbackQuery; chatId = 1437102827; messageId = 241; text = Lists canRoute = True
2024-03-28 22:59:23.0011 INFO ROUTER chatId = 1437102827; State = ClickOnInlineButtonInMenuMain
2024-03-28 22:59:24.9399 INFO ИСХОДЯЩЕЕ СОООБЩЕНИЕ chatId = 1437102827; text = Ваши списки; Keyboard = бимбам;еда 2.0;Назад;
2024-03-28 22:59:25.7584 INFO ВХОДЯЩЕЕ СОООБЩЕНИЕ UpdateType = CallbackQuery; chatId = 1437102827; messageId = 241; text = Lists canRoute = True
2024-03-28 22:59:25.7584 INFO ROUTER chatId = 1437102827; State = ClickOnInlineButtonUserLists
2024-03-28 22:59:25.9146 INFO ИСХОДЯЩЕЕ СОООБЩЕНИЕ chatId = 1437102827; text = Нажмите на кнопку; Keyboard = бимбам;еда 2.0;Назад;
2024-03-28 22:59:28.0241 INFO ВХОДЯЩЕЕ СОООБЩЕНИЕ UpdateType = Message; chatId = 1437102827; messageId = 244; text = еда 2.0 canRoute = True
2024-03-28 22:59:28.0241 INFO ROUTER chatId = 1437102827; State = ClickOnInlineButtonUserLists
2024-03-28 22:59:28.6975 INFO ИСХОДЯЩЕЕ СОООБЩЕНИЕ chatId = 1437102827; text = Выбран список  еда 2.0  Выберите действие со списком; Keyboard = Добавить блюдо;Посмотреть блюда;Переименовать список;Удалить список;Назад;
2024-03-28 22:59:39.8809 INFO ВХОДЯЩЕЕ СОООБЩЕНИЕ UpdateType = CallbackQuery; chatId = 1437102827; messageId = 246; text = CheckDishes canRoute = True
2024-03-28 22:59:39.8809 INFO ROUTER chatId = 1437102827; State = ClickActionButtonWithList
2024-03-28 22:59:40.2216 INFO ИСХОДЯЩЕЕ СОООБЩЕНИЕ chatId = 1437102827; text = Блюда в этом списке:; Keyboard = Карпаччо из петрушки;Цукаты из тыквы;Пельмени с индейкой;Картофельная запеканка;Яблочный пирог простой;Назад;
2024-03-28 22:59:45.4711 INFO ВХОДЯЩЕЕ СОООБЩЕНИЕ UpdateType = Message; chatId = 1437102827; messageId = 248; text = Назад canRoute = True
2024-03-28 22:59:45.4711 INFO ROUTER chatId = 1437102827; State = ClickButtonDisheInListDishesMenu
2024-03-28 22:59:45.8871 INFO ИСХОДЯЩЕЕ СОООБЩЕНИЕ chatId = 1437102827; text = Выбран список  еда 2.0  Выберите действие со списком; Keyboard = Добавить блюдо;Посмотреть блюда;Переименовать список;Удалить список;Назад;
2024-03-28 22:59:47.2176 INFO ВХОДЯЩЕЕ СОООБЩЕНИЕ UpdateType = CallbackQuery; chatId = 1437102827; messageId = 250; text = BackToLists canRoute = True
2024-03-28 22:59:47.2176 INFO ROUTER chatId = 1437102827; State = ClickActionButtonWithList
2024-03-28 22:59:47.3874 INFO ИСХОДЯЩЕЕ СОООБЩЕНИЕ chatId = 1437102827; text = Ваши списки; Keyboard = бимбам;еда 2.0;Назад;
2024-03-28 22:59:50.9529 INFO ВХОДЯЩЕЕ СОООБЩЕНИЕ UpdateType = Message; chatId = 1437102827; messageId = 252; text = Назад canRoute = True
2024-03-28 22:59:50.9529 INFO ROUTER chatId = 1437102827; State = ClickOnInlineButtonUserLists
2024-03-28 22:59:51.2382 INFO ИСХОДЯЩЕЕ СОООБЩЕНИЕ chatId = 1437102827; text = Выберите действие; Keyboard = Создать список;Просмотреть свои списки;Получить случайное блюдо;
2024-03-28 22:59:53.8886 INFO ВХОДЯЩЕЕ СОООБЩЕНИЕ UpdateType = CallbackQuery; chatId = 1437102827; messageId = 254; text = RandomDish canRoute = True
2024-03-28 22:59:53.8886 INFO ROUTER chatId = 1437102827; State = ClickOnInlineButtonInMenuMain
2024-03-28 23:00:07.1775 INFO ИСХОДЯЩЕЕ СОООБЩЕНИЕ chatId = 1437102827; text = Случайное блюдо: Профитроли с заварным кремом и карамельным соусом  Игредиенты: Сливочное масло 150 г  Пшеничная мука 210 г  Соль ¼ чайные ложки  Куриное яйцо 4 штуки  Желатин 5 г  Молоко 400 мл  Сливки 35%-ные 200 мл  Ванильный стручок 1 штука  Яичный желток 6 штук  Сахар 400 г    Рецепт: 1. Замочить желатин в небольшом количестве воды. В отдельном сотейнике смешать молоко, 100 г сливок и стручок ванили, разрезанный пополам. По желанию из ванили можно достать семена и добавить их в молочную смесь. Довести до медленного кипения.  2. Тем временем, венчиком смешать яичные желтки (предварительно отделив их от белков), 135 г сахара, 70 г муки и щепотку соли. Медленно влить молочную смесь, как следует вымешивая, чтобы не было комков. При желании это можно сделать в блендере.  3. Перелить смесь в сотейник. На медленном огне нагреть соус, постоянно мешая, пока масса не загустеет и на поверхности не образуются пузыри. Это займет около минуты. Вмешать желатин и тут же убрать с огня, чтобы масса не подгорела. Перелить в чашу и накрыть пленкой так, чтобы она плотно прилегала к соусу. Убрать в холодильник на 3 часа. Если комки в соусе все-таки образовались, то его стоит протереть через сито после того, как он остынет.  4. Для теста, в небольшом сотейнике разогреть 1 стакан воды и растопить 90 г масла, нарезанного мелким кубиком. Убавить огонь до минимума, добавить 140 г муки и ¼ ч л соли. Мешать и варить тесто до тех пор, пока оно не начнет легко отставать от сотейника, около 1 минуты. Переложить в большую чашу. С помощью миксера, ввести 4 яйца по одному за раз, хорошо перемешивая. Накрыть пленкой, дать остыть в течение 1 часа.  5. Разогреть духовку до 220 С. Накрыть противень пергаментной бумагой. Переложить тесто в кондитерский мешок с круглой насадкой. Выдавить небольшие шарики на подготовленный противень, оставляя между ними около 1 см. Верхушку примять влажными кончиками пальцев. Выпекать до золотистого цвета, около 23 минут. Достать из духовки, проткнуть каждый шарик кончиком ножа, дать остыть.  6. Для карамельного соуса, 265 г сахара и 1/3 стакана воды нагреть на медленном огне до тех пор, пока не раствориться сахар. Увеличить огонь, и больше не мешая, сварить карамель красивого янтарного цвета. Время от времени, края сотейника можно смазать силиконовой кисточкой, смоченной в воде. Добавить 100 г сливок, сливочное масло, как следует перемешать венчиком и снять с огня.  7. Остывший крем переложить в кондитерский мешок. Наполнить профитроли кремом и обмакнуть каждый в карамельный соус.    Выберите действие:; Keyboard = Добавить в список;
2024-03-28 23:00:14.8242 INFO ВХОДЯЩЕЕ СОООБЩЕНИЕ UpdateType = CallbackQuery; chatId = 1437102827; messageId = 255; text = AddToDishList canRoute = True
2024-03-28 23:00:14.8242 INFO ROUTER chatId = 1437102827; State = ClickOnInlineButtonInRandomDishMenu
2024-03-28 23:00:14.9215 INFO ИСХОДЯЩЕЕ СОООБЩЕНИЕ chatId = 1437102827; text = Ваши списки; Keyboard = бимбам;еда 2.0;Назад;
2024-03-28 23:00:15.9860 INFO ВХОДЯЩЕЕ СОООБЩЕНИЕ UpdateType = Message; chatId = 1437102827; messageId = 257; text = еда 2.0 canRoute = True
2024-03-28 23:00:15.9860 INFO ROUTER chatId = 1437102827; State = ClickOnReplyButtonUserLists
2024-03-28 23:00:16.0828 INFO ИСХОДЯЩЕЕ СОООБЩЕНИЕ chatId = 1437102827; text = Введите вашу оценку блюду; Keyboard = Клавиатуры в данном сообщении нет
2024-03-28 23:00:18.6641 INFO ВХОДЯЩЕЕ СОООБЩЕНИЕ UpdateType = Message; chatId = 1437102827; messageId = 259; text = 4 canRoute = True
2024-03-28 23:00:18.6641 INFO ROUTER chatId = 1437102827; State = InputRating
2024-03-28 23:00:18.7565 INFO ИСХОДЯЩЕЕ СОООБЩЕНИЕ chatId = 1437102827; text = Введите ваш комментарий к данному блюду; Keyboard = Клавиатуры в данном сообщении нет
2024-03-28 23:00:21.4627 INFO ВХОДЯЩЕЕ СОООБЩЕНИЕ UpdateType = Message; chatId = 1437102827; messageId = 261; text = 123123123123 canRoute = True
2024-03-28 23:00:21.4627 INFO ROUTER chatId = 1437102827; State = InputComment
2024-03-28 23:09:11.9311 INFO Выполнена инициализация Бота с токеном 7110426275:AAH7EEbnhcafTEyqkq18lb3ROQxz03KUY9E
2024-03-28 23:09:12.1931 INFO Бот запущен
2024-03-28 23:09:13.0170 INFO ВХОДЯЩЕЕ СОООБЩЕНИЕ UpdateType = Message; chatId = 1437102827; messageId = 261; text = 123123123123 canRoute = True
2024-03-28 23:09:13.0170 INFO ROUTER chatId = 1437102827; State = CommandStart
2024-03-28 23:09:13.1890 INFO ИСХОДЯЩЕЕ СОООБЩЕНИЕ chatId = 1437102827; text = Команда не распознана. Для начала работы с ботом введите /start; Keyboard = Клавиатуры в данном сообщении нет
2024-03-28 23:09:15.3015 INFO ВХОДЯЩЕЕ СОООБЩЕНИЕ UpdateType = Message; chatId = 1437102827; messageId = 263; text = /start canRoute = True
2024-03-28 23:09:15.3015 INFO ROUTER chatId = 1437102827; State = CommandStart
2024-03-28 23:09:15.4280 INFO ИСХОДЯЩЕЕ СОООБЩЕНИЕ chatId = 1437102827; text = Выберите действие; Keyboard = Создать список;Просмотреть свои списки;Получить случайное блюдо;
2024-03-28 23:09:16.7136 INFO ВХОДЯЩЕЕ СОООБЩЕНИЕ UpdateType = CallbackQuery; chatId = 1437102827; messageId = 264; text = RandomDish canRoute = True
2024-03-28 23:09:16.7136 INFO ROUTER chatId = 1437102827; State = ClickOnInlineButtonInMenuMain
2024-03-28 23:09:23.3687 INFO ИСХОДЯЩЕЕ СОООБЩЕНИЕ chatId = 1437102827; text = Случайное блюдо: Крем-суп из сельдерея с трюфельным маслом и миндалем  Игредиенты: Корень сельдерея 1 штука  Кокосовые сливки 600 мл  Белый лук 50 г  Чеснок 2 зубчика  Гхи 100 г  Тимьян 5 г  Трюфельное масло по вкусу  Миндальные лепестки 10 г  Розовая гималайская соль по вкусу    Рецепт: 1. Корень сельдерея (весом примерно полкило) очистить и нарезать в произвольном порядке.  2. Так же произвольно, но все же помельче нарезать белый лук. Порубить чеснок. Обжарить их в сотейнике на масле гхи (это высокоочищенное топленое) с добавлением свежего тимьяна — до золотистости.  3. Влить кокосовые сливки и 200 мл воды, варить до готовности — примерно 7–10 минут.  4. Пока суп варится, слегка под­сушить в духовке лепестки миндаля, если есть желание.  5. Пробить суп блендером до однородного состояния, посолить.  6. Разлить суп по тарелкам, украсить миндалем и добавить немного трюфельного масла — буквально по паре капель.    Выберите действие:; Keyboard = Добавить в список;
2024-03-28 23:09:24.6580 INFO ВХОДЯЩЕЕ СОООБЩЕНИЕ UpdateType = CallbackQuery; chatId = 1437102827; messageId = 265; text = AddToDishList canRoute = True
2024-03-28 23:09:24.6580 INFO ROUTER chatId = 1437102827; State = ClickOnInlineButtonInRandomDishMenu
2024-03-28 23:09:24.7592 INFO ИСХОДЯЩЕЕ СОООБЩЕНИЕ chatId = 1437102827; text = Ваши списки; Keyboard = бимбам;еда 2.0;Назад;
2024-03-28 23:09:28.4916 INFO ВХОДЯЩЕЕ СОООБЩЕНИЕ UpdateType = Message; chatId = 1437102827; messageId = 267; text = еда 2.0 canRoute = True
2024-03-28 23:09:28.4916 INFO ROUTER chatId = 1437102827; State = ClickOnReplyButtonUserLists
2024-03-28 23:09:28.6714 INFO ИСХОДЯЩЕЕ СОООБЩЕНИЕ chatId = 1437102827; text = Введите вашу оценку блюду; Keyboard = Клавиатуры в данном сообщении нет
2024-03-28 23:09:33.3437 INFO ВХОДЯЩЕЕ СОООБЩЕНИЕ UpdateType = Message; chatId = 1437102827; messageId = 269; text = 7 canRoute = True
2024-03-28 23:09:33.3437 INFO ROUTER chatId = 1437102827; State = InputRating
2024-03-28 23:09:33.4690 INFO ИСХОДЯЩЕЕ СОООБЩЕНИЕ chatId = 1437102827; text = Введите ваш комментарий к данному блюду; Keyboard = Клавиатуры в данном сообщении нет
2024-03-28 23:09:45.9822 INFO ВХОДЯЩЕЕ СОООБЩЕНИЕ UpdateType = Message; chatId = 1437102827; messageId = 271; text = ам ам ам canRoute = True
2024-03-28 23:09:45.9822 INFO ROUTER chatId = 1437102827; State = InputComment
2024-03-28 23:10:29.7315 INFO Выполнена инициализация Бота с токеном 7110426275:AAH7EEbnhcafTEyqkq18lb3ROQxz03KUY9E
2024-03-28 23:10:30.0007 INFO Бот запущен
2024-03-28 23:10:30.7832 INFO ВХОДЯЩЕЕ СОООБЩЕНИЕ UpdateType = Message; chatId = 1437102827; messageId = 271; text = ам ам ам canRoute = True
2024-03-28 23:10:30.7832 INFO ROUTER chatId = 1437102827; State = CommandStart
2024-03-28 23:10:30.9113 INFO ИСХОДЯЩЕЕ СОООБЩЕНИЕ chatId = 1437102827; text = Команда не распознана. Для начала работы с ботом введите /start; Keyboard = Клавиатуры в данном сообщении нет
2024-03-28 23:10:33.6985 INFO ВХОДЯЩЕЕ СОООБЩЕНИЕ UpdateType = Message; chatId = 1437102827; messageId = 273; text = /start canRoute = True
2024-03-28 23:10:33.6985 INFO ROUTER chatId = 1437102827; State = CommandStart
2024-03-28 23:10:33.8339 INFO ИСХОДЯЩЕЕ СОООБЩЕНИЕ chatId = 1437102827; text = Выберите действие; Keyboard = Создать список;Просмотреть свои списки;Получить случайное блюдо;
2024-03-28 23:10:34.2977 INFO ВХОДЯЩЕЕ СОООБЩЕНИЕ UpdateType = CallbackQuery; chatId = 1437102827; messageId = 274; text = RandomDish canRoute = True
2024-03-28 23:10:34.2977 INFO ROUTER chatId = 1437102827; State = ClickOnInlineButtonInMenuMain
2024-03-28 23:10:40.9334 INFO ИСХОДЯЩЕЕ СОООБЩЕНИЕ chatId = 1437102827; text = Случайное блюдо: Паста орзо с раковыми шейками  Игредиенты: Паста орзо 500 г  Раковые шейки 200 г  Рыбный бульон 1 л  Репчатый лук 100 г  Чеснок 4 зубчика  Коньяк 50 мл  Белое сухое вино 100 мл  Растительное масло 50 мл  Сливки 35%-ные 100 мл  Петрушка 10 г  Соль по вкусу  Молотый белый перец по вкусу    Рецепт: 1. В глубоком сотейнике на рас­тительном масле припустить до мягкости мелко нарезанный репчатый лук, добавить мелко нарубленный чеснок и жарить лук и чеснок вместе примерно минуту-полторы.  2. После чего добавить коньяк и белое вино и тушить овощи в алкоголе до полного испарения жидкости. Тогда высыпать в сотейник орзо, перемешать и залить рыбным или куриным бульоном.  3. Варить пасту, помешивая, до готовности. Обычно это пятнадцать-шестнадцать минут, зависит от твердости пасты, справиться о точном времени при­готовления можно на пачке.  4. За три минуты до конца приготовления добавить раковые шейки, сливки, рубленую петрушку, посолить и поперчить.    Выберите действие:; Keyboard = Добавить в список;
2024-03-28 23:11:10.0771 INFO ВХОДЯЩЕЕ СОООБЩЕНИЕ UpdateType = CallbackQuery; chatId = 1437102827; messageId = 275; text = AddToDishList canRoute = True
2024-03-28 23:11:10.0771 INFO ROUTER chatId = 1437102827; State = ClickOnInlineButtonInRandomDishMenu
2024-03-28 23:11:10.2133 INFO ИСХОДЯЩЕЕ СОООБЩЕНИЕ chatId = 1437102827; text = Ваши списки; Keyboard = бимбам;еда 2.0;Назад;
2024-03-28 23:11:11.3657 INFO ВХОДЯЩЕЕ СОООБЩЕНИЕ UpdateType = Message; chatId = 1437102827; messageId = 277; text = еда 2.0 canRoute = True
2024-03-28 23:11:11.3664 INFO ROUTER chatId = 1437102827; State = ClickOnReplyButtonUserLists
2024-03-28 23:11:11.5675 INFO ИСХОДЯЩЕЕ СОООБЩЕНИЕ chatId = 1437102827; text = Введите вашу оценку блюду; Keyboard = Клавиатуры в данном сообщении нет
2024-03-28 23:11:13.5964 INFO ВХОДЯЩЕЕ СОООБЩЕНИЕ UpdateType = Message; chatId = 1437102827; messageId = 279; text = 1 canRoute = True
2024-03-28 23:11:13.5964 INFO ROUTER chatId = 1437102827; State = InputRating
2024-03-28 23:11:13.7472 INFO ИСХОДЯЩЕЕ СОООБЩЕНИЕ chatId = 1437102827; text = Введите ваш комментарий к данному блюду; Keyboard = Клавиатуры в данном сообщении нет
2024-03-28 23:11:15.4437 INFO ВХОДЯЩЕЕ СОООБЩЕНИЕ UpdateType = Message; chatId = 1437102827; messageId = 281; text = кал canRoute = True
2024-03-28 23:11:15.4443 INFO ROUTER chatId = 1437102827; State = InputComment
2024-03-28 23:11:16.0179 INFO ИСХОДЯЩЕЕ СОООБЩЕНИЕ chatId = 1437102827; text = Блюдо Паста орзо с раковыми шейками было добавлено в еда 2.0; Keyboard = Клавиатуры в данном сообщении нет
2024-03-28 23:12:28.2451 INFO Выполнена инициализация Бота с токеном 7110426275:AAH7EEbnhcafTEyqkq18lb3ROQxz03KUY9E
2024-03-28 23:12:28.4864 INFO Бот запущен
2024-03-28 23:12:33.3476 INFO ВХОДЯЩЕЕ СОООБЩЕНИЕ UpdateType = Message; chatId = 1437102827; messageId = 283; text = /start canRoute = True
2024-03-28 23:12:33.3476 INFO ROUTER chatId = 1437102827; State = CommandStart
2024-03-28 23:12:33.5118 INFO ИСХОДЯЩЕЕ СОООБЩЕНИЕ chatId = 1437102827; text = Выберите действие; Keyboard = Создать список;Просмотреть свои списки;Получить случайное блюдо;
2024-03-28 23:12:34.2806 INFO ВХОДЯЩЕЕ СОООБЩЕНИЕ UpdateType = CallbackQuery; chatId = 1437102827; messageId = 284; text = RandomDish canRoute = True
2024-03-28 23:12:34.2806 INFO ROUTER chatId = 1437102827; State = ClickOnInlineButtonInMenuMain
2024-03-28 23:12:41.4875 INFO ИСХОДЯЩЕЕ СОООБЩЕНИЕ chatId = 1437102827; text = Случайное блюдо: Кукурузный крем-суп с жареными вешенками  Игредиенты: Консервированная кукуруза 1 банка  Кокосовое молоко 70 мл  Початки кукурузы 1 штука  Вешенки 70 г  Растительное масло 30 мл  Шрирача 5 мл  Соевый соус 10 мл  Попкорн 5 г  Оливковое масло 5 мл  Лук-резанец по вкусу  Соль по вкусу    Рецепт: 1. Кукурузу вместе с жидкостью вылить в сотейник, добавить кокосовое молоко и варить на медленном огне 10–15 минут.  2. Пробить кукурузу в блендере и протереть через мелкое сито, посолить.  3. Промыть вешенки, обсушить и порвать вдоль волокон на небольшие части. Обжарить на растительном масле до золотистого цвета.  4. В готовые вешенки добавить соевый соус, шрирачу и соль.  5. Початки кукурузы поджарить на сильно разогретой сковороде (можно обжечь горелкой), срезать зерна, не задевая початок.  6. Налить суп в тарелку, сверху выложить жареные вешенки, зерна обожженной кукурузы и мелконарезанный лук-резанец.  7. Сбрызнуть оливковым маслом и украсить попкорном.    Выберите действие:; Keyboard = Добавить в список;
2024-03-28 23:12:54.9358 INFO ВХОДЯЩЕЕ СОООБЩЕНИЕ UpdateType = CallbackQuery; chatId = 1437102827; messageId = 285; text = AddToDishList canRoute = True
2024-03-28 23:12:54.9358 INFO ROUTER chatId = 1437102827; State = ClickOnInlineButtonInRandomDishMenu
2024-03-28 23:12:55.0301 INFO ИСХОДЯЩЕЕ СОООБЩЕНИЕ chatId = 1437102827; text = Ваши списки; Keyboard = бимбам;еда 2.0;Назад;
2024-03-28 23:12:57.0352 INFO ВХОДЯЩЕЕ СОООБЩЕНИЕ UpdateType = Message; chatId = 1437102827; messageId = 287; text = еда 2.0 canRoute = True
2024-03-28 23:12:57.0352 INFO ROUTER chatId = 1437102827; State = ClickOnReplyButtonUserLists
2024-03-28 23:12:57.2086 INFO ИСХОДЯЩЕЕ СОООБЩЕНИЕ chatId = 1437102827; text = Введите вашу оценку блюду; Keyboard = Клавиатуры в данном сообщении нет
2024-03-28 23:13:00.1583 INFO ВХОДЯЩЕЕ СОООБЩЕНИЕ UpdateType = Message; chatId = 1437102827; messageId = 289; text = 2 canRoute = True
2024-03-28 23:13:00.1583 INFO ROUTER chatId = 1437102827; State = InputRating
2024-03-28 23:13:00.2453 INFO ИСХОДЯЩЕЕ СОООБЩЕНИЕ chatId = 1437102827; text = Введите ваш комментарий к данному блюду; Keyboard = Клавиатуры в данном сообщении нет
2024-03-28 23:13:04.1908 INFO ВХОДЯЩЕЕ СОООБЩЕНИЕ UpdateType = Message; chatId = 1437102827; messageId = 291; text = не прям ка canRoute = True
2024-03-28 23:13:04.1908 INFO ROUTER chatId = 1437102827; State = InputComment
2024-03-28 23:13:04.7257 INFO ИСХОДЯЩЕЕ СОООБЩЕНИЕ chatId = 1437102827; text = Блюдо Кукурузный крем-суп с жареными вешенками было добавлено в еда 2.0; Keyboard = Клавиатуры в данном сообщении нет
2024-03-28 23:21:46.4036 INFO Выполнена инициализация Бота с токеном 7110426275:AAH7EEbnhcafTEyqkq18lb3ROQxz03KUY9E
2024-03-28 23:22:06.9277 INFO Выполнена инициализация Бота с токеном 7110426275:AAH7EEbnhcafTEyqkq18lb3ROQxz03KUY9E
2024-03-28 23:22:07.1269 INFO Бот запущен
2024-03-28 23:22:12.9291 INFO ВХОДЯЩЕЕ СОООБЩЕНИЕ UpdateType = Message; chatId = 1437102827; messageId = 293; text = /start canRoute = True
2024-03-28 23:22:12.9291 INFO ROUTER chatId = 1437102827; State = CommandStart
2024-03-28 23:22:13.0831 INFO ИСХОДЯЩЕЕ СОООБЩЕНИЕ chatId = 1437102827; text = Выберите действие; Keyboard = Создать список;Просмотреть свои списки;Получить случайное блюдо;
2024-03-28 23:22:13.7688 INFO ВХОДЯЩЕЕ СОООБЩЕНИЕ UpdateType = CallbackQuery; chatId = 1437102827; messageId = 294; text = RandomDish canRoute = True
2024-03-28 23:22:13.7688 INFO ROUTER chatId = 1437102827; State = ClickOnInlineButtonInMenuMain
2024-03-28 23:22:21.5801 INFO ИСХОДЯЩЕЕ СОООБЩЕНИЕ chatId = 1437102827; text = Случайное блюдо: Меренги с фундуком и шоколадом  Игредиенты: Яичный белок 2 штуки  Сахар 125 г  Ванильный сахар 1 г  Шоколад 110 г  Фундук 125 г  Вода 37 мл    Рецепт: 1. Обжарить фундук на сухом противне в течение 15 минут при 150 градусах. Охладить и облупить шкурку на орехах.  2. Завернуть орехи в полотенце и раздробить скалкой. Не в пыль, кусочки должны быть ощутимыми.  3. Разделить яйца на желтки и белки и взбить белки в мягкую пену.  4. Параллельно сделать сироп: растопить сахар с водой при 110 градусах до кипения. Влить сироп тонкой струйкой в белок, продолжая взбивать. Довести белки до состояния твердых пиков. Аккуратно перемешать с орехами при помощи лопатки.  5. Загрузить белок с сиропом в кондитерский мешок и выдавить пирамидками на застеленный пекарской бумагой противень. Запекать в духовке при температуре 80 градусов в течение 3 часов. Достать из духовки и дать остыть 20–30 минут.  6. Растопить шоколад на водяной бане и полить им меренги. Дать шоколаду застыть и подавать.    Выберите действие:; Keyboard = Добавить в список;
2024-03-28 23:22:23.4164 INFO ВХОДЯЩЕЕ СОООБЩЕНИЕ UpdateType = CallbackQuery; chatId = 1437102827; messageId = 295; text = AddToDishList canRoute = True
2024-03-28 23:22:23.4164 INFO ROUTER chatId = 1437102827; State = ClickOnInlineButtonInRandomDishMenu
2024-03-28 23:22:23.5877 INFO ИСХОДЯЩЕЕ СОООБЩЕНИЕ chatId = 1437102827; text = Ваши списки; Keyboard = бимбам;еда 2.0;Назад;
2024-03-28 23:22:24.8542 INFO ВХОДЯЩЕЕ СОООБЩЕНИЕ UpdateType = Message; chatId = 1437102827; messageId = 297; text = еда 2.0 canRoute = True
2024-03-28 23:22:24.8542 INFO ROUTER chatId = 1437102827; State = ClickOnReplyButtonUserLists
2024-03-28 23:22:24.9670 INFO ИСХОДЯЩЕЕ СОООБЩЕНИЕ chatId = 1437102827; text = Введите вашу оценку блюду; Keyboard = Клавиатуры в данном сообщении нет
2024-03-28 23:22:28.7165 INFO ВХОДЯЩЕЕ СОООБЩЕНИЕ UpdateType = Message; chatId = 1437102827; messageId = 299; text = 1 canRoute = True
2024-03-28 23:22:28.7165 INFO ROUTER chatId = 1437102827; State = InputRating
2024-03-28 23:22:28.8084 INFO ИСХОДЯЩЕЕ СОООБЩЕНИЕ chatId = 1437102827; text = Введите ваш комментарий к данному блюду; Keyboard = Клавиатуры в данном сообщении нет
2024-03-28 23:22:36.4459 INFO ВХОДЯЩЕЕ СОООБЩЕНИЕ UpdateType = Message; chatId = 1437102827; messageId = 301; text = agh canRoute = True
2024-03-28 23:22:36.4459 INFO ROUTER chatId = 1437102827; State = InputComment
2024-03-28 23:22:36.9586 INFO ИСХОДЯЩЕЕ СОООБЩЕНИЕ chatId = 1437102827; text = Блюдо Меренги с фундуком и шоколадом было добавлено в еда 2.0; Keyboard = Клавиатуры в данном сообщении нет
2024-03-28 23:29:50.2340 INFO Выполнена инициализация Бота с токеном 7110426275:AAH7EEbnhcafTEyqkq18lb3ROQxz03KUY9E
2024-03-28 23:29:50.5298 INFO Бот запущен
2024-03-28 23:29:54.6813 INFO ВХОДЯЩЕЕ СОООБЩЕНИЕ UpdateType = Message; chatId = 1437102827; messageId = 303; text = /start canRoute = True
2024-03-28 23:29:54.6813 INFO ROUTER chatId = 1437102827; State = CommandStart
2024-03-28 23:29:54.8320 INFO ИСХОДЯЩЕЕ СОООБЩЕНИЕ chatId = 1437102827; text = Выберите действие; Keyboard = Создать список;Просмотреть свои списки;Получить случайное блюдо;
2024-03-28 23:29:55.3310 INFO ВХОДЯЩЕЕ СОООБЩЕНИЕ UpdateType = CallbackQuery; chatId = 1437102827; messageId = 304; text = RandomDish canRoute = True
2024-03-28 23:29:55.3310 INFO ROUTER chatId = 1437102827; State = ClickOnInlineButtonInMenuMain
2024-03-28 23:30:04.1400 INFO ИСХОДЯЩЕЕ СОООБЩЕНИЕ chatId = 1437102827; text = Случайное блюдо: Морковный кекс с грецкими орехами и корицей  Игредиенты: Куриное яйцо 2 штуки  Сахар 200 г  Пшеничная мука 200 г  Морковь 2 штуки  Сливочное масло 50 г  Растительное масло 1 чайная ложка  Корица 1 чайная ложка  Разрыхлитель 1 чайная ложка  Грецкие орехи 50 г    Рецепт: 1. Взбить яйца с сахаром. Добавить растопленное сливочное масло, растительное масло. Кто любит послаще, можно добавить 1 чайную ложку сгущенки.  2. Натереть морковь на терке. Грецкий орех размолоть в крошку. Добавить в тесто, перемешать.  3. Добавить в тесто корицу и муку с разрыхлителем. Тесто по консистенции должно напоминать густую сметану.  4. Смазать форму сливочным маслом, вылить тесто в форму. Выпекать в предварительно разогретой духовке 30 минут при температуре 200 градусов.    Выберите действие:; Keyboard = Добавить в список;
2024-03-28 23:33:21.7462 INFO ВХОДЯЩЕЕ СОООБЩЕНИЕ UpdateType = CallbackQuery; chatId = 1437102827; messageId = 305; text = AddToDishList canRoute = True
2024-03-28 23:33:21.7462 INFO ROUTER chatId = 1437102827; State = ClickOnInlineButtonInRandomDishMenu
2024-03-28 23:33:21.8540 INFO ИСХОДЯЩЕЕ СОООБЩЕНИЕ chatId = 1437102827; text = Ваши списки; Keyboard = бимбам;еда 2.0;Назад;
2024-03-28 23:33:22.7634 INFO ВХОДЯЩЕЕ СОООБЩЕНИЕ UpdateType = Message; chatId = 1437102827; messageId = 307; text = еда 2.0 canRoute = True
2024-03-28 23:33:22.7634 INFO ROUTER chatId = 1437102827; State = ClickOnReplyButtonUserLists
2024-03-28 23:33:22.8730 INFO ИСХОДЯЩЕЕ СОООБЩЕНИЕ chatId = 1437102827; text = Введите вашу оценку блюду; Keyboard = Клавиатуры в данном сообщении нет
2024-03-28 23:33:25.9958 INFO ВХОДЯЩЕЕ СОООБЩЕНИЕ UpdateType = Message; chatId = 1437102827; messageId = 309; text = 4 canRoute = True
2024-03-28 23:33:25.9958 INFO ROUTER chatId = 1437102827; State = InputRating
2024-03-28 23:33:26.0920 INFO ИСХОДЯЩЕЕ СОООБЩЕНИЕ chatId = 1437102827; text = Введите ваш комментарий к данному блюду; Keyboard = Клавиатуры в данном сообщении нет
2024-03-28 23:33:28.8878 INFO ВХОДЯЩЕЕ СОООБЩЕНИЕ UpdateType = Message; chatId = 1437102827; messageId = 311; text = jhjjhjh canRoute = True
2024-03-28 23:33:28.8878 INFO ROUTER chatId = 1437102827; State = InputComment
2024-03-28 23:34:11.4952 INFO ИСХОДЯЩЕЕ СОООБЩЕНИЕ chatId = 1437102827; text = Блюдо Морковный кекс с грецкими орехами и корицей было добавлено в еда 2.0; Keyboard = Клавиатуры в данном сообщении нет
2024-03-28 23:48:03.2891 INFO Выполнена инициализация Бота с токеном 7110426275:AAH7EEbnhcafTEyqkq18lb3ROQxz03KUY9E
2024-03-28 23:48:03.4895 INFO Бот запущен
2024-03-28 23:48:06.3135 INFO ВХОДЯЩЕЕ СОООБЩЕНИЕ UpdateType = Message; chatId = 1437102827; messageId = 313; text = /start canRoute = True
2024-03-28 23:48:06.3135 INFO ROUTER chatId = 1437102827; State = CommandStart
2024-03-28 23:48:06.4523 INFO ИСХОДЯЩЕЕ СОООБЩЕНИЕ chatId = 1437102827; text = Выберите действие; Keyboard = Создать список;Просмотреть свои списки;Получить случайное блюдо;
2024-03-28 23:48:07.3595 INFO ВХОДЯЩЕЕ СОООБЩЕНИЕ UpdateType = CallbackQuery; chatId = 1437102827; messageId = 314; text = RandomDish canRoute = True
2024-03-28 23:48:07.3595 INFO ROUTER chatId = 1437102827; State = ClickOnInlineButtonInMenuMain
2024-03-28 23:48:13.7251 INFO ИСХОДЯЩЕЕ СОООБЩЕНИЕ chatId = 1437102827; text = Случайное блюдо: Болоньезе  Игредиенты: Говядина 250 г  Бекон 80 г  Репчатый лук ½ головки  Морковь 1 штука  Стебель сельдерея 1 штука  Картофель 12 штук  Перец чили 2 штуки  Петрушка 5 г  Мясной бульон 200 г  Молоко 250 мл  Оливковое масло 2 столовые ложки  Томатная паста  2 столовые ложки  Свежий лавровый лист 1 штука  Белое вино 200 мл  Мускатный орех 1 штука  Соль по вкусу  Молотый черный перец по вкусу  Гвоздика 3 штуки    Рецепт: 1. Говядину прокрутить в мясорубке и слегка посолить. Бекон, лук, морковь и сельдерей нарезать мелкими кубиками, кинуть в глубокую сковороду или кастрюлю и пассеровать на оливковом масле вместе с лавровым листом и гвоздикой (лучше молотой) примерно десять минут.  2. Добавить говяжий фарш, периодически помешивая, обжаривать его еще десять минут, а затем влить в сковороду столовое вино.  3. Влить по чуть-чуть бульон и томатную пасту, разведенную в 100 мл воды, накрыть сковороду крышкой и убавить огонь практически до минимума. Тушить рагу до выпаривания жидкости, около двух часов.  4. Практически перед самой готовностью влить в болоньезе 150–200 мл молока (оставшееся — для пюре).  5. Подавать с картофельным пюре, посыпав тертым мускатным орехом. Украсить каждую порцию половиной перца чили и листьями петрушки.    Выберите действие:; Keyboard = Добавить в список;
2024-03-28 23:48:22.0776 INFO ВХОДЯЩЕЕ СОООБЩЕНИЕ UpdateType = CallbackQuery; chatId = 1437102827; messageId = 315; text = AddToDishList canRoute = True
2024-03-28 23:48:22.0776 INFO ROUTER chatId = 1437102827; State = ClickOnInlineButtonInRandomDishMenu
2024-03-28 23:48:22.2275 INFO ИСХОДЯЩЕЕ СОООБЩЕНИЕ chatId = 1437102827; text = Ваши списки; Keyboard = бимбам;еда 2.0;Назад;
2024-03-28 23:48:23.3179 INFO ВХОДЯЩЕЕ СОООБЩЕНИЕ UpdateType = Message; chatId = 1437102827; messageId = 317; text = еда 2.0 canRoute = True
2024-03-28 23:48:23.3179 INFO ROUTER chatId = 1437102827; State = ClickOnReplyButtonUserLists
2024-03-28 23:48:23.4349 INFO ИСХОДЯЩЕЕ СОООБЩЕНИЕ chatId = 1437102827; text = Введите вашу оценку блюду; Keyboard = Клавиатуры в данном сообщении нет
2024-03-28 23:48:25.7214 INFO ВХОДЯЩЕЕ СОООБЩЕНИЕ UpdateType = Message; chatId = 1437102827; messageId = 319; text = 2 canRoute = True
2024-03-28 23:48:25.7214 INFO ROUTER chatId = 1437102827; State = InputRating
2024-03-28 23:48:25.9144 INFO ИСХОДЯЩЕЕ СОООБЩЕНИЕ chatId = 1437102827; text = Введите ваш комментарий к данному блюду; Keyboard = Клавиатуры в данном сообщении нет
2024-03-28 23:48:28.1027 INFO ВХОДЯЩЕЕ СОООБЩЕНИЕ UpdateType = Message; chatId = 1437102827; messageId = 321; text = weqewqewqqwe canRoute = True
2024-03-28 23:48:28.1027 INFO ROUTER chatId = 1437102827; State = InputComment
2024-03-28 23:48:28.7104 INFO ИСХОДЯЩЕЕ СОООБЩЕНИЕ chatId = 1437102827; text = Блюдо Болоньезе было добавлено в еда 2.0; Keyboard = Клавиатуры в данном сообщении нет
2024-03-28 23:48:50.7081 INFO ВХОДЯЩЕЕ СОООБЩЕНИЕ UpdateType = Message; chatId = 1437102827; messageId = 323; text = /start canRoute = True
2024-03-28 23:48:50.7081 INFO ROUTER chatId = 1437102827; State = CompletingAddingDish
2024-03-28 23:48:50.7993 INFO ИСХОДЯЩЕЕ СОООБЩЕНИЕ chatId = 1437102827; text = Выберите действие; Keyboard = Создать список;Просмотреть свои списки;Получить случайное блюдо;
2024-03-28 23:48:51.8891 INFO ВХОДЯЩЕЕ СОООБЩЕНИЕ UpdateType = Message; chatId = 1437102827; messageId = 325; text = /start canRoute = True
2024-03-28 23:48:51.8891 INFO ROUTER chatId = 1437102827; State = ClickOnInlineButtonInMenuMain
