2024-03-29 15:55:24.7885 INFO Выполнена инициализация Бота с токеном 7110426275:AAH7EEbnhcafTEyqkq18lb3ROQxz03KUY9E
2024-03-29 15:55:25.3896 INFO Бот запущен
2024-03-29 15:55:26.3171 INFO ВХОДЯЩЕЕ СОООБЩЕНИЕ UpdateType = Message; chatId = 1437102827; messageId = 325; text = /start canRoute = True
2024-03-29 15:55:26.3202 INFO ROUTER chatId = 1437102827; State = CommandStart
2024-03-29 15:55:26.5211 INFO ИСХОДЯЩЕЕ СОООБЩЕНИЕ chatId = 1437102827; text = Выберите действие; Keyboard = Создать список;Просмотреть свои списки;Получить случайное блюдо;
2024-03-29 15:55:35.4840 INFO ВХОДЯЩЕЕ СОООБЩЕНИЕ UpdateType = Message; chatId = 1437102827; messageId = 327; text = /start canRoute = True
2024-03-29 15:55:35.4840 INFO ROUTER chatId = 1437102827; State = ClickOnInlineButtonInMenuMain
2024-03-29 15:57:26.4088 INFO Выполнена инициализация Бота с токеном 7110426275:AAH7EEbnhcafTEyqkq18lb3ROQxz03KUY9E
2024-03-29 15:57:26.6481 INFO Бот запущен
2024-03-29 15:57:27.4369 INFO ВХОДЯЩЕЕ СОООБЩЕНИЕ UpdateType = Message; chatId = 1437102827; messageId = 327; text = /start canRoute = True
2024-03-29 15:57:27.4369 INFO ROUTER chatId = 1437102827; State = CommandStart
2024-03-29 15:57:27.5900 INFO ИСХОДЯЩЕЕ СОООБЩЕНИЕ chatId = 1437102827; text = Выберите действие; Keyboard = Создать список;Просмотреть свои списки;Получить случайное блюдо;
2024-03-29 15:57:29.4494 INFO ВХОДЯЩЕЕ СОООБЩЕНИЕ UpdateType = Message; chatId = 1437102827; messageId = 329; text = /start canRoute = True
2024-03-29 15:57:29.4494 INFO ROUTER chatId = 1437102827; State = ClickOnInlineButtonInMenuMain
2024-03-29 15:58:03.0594 INFO Выполнена инициализация Бота с токеном 7110426275:AAH7EEbnhcafTEyqkq18lb3ROQxz03KUY9E
2024-03-29 15:58:03.2613 INFO Бот запущен
2024-03-29 15:58:03.9154 INFO ВХОДЯЩЕЕ СОООБЩЕНИЕ UpdateType = Message; chatId = 1437102827; messageId = 329; text = /start canRoute = True
2024-03-29 15:58:03.9154 INFO ROUTER chatId = 1437102827; State = CommandStart
2024-03-29 15:58:04.0670 INFO ИСХОДЯЩЕЕ СОООБЩЕНИЕ chatId = 1437102827; text = Выберите действие; Keyboard = Создать список;Просмотреть свои списки;Получить случайное блюдо;
2024-03-29 15:58:06.9911 INFO ВХОДЯЩЕЕ СОООБЩЕНИЕ UpdateType = Message; chatId = 1437102827; messageId = 331; text = /start canRoute = True
2024-03-29 15:58:06.9911 INFO ROUTER chatId = 1437102827; State = ClickOnInlineButtonInMenuMain
2024-03-29 15:58:08.8920 INFO ИСХОДЯЩЕЕ СОООБЩЕНИЕ chatId = 1437102827; text = Введена неизвестная команда; Keyboard = Клавиатуры в данном сообщении нет
2024-03-29 15:58:11.8059 INFO ВХОДЯЩЕЕ СОООБЩЕНИЕ UpdateType = Message; chatId = 1437102827; messageId = 333; text = asd canRoute = True
2024-03-29 15:58:11.8059 INFO ROUTER chatId = 1437102827; State = ClickOnInlineButtonInMenuMain
2024-03-29 15:58:11.9251 INFO ИСХОДЯЩЕЕ СОООБЩЕНИЕ chatId = 1437102827; text = Введена неизвестная команда; Keyboard = Клавиатуры в данном сообщении нет
2024-03-29 15:58:13.5004 INFO ВХОДЯЩЕЕ СОООБЩЕНИЕ UpdateType = Message; chatId = 1437102827; messageId = 335; text = qweqwe canRoute = True
2024-03-29 15:58:13.5004 INFO ROUTER chatId = 1437102827; State = ClickOnInlineButtonInMenuMain
2024-03-29 15:58:13.6776 INFO ИСХОДЯЩЕЕ СОООБЩЕНИЕ chatId = 1437102827; text = Введена неизвестная команда; Keyboard = Клавиатуры в данном сообщении нет
2024-03-29 15:58:17.2980 INFO ВХОДЯЩЕЕ СОООБЩЕНИЕ UpdateType = Message; chatId = 1437102827; messageId = 337; text = /start canRoute = True
2024-03-29 15:58:17.2980 INFO ROUTER chatId = 1437102827; State = ClickOnInlineButtonInMenuMain
2024-03-29 15:58:17.3861 INFO ИСХОДЯЩЕЕ СОООБЩЕНИЕ chatId = 1437102827; text = Введена неизвестная команда; Keyboard = Клавиатуры в данном сообщении нет
2024-03-29 15:58:21.2282 INFO ВХОДЯЩЕЕ СОООБЩЕНИЕ UpdateType = Message; chatId = 1437102827; messageId = 339; text = /reset canRoute = True
2024-03-29 15:58:21.2282 INFO ROUTER chatId = 1437102827; State = ClickOnInlineButtonInMenuMain
2024-03-29 15:58:21.4071 INFO ИСХОДЯЩЕЕ СОООБЩЕНИЕ chatId = 1437102827; text = Выберите действие; Keyboard = Создать список;Просмотреть свои списки;Получить случайное блюдо;
2024-03-29 16:01:36.8453 INFO Выполнена инициализация Бота с токеном 7110426275:AAH7EEbnhcafTEyqkq18lb3ROQxz03KUY9E
2024-03-29 16:01:37.0627 INFO Бот запущен
2024-03-29 16:01:40.5557 INFO ВХОДЯЩЕЕ СОООБЩЕНИЕ UpdateType = Message; chatId = 1437102827; messageId = 341; text = /start canRoute = True
2024-03-29 16:01:40.5557 INFO ROUTER chatId = 1437102827; State = CommandStart
2024-03-29 16:01:40.7063 INFO ИСХОДЯЩЕЕ СОООБЩЕНИЕ chatId = 1437102827; text = Выберите действие; Keyboard = Создать список;Просмотреть свои списки;Получить случайное блюдо;
2024-03-29 16:01:43.3552 INFO ВХОДЯЩЕЕ СОООБЩЕНИЕ UpdateType = Message; chatId = 1437102827; messageId = 343; text = /start canRoute = True
2024-03-29 16:01:43.3552 INFO ROUTER chatId = 1437102827; State = ClickOnInlineButtonInMenuMain
2024-03-29 16:01:43.4845 INFO ИСХОДЯЩЕЕ СОООБЩЕНИЕ chatId = 1437102827; text = Введена неизвестная команда. Для продолжения работы с ботом введите /reset; Keyboard = Клавиатуры в данном сообщении нет
2024-03-29 16:01:48.2814 INFO ВХОДЯЩЕЕ СОООБЩЕНИЕ UpdateType = Message; chatId = 1437102827; messageId = 345; text = /start canRoute = True
2024-03-29 16:01:48.2814 INFO ROUTER chatId = 1437102827; State = ClickOnInlineButtonInMenuMain
2024-03-29 16:01:48.4466 INFO ИСХОДЯЩЕЕ СОООБЩЕНИЕ chatId = 1437102827; text = Введена неизвестная команда. Для продолжения работы с ботом введите /reset; Keyboard = Клавиатуры в данном сообщении нет
2024-03-29 16:01:49.4612 INFO ВХОДЯЩЕЕ СОООБЩЕНИЕ UpdateType = Message; chatId = 1437102827; messageId = 347; text = /reset canRoute = True
2024-03-29 16:01:49.4612 INFO ROUTER chatId = 1437102827; State = ClickOnInlineButtonInMenuMain
2024-03-29 16:01:49.6225 INFO ИСХОДЯЩЕЕ СОООБЩЕНИЕ chatId = 1437102827; text = Выберите действие; Keyboard = Создать список;Просмотреть свои списки;Получить случайное блюдо;
2024-03-29 16:01:51.2320 INFO ВХОДЯЩЕЕ СОООБЩЕНИЕ UpdateType = Message; chatId = 1437102827; messageId = 349; text = /start canRoute = True
2024-03-29 16:01:51.2320 INFO ROUTER chatId = 1437102827; State = ClickOnInlineButtonInMenuMain
2024-03-29 16:01:51.4949 INFO ИСХОДЯЩЕЕ СОООБЩЕНИЕ chatId = 1437102827; text = Введена неизвестная команда. Для продолжения работы с ботом введите /reset; Keyboard = Клавиатуры в данном сообщении нет
2024-03-29 16:01:52.4951 INFO ВХОДЯЩЕЕ СОООБЩЕНИЕ UpdateType = Message; chatId = 1437102827; messageId = 351; text = /reset canRoute = True
2024-03-29 16:01:52.4951 INFO ROUTER chatId = 1437102827; State = ClickOnInlineButtonInMenuMain
2024-03-29 16:01:52.6446 INFO ИСХОДЯЩЕЕ СОООБЩЕНИЕ chatId = 1437102827; text = Выберите действие; Keyboard = Создать список;Просмотреть свои списки;Получить случайное блюдо;
2024-03-29 16:01:55.0918 INFO ВХОДЯЩЕЕ СОООБЩЕНИЕ UpdateType = CallbackQuery; chatId = 1437102827; messageId = 352; text = Lists canRoute = True
2024-03-29 16:01:55.0918 INFO ROUTER chatId = 1437102827; State = ClickOnInlineButtonInMenuMain
2024-03-29 16:01:57.1489 INFO ИСХОДЯЩЕЕ СОООБЩЕНИЕ chatId = 1437102827; text = Ваши списки; Keyboard = бимбам;еда 2.0;Назад;
2024-03-29 16:01:59.6031 INFO ВХОДЯЩЕЕ СОООБЩЕНИЕ UpdateType = Message; chatId = 1437102827; messageId = 354; text = /start canRoute = True
2024-03-29 16:01:59.6031 INFO ROUTER chatId = 1437102827; State = ClickOnInlineButtonUserLists
2024-03-29 16:01:59.7325 INFO ИСХОДЯЩЕЕ СОООБЩЕНИЕ chatId = 1437102827; text = Введена неизвестная команда. Для продолжения работы с ботом введите /reset; Keyboard = Клавиатуры в данном сообщении нет
2024-03-29 16:02:00.8467 INFO ВХОДЯЩЕЕ СОООБЩЕНИЕ UpdateType = Message; chatId = 1437102827; messageId = 356; text = /reset canRoute = True
2024-03-29 16:02:00.8467 INFO ROUTER chatId = 1437102827; State = ClickOnInlineButtonUserLists
2024-03-29 16:02:00.9677 INFO ИСХОДЯЩЕЕ СОООБЩЕНИЕ chatId = 1437102827; text = Выберите действие; Keyboard = Создать список;Просмотреть свои списки;Получить случайное блюдо;
2024-03-29 18:57:33.0589 INFO Выполнена инициализация Бота с токеном 7110426275:AAH7EEbnhcafTEyqkq18lb3ROQxz03KUY9E
2024-03-29 18:57:33.4708 INFO Бот запущен
2024-03-29 18:57:39.3530 INFO ВХОДЯЩЕЕ СОООБЩЕНИЕ UpdateType = CallbackQuery; chatId = 1437102827; messageId = 357; text = RandomDish canRoute = True
2024-03-29 18:57:39.3530 INFO ROUTER chatId = 1437102827; State = CommandStart
2024-03-29 18:57:39.4981 INFO ИСХОДЯЩЕЕ СОООБЩЕНИЕ chatId = 1437102827; text = Команда не распознана. Для начала работы с ботом введите /start; Keyboard = Клавиатуры в данном сообщении нет
2024-03-29 18:57:40.7994 INFO ВХОДЯЩЕЕ СОООБЩЕНИЕ UpdateType = Message; chatId = 1437102827; messageId = 359; text = /start canRoute = True
2024-03-29 18:57:40.7994 INFO ROUTER chatId = 1437102827; State = CommandStart
2024-03-29 18:57:40.8967 INFO ИСХОДЯЩЕЕ СОООБЩЕНИЕ chatId = 1437102827; text = Выберите действие; Keyboard = Создать список;Просмотреть свои списки;Получить случайное блюдо;
2024-03-29 18:57:41.7109 INFO ВХОДЯЩЕЕ СОООБЩЕНИЕ UpdateType = CallbackQuery; chatId = 1437102827; messageId = 360; text = RandomDish canRoute = True
2024-03-29 18:57:41.7109 INFO ROUTER chatId = 1437102827; State = ClickOnInlineButtonInMenuMain
2024-03-29 18:57:47.7201 INFO ИСХОДЯЩЕЕ СОООБЩЕНИЕ chatId = 1437102827; text = Случайное блюдо: Чавыча с кокосовым йогуртом и фенхелем  Игредиенты: Чавыча 150 г  Йогурт 400 г  Кокосовые сливки 150 мл  Фенхель 50 г  Перец чили 1 г  Тимьян 2 г  Оливковое масло 20 мл  Морская соль 2 г    Рецепт: 1. Филе лосося замариновать с оливковым маслом, с тимьяном и морской солью на полчаса. Из пергамента сделать конверт, поместить в него подготовленную рыбу и убрать на 8–10 минут в духовку, разогретую до 200 градусов.  2. Достать конверт из духовки. Не вскрывать конверт пять минут, чтобы рыба отдохнула.  3. Пока рыба отдыхает, приготовить кокосовый йогурт: смешать 400 грамм йогурта и 150 грамм кокосовых сливок, добавить соль по вкусу. К рыбе понадобится только 150 грамм, остальное можно использовать для других блюд из рыбы или морепродуктов.  4. Подавать чавычу с соусом и свежим корнем фенхеля, нарезанным тонкими дольками. Добавить зелень и небольшое количество оливкового масла. При подаче потереть цедру лимона или лайма.    Выберите действие:; Keyboard = Добавить в список;
2024-03-29 18:57:53.4934 INFO ВХОДЯЩЕЕ СОООБЩЕНИЕ UpdateType = CallbackQuery; chatId = 1437102827; messageId = 361; text = AddToDishList canRoute = True
2024-03-29 18:57:53.4934 INFO ROUTER chatId = 1437102827; State = ClickOnInlineButtonInRandomDishMenu
2024-03-29 18:57:53.6660 INFO ИСХОДЯЩЕЕ СОООБЩЕНИЕ chatId = 1437102827; text = Ваши списки; Keyboard = бимбам;еда 2.0;Назад;
2024-03-29 18:57:54.8009 INFO ВХОДЯЩЕЕ СОООБЩЕНИЕ UpdateType = Message; chatId = 1437102827; messageId = 363; text = еда 2.0 canRoute = True
2024-03-29 18:57:54.8009 INFO ROUTER chatId = 1437102827; State = ClickOnReplyButtonUserLists
2024-03-29 18:57:54.9841 INFO ИСХОДЯЩЕЕ СОООБЩЕНИЕ chatId = 1437102827; text = Введите вашу оценку блюду; Keyboard = Клавиатуры в данном сообщении нет
2024-03-29 18:57:57.2069 INFO ВХОДЯЩЕЕ СОООБЩЕНИЕ UpdateType = Message; chatId = 1437102827; messageId = 365; text = 7 canRoute = True
2024-03-29 18:57:57.2069 INFO ROUTER chatId = 1437102827; State = InputRating
2024-03-29 18:57:57.4254 INFO ИСХОДЯЩЕЕ СОООБЩЕНИЕ chatId = 1437102827; text = Введите ваш комментарий к данному блюду; Keyboard = Клавиатуры в данном сообщении нет
2024-03-29 18:57:59.3588 INFO ВХОДЯЩЕЕ СОООБЩЕНИЕ UpdateType = Message; chatId = 1437102827; messageId = 367; text = fggfgh canRoute = True
2024-03-29 18:57:59.3588 INFO ROUTER chatId = 1437102827; State = InputComment
2024-03-29 18:57:59.9833 INFO ИСХОДЯЩЕЕ СОООБЩЕНИЕ chatId = 1437102827; text = Блюдо Чавыча с кокосовым йогуртом и фенхелем было добавлено в еда 2.0; Keyboard = Клавиатуры в данном сообщении нет
2024-03-29 19:10:34.1465 INFO Выполнена инициализация Бота с токеном 7110426275:AAH7EEbnhcafTEyqkq18lb3ROQxz03KUY9E
2024-03-29 19:10:34.8129 INFO Бот запущен
2024-03-29 19:10:41.7325 INFO ВХОДЯЩЕЕ СОООБЩЕНИЕ UpdateType = Message; chatId = 1437102827; messageId = 369; text = /start canRoute = True
2024-03-29 19:10:41.7325 INFO ROUTER chatId = 1437102827; State = CommandStart
2024-03-29 19:10:41.8954 INFO ИСХОДЯЩЕЕ СОООБЩЕНИЕ chatId = 1437102827; text = Выберите действие; Keyboard = Создать список;Просмотреть свои списки;Получить случайное блюдо;
2024-03-29 19:10:43.0124 INFO ВХОДЯЩЕЕ СОООБЩЕНИЕ UpdateType = CallbackQuery; chatId = 1437102827; messageId = 370; text = RandomDish canRoute = True
2024-03-29 19:10:43.0124 INFO ROUTER chatId = 1437102827; State = ClickOnInlineButtonInMenuMain
2024-03-29 19:10:50.0001 INFO ИСХОДЯЩЕЕ СОООБЩЕНИЕ chatId = 1437102827; text = Случайное блюдо: Свинина в медовом маринаде  Игредиенты: Свинина 700 г  Соевый соус 2 столовые ложки  Мед 1 столовая ложка  Горчица 1 чайная ложка  Оливковое масло 1 столовая ложка  Яблочный уксус 1 чайная ложка  Лимонный сок 1 чайная ложка  Соль по вкусу  Молотый черный перец по вкусу  Перец чили по вкусу  Паприка по вкусу  Гвоздика 3 штуки  Молотый сушеный чеснок 2 чайные ложки  Молотая корица ¼ чайные ложки  Орегано по вкусу  Молотый мускатный орех по вкусу  Молотый душистый перец по вкусу  Молотый кориандр  по вкусу    Рецепт: 1. Свинину порежьте некрупными кусочками.  2. Смешайте ингредиенты для маринада в большой миске: мед, соевый соус, оливковое масло, горчицу, уксус, лимонный сок, сушеный чеснок, перцы. Посолите по вкусу. Помаринуйте минимум 30 минут.  3. Хорошо разогрейте сковороду. Налейте немного растительного масла. Выложите мясо вместе со всем маринадом. Добавьте корицу и гвоздику. Перемешайте.  4. Жарьте без крышки, периодически помешивая, до уваривания маринада и карамелизации мяса.  5. Накройте крышкой и жарьте до готовности. Проверьте готовность, достав и разрезав кусочек мяса.    Выберите действие:; Keyboard = Добавить в список;
2024-03-29 19:10:55.4078 INFO ВХОДЯЩЕЕ СОООБЩЕНИЕ UpdateType = CallbackQuery; chatId = 1437102827; messageId = 371; text = AddToDishList canRoute = True
2024-03-29 19:10:55.4078 INFO ROUTER chatId = 1437102827; State = ClickOnInlineButtonInRandomDishMenu
2024-03-29 19:10:55.5246 INFO ИСХОДЯЩЕЕ СОООБЩЕНИЕ chatId = 1437102827; text = Ваши списки; Keyboard = бимбам;еда 2.0;Назад;
2024-03-29 19:10:56.9699 INFO ВХОДЯЩЕЕ СОООБЩЕНИЕ UpdateType = Message; chatId = 1437102827; messageId = 373; text = еда 2.0 canRoute = True
2024-03-29 19:10:56.9699 INFO ROUTER chatId = 1437102827; State = ClickOnReplyButtonUserLists
2024-03-29 19:10:57.0925 INFO ИСХОДЯЩЕЕ СОООБЩЕНИЕ chatId = 1437102827; text = Введите вашу оценку блюду; Keyboard = Клавиатуры в данном сообщении нет
2024-03-29 19:10:59.9605 INFO ВХОДЯЩЕЕ СОООБЩЕНИЕ UpdateType = Message; chatId = 1437102827; messageId = 375; text = 5 canRoute = True
2024-03-29 19:10:59.9605 INFO ROUTER chatId = 1437102827; State = InputRating
2024-03-29 19:11:00.1488 INFO ИСХОДЯЩЕЕ СОООБЩЕНИЕ chatId = 1437102827; text = Введите ваш комментарий к данному блюду; Keyboard = Клавиатуры в данном сообщении нет
2024-03-29 19:11:04.2027 INFO ВХОДЯЩЕЕ СОООБЩЕНИЕ UpdateType = Message; chatId = 1437102827; messageId = 377; text = hjghgghghk canRoute = True
2024-03-29 19:11:04.2027 INFO ROUTER chatId = 1437102827; State = InputComment
2024-03-29 19:11:48.6612 INFO ИСХОДЯЩЕЕ СОООБЩЕНИЕ chatId = 1437102827; text = Блюдо Свинина в медовом маринаде было добавлено в еда 2.0; Keyboard = Клавиатуры в данном сообщении нет
2024-03-29 19:37:25.1654 INFO Выполнена инициализация Бота с токеном 7110426275:AAH7EEbnhcafTEyqkq18lb3ROQxz03KUY9E
2024-03-29 19:37:25.8005 INFO Бот запущен
2024-03-29 19:37:32.1886 INFO ВХОДЯЩЕЕ СОООБЩЕНИЕ UpdateType = Message; chatId = 1437102827; messageId = 379; text = /start canRoute = True
2024-03-29 19:37:32.1886 INFO ROUTER chatId = 1437102827; State = CommandStart
2024-03-29 19:37:32.8056 INFO ИСХОДЯЩЕЕ СОООБЩЕНИЕ chatId = 1437102827; text = Выберите действие; Keyboard = Создать список;Просмотреть свои списки;Получить случайное блюдо;
2024-03-29 19:37:34.2072 INFO ВХОДЯЩЕЕ СОООБЩЕНИЕ UpdateType = CallbackQuery; chatId = 1437102827; messageId = 380; text = RandomDish canRoute = True
2024-03-29 19:37:34.2072 INFO ROUTER chatId = 1437102827; State = ClickOnInlineButtonInMenuMain
2024-03-29 19:37:53.4181 INFO ИСХОДЯЩЕЕ СОООБЩЕНИЕ chatId = 1437102827; text = Случайное блюдо: Теплый салат с пореем и морепродуктами  Игредиенты: Лук-порей 3 стебля  Осьминог 500 г  Каракатица 300 г  Соевый соус 5 столовых ложек  Креветки 300 г  Зеленый лук 1 пучок  Рыбный соус 12 столовых ложек  Острый тайский соус 5 столовых ложек  Кешью 100 г  Перец чили 1 штука  Оливки без косточек 70 г  Кинза 1 пучок  Оливковое масло 50 мл  Сливочное масло 50 г  Консервированные осьминоги в масле 200 г    Рецепт: 1. Осьминога целиком опустить в кипящую воду и подержать в ней двадцать минут, до полной готовности. Отварного осьминога крупно нарезать, положить в миску, залить двумя столовыми ложками рыбного соуса, перемешать и оставить мариноваться на несколько минут.  2. Креветок и каракатиц бросить на разогретую сковороду со сливочным маслом, обжарить до золотистой корочки. За минуту до готовности подлить чуть ­соевого соуса и перемешать.  3. Нарезать порей на диски шириной полтора-два сантиметра и разобрать их на кольца.  4. Крупно нарезать пучок зеленого лука и пучок кинзы. Мелко нарезать перец чили. Если предварительно очистить его от семян, это сильно уменьшит остроту салата.  5. Разогреть вок, влить в него оливковое масло так, чтобы оно покрывало дно. Бросить в него нарезанный порей и жарить, помешивая, пока лук не уменьшится в объеме в 3–4 раза.  6. Дальше нужно поочередно добавить в вок все оставшиеся ингредиенты, выдерживая между каждым продуктом интервал в пару минут. Сначала морепродукты: отварные осьминоги, жареные каракатицы, креветки, консервированные осьминоги в масле. Подлить пять столовых ложек рыбного соуса и столько же остро-сладкого соуса.  7. Потом зеленый лук и орешки. Снова подлить пять столовых ложек рыбного соуса. В последнюю очередь — кинзу и чили. Со времени добавления кинзы вок должен быть на огне недолго — чтобы она не успела потерять свой цвет. Подавать салат теплым, для красоты выложив на пальмовые листья.    Выберите действие:; Keyboard = Добавить в список;
2024-03-29 19:37:55.2153 INFO ВХОДЯЩЕЕ СОООБЩЕНИЕ UpdateType = CallbackQuery; chatId = 1437102827; messageId = 381; text = AddToDishList canRoute = True
2024-03-29 19:37:55.2153 INFO ROUTER chatId = 1437102827; State = ClickOnInlineButtonInRandomDishMenu
2024-03-29 19:37:55.9062 INFO ИСХОДЯЩЕЕ СОООБЩЕНИЕ chatId = 1437102827; text = Ваши списки; Keyboard = бимбам;еда 2.0;Назад;
2024-03-29 19:37:58.1248 INFO ВХОДЯЩЕЕ СОООБЩЕНИЕ UpdateType = Message; chatId = 1437102827; messageId = 383; text = еда 2.0 canRoute = True
2024-03-29 19:37:58.1248 INFO ROUTER chatId = 1437102827; State = ClickOnReplyButtonUserLists
2024-03-29 19:37:58.8581 INFO ИСХОДЯЩЕЕ СОООБЩЕНИЕ chatId = 1437102827; text = Введите вашу оценку блюду; Keyboard = Клавиатуры в данном сообщении нет
2024-03-29 19:38:01.6899 INFO ВХОДЯЩЕЕ СОООБЩЕНИЕ UpdateType = Message; chatId = 1437102827; messageId = 385; text = 2 canRoute = True
2024-03-29 19:38:01.6899 INFO ROUTER chatId = 1437102827; State = InputRating
2024-03-29 19:38:02.2761 INFO ИСХОДЯЩЕЕ СОООБЩЕНИЕ chatId = 1437102827; text = Введите ваш комментарий к данному блюду; Keyboard = Клавиатуры в данном сообщении нет
2024-03-29 19:38:05.5565 INFO ВХОДЯЩЕЕ СОООБЩЕНИЕ UpdateType = Message; chatId = 1437102827; messageId = 387; text = bn bjbjh canRoute = True
2024-03-29 19:38:05.5565 INFO ROUTER chatId = 1437102827; State = InputComment
2024-03-29 19:38:06.6618 INFO ИСХОДЯЩЕЕ СОООБЩЕНИЕ chatId = 1437102827; text = Блюдо Теплый салат с пореем и морепродуктами было добавлено в еда 2.0; Keyboard = Клавиатуры в данном сообщении нет
2024-03-29 19:40:45.6716 INFO Выполнена инициализация Бота с токеном 7110426275:AAH7EEbnhcafTEyqkq18lb3ROQxz03KUY9E
2024-03-29 19:40:45.8898 INFO Бот запущен
2024-03-29 19:40:49.6502 INFO ВХОДЯЩЕЕ СОООБЩЕНИЕ UpdateType = Message; chatId = 1437102827; messageId = 389; text = /start canRoute = True
2024-03-29 19:40:49.6502 INFO ROUTER chatId = 1437102827; State = CommandStart
2024-03-29 19:40:50.2535 INFO ИСХОДЯЩЕЕ СОООБЩЕНИЕ chatId = 1437102827; text = Выберите действие; Keyboard = Создать список;Просмотреть свои списки;Получить случайное блюдо;
2024-03-29 19:40:51.7861 INFO ВХОДЯЩЕЕ СОООБЩЕНИЕ UpdateType = CallbackQuery; chatId = 1437102827; messageId = 390; text = RandomDish canRoute = True
2024-03-29 19:40:51.7861 INFO ROUTER chatId = 1437102827; State = ClickOnInlineButtonInMenuMain
2024-03-29 19:41:43.0499 INFO ИСХОДЯЩЕЕ СОООБЩЕНИЕ chatId = 1437102827; text = Случайное блюдо: Булочки с маком  Игредиенты: Молоко 500 мл  Сахар 350 г  Пшеничная мука 700 г  Свежие дрожжи 50 г  Куриное яйцо 3 штуки  Сливочное масло 200 г  Соль щепотка  Мак 250 г  Ванильный экстракт ½ чайные ложки    Рецепт: 1. Для опары смешать 250 мл теплого молока, 50 грамм сахара, дрожжи и 150 грамм муки до однородной массы. Накрыть пленкой и оставить на 20 минут.  2. Растопить 100 грамм сливочного масла.  3. 2 яйца взбить в пышную пену.  4. Добавить к яйцам щепотку соли и, продолжая взбивать, постепенно добавить 150 грамм сахара. Взбивать, пока сахар полностью не растворится.  5. Постепенно добавить к яйцам растопленное масло, взбивая на небольшой скорости, чтобы пена не опала.  6. Добавить к яичной массе ванильный экстракт, опару и муку, замесить тесто насадкой крюк. Тесто должно собраться в один комок и не липнуть к рукам. Накрыть тесто пленкой и поставить в теплое место на 1,5 часа. Оно должно увеличиться вдвое.  7. Через полтора часа обмять тесто и отправить в расстойку еще на 20–30 минут.  8. Для начинки поместить маковые семена в сотейник, залить их молоком, перемешать и поставить на огонь. Варить на небольшом огне 15 минут.  9. Откинуть мак на сито и дать стечь всей жидкости в течение 10 минут.  10. Переложить мак в чистую миску, добавить 150 грамм сахара и размолоть ступкой или погружным блендером.  11. Готовое тесто еще раз обмять и раскатать в прямоугольный пласт толщиной 5–7 мм.  12. Равномерно смазать тесто размягченным сливочным маслом, затем маковой пастой.  13. Закрутить тесто в рулет и нарезать его на булочки шириной 5 см. Переложить их на противень с пергаментом.  14. Взбить яйцо с ложкой воды и смазать этой смесью булочки. Отправить их в духовку, разогретую до 180 градусов, на 20–25 минут.    Выберите действие:; Keyboard = Добавить в список;
2024-03-29 19:41:55.8991 INFO ВХОДЯЩЕЕ СОООБЩЕНИЕ UpdateType = CallbackQuery; chatId = 1437102827; messageId = 391; text = AddToDishList canRoute = True
2024-03-29 19:41:55.8991 INFO ROUTER chatId = 1437102827; State = ClickOnInlineButtonInRandomDishMenu
2024-03-29 19:41:56.5652 INFO ИСХОДЯЩЕЕ СОООБЩЕНИЕ chatId = 1437102827; text = Ваши списки; Keyboard = бимбам;еда 2.0;Назад;
2024-03-29 19:41:58.3369 INFO ВХОДЯЩЕЕ СОООБЩЕНИЕ UpdateType = Message; chatId = 1437102827; messageId = 393; text = еда 2.0 canRoute = True
2024-03-29 19:41:58.3369 INFO ROUTER chatId = 1437102827; State = ClickOnReplyButtonUserLists
2024-03-29 19:41:58.9314 INFO ИСХОДЯЩЕЕ СОООБЩЕНИЕ chatId = 1437102827; text = Введите вашу оценку блюду; Keyboard = Клавиатуры в данном сообщении нет
2024-03-29 19:42:01.7637 INFO ВХОДЯЩЕЕ СОООБЩЕНИЕ UpdateType = Message; chatId = 1437102827; messageId = 395; text = 9 canRoute = True
2024-03-29 19:42:01.7637 INFO ROUTER chatId = 1437102827; State = InputRating
2024-03-29 19:42:02.3287 INFO ИСХОДЯЩЕЕ СОООБЩЕНИЕ chatId = 1437102827; text = Введите ваш комментарий к данному блюду; Keyboard = Клавиатуры в данном сообщении нет
2024-03-29 19:42:07.4015 INFO ВХОДЯЩЕЕ СОООБЩЕНИЕ UpdateType = Message; chatId = 1437102827; messageId = 397; text = ыфааывыаваывываывааывываывааыв canRoute = True
2024-03-29 19:42:07.4015 INFO ROUTER chatId = 1437102827; State = InputComment
2024-03-29 19:42:08.6936 INFO ИСХОДЯЩЕЕ СОООБЩЕНИЕ chatId = 1437102827; text = Блюдо Булочки с маком было добавлено в еда 2.0; Keyboard = Клавиатуры в данном сообщении нет
2024-03-29 19:45:07.7960 INFO Выполнена инициализация Бота с токеном 7110426275:AAH7EEbnhcafTEyqkq18lb3ROQxz03KUY9E
2024-03-29 19:45:08.1838 INFO Бот запущен
2024-03-29 19:45:12.3977 INFO ВХОДЯЩЕЕ СОООБЩЕНИЕ UpdateType = Message; chatId = 1437102827; messageId = 399; text = /start canRoute = True
2024-03-29 19:45:12.3977 INFO ROUTER chatId = 1437102827; State = CommandStart
2024-03-29 19:45:13.0284 INFO ИСХОДЯЩЕЕ СОООБЩЕНИЕ chatId = 1437102827; text = Выберите действие; Keyboard = Создать список;Просмотреть свои списки;Получить случайное блюдо;
2024-03-29 19:45:14.2137 INFO ВХОДЯЩЕЕ СОООБЩЕНИЕ UpdateType = CallbackQuery; chatId = 1437102827; messageId = 400; text = RandomDish canRoute = True
2024-03-29 19:45:14.2137 INFO ROUTER chatId = 1437102827; State = ClickOnInlineButtonInMenuMain
2024-03-29 19:45:54.6436 INFO ИСХОДЯЩЕЕ СОООБЩЕНИЕ chatId = 1437102827; text = Случайное блюдо: Запеченные макароны в сырном соусе  Игредиенты: Макароны 200 г  Сыр 200 г  Молоко 750 мл  Пшеничная мука 50 г  Сливочное масло 50 г    Рецепт: 1. Разогреть духовку до 200 градусов и сварить макароны.  2. Натереть сыр.  3. В отдельную кастрюлю добавить молоко, масло и муку. Так же посолить и поперчить по вкусу. Поставить все на средний огонь и, постоянно помешивая, довести до консистенции сметаны. Затем выключить огонь и добавить ¾ части сыра в соус.  4. Перемешать макароны с сырным соусом и с петрушкой. Выложить все на противень, посыпать сверху сыром и поставить в духовку на 10 минут или до тех пор, пока сыр не подрумянится.    Выберите действие:; Keyboard = Добавить в список;
2024-03-29 19:45:57.1850 INFO ВХОДЯЩЕЕ СОООБЩЕНИЕ UpdateType = CallbackQuery; chatId = 1437102827; messageId = 401; text = AddToDishList canRoute = True
2024-03-29 19:45:57.1850 INFO ROUTER chatId = 1437102827; State = ClickOnInlineButtonInRandomDishMenu
2024-03-29 19:45:57.8082 INFO ИСХОДЯЩЕЕ СОООБЩЕНИЕ chatId = 1437102827; text = Ваши списки; Keyboard = бимбам;еда 2.0;Назад;
2024-03-29 19:45:59.8178 INFO ВХОДЯЩЕЕ СОООБЩЕНИЕ UpdateType = Message; chatId = 1437102827; messageId = 403; text = бимбам canRoute = True
2024-03-29 19:45:59.8178 INFO ROUTER chatId = 1437102827; State = ClickOnReplyButtonUserLists
2024-03-29 19:46:00.4680 INFO ИСХОДЯЩЕЕ СОООБЩЕНИЕ chatId = 1437102827; text = Введите вашу оценку блюду; Keyboard = Клавиатуры в данном сообщении нет
2024-03-29 19:46:04.0517 INFO ВХОДЯЩЕЕ СОООБЩЕНИЕ UpdateType = Message; chatId = 1437102827; messageId = 405; text = 2 canRoute = True
2024-03-29 19:46:04.0517 INFO ROUTER chatId = 1437102827; State = InputRating
2024-03-29 19:46:04.6717 INFO ИСХОДЯЩЕЕ СОООБЩЕНИЕ chatId = 1437102827; text = Введите ваш комментарий к данному блюду; Keyboard = Клавиатуры в данном сообщении нет
2024-03-29 19:46:07.0034 INFO ВХОДЯЩЕЕ СОООБЩЕНИЕ UpdateType = Message; chatId = 1437102827; messageId = 407; text = 44323423424233 canRoute = True
2024-03-29 19:46:07.0034 INFO ROUTER chatId = 1437102827; State = InputComment
2024-03-29 19:46:08.1003 INFO ИСХОДЯЩЕЕ СОООБЩЕНИЕ chatId = 1437102827; text = Блюдо Запеченные макароны в сырном соусе было добавлено в бимбам; Keyboard = Клавиатуры в данном сообщении нет
2024-03-29 19:46:58.6280 INFO Выполнена инициализация Бота с токеном 7110426275:AAH7EEbnhcafTEyqkq18lb3ROQxz03KUY9E
2024-03-29 19:46:58.8465 INFO Бот запущен
2024-03-29 19:47:02.0338 INFO ВХОДЯЩЕЕ СОООБЩЕНИЕ UpdateType = Message; chatId = 1437102827; messageId = 409; text = /start canRoute = True
2024-03-29 19:47:02.0338 INFO ROUTER chatId = 1437102827; State = CommandStart
2024-03-29 19:47:02.6820 INFO ИСХОДЯЩЕЕ СОООБЩЕНИЕ chatId = 1437102827; text = Выберите действие; Keyboard = Создать список;Просмотреть свои списки;Получить случайное блюдо;
2024-03-29 19:47:03.9597 INFO ВХОДЯЩЕЕ СОООБЩЕНИЕ UpdateType = CallbackQuery; chatId = 1437102827; messageId = 410; text = RandomDish canRoute = True
2024-03-29 19:47:03.9606 INFO ROUTER chatId = 1437102827; State = ClickOnInlineButtonInMenuMain
2024-03-29 19:48:19.1510 INFO ИСХОДЯЩЕЕ СОООБЩЕНИЕ chatId = 1437102827; text = Случайное блюдо: Уха с лососем  Игредиенты: Рыбный бульон 800 мл  Картофель 80 г  Лук-порей 120 г  Плавленый сыр 160 г  Чеснок 2 г  Тимьян 2 веточки  Белое вино 20 мл  Помидоры черри 100 г  Отварной картофель 80 г  Морковь 40 г  Замороженный зеленый горошек  40 г  Растительное масло 80 мл  Лосось 200 г  Зелень 60 г  Сметана 60 г  Икра щуки 20 г  Укропное масло по вкусу    Рецепт: 1. Для заготовки для ухи нарезанный лук-порей обжарить на растительном масле, затем добавить белое вино и выпарить. Влить бульон и положить нарезанный картофель.  2. Варить до готовности картофеля. Затем добавить плавленый сыр, растворить его, добавить чеснок. Все пробить блендером. Затем добавить веточки тимьяна.  3. Для ухи лук-порей нарезать кружочками, помидоры черри — половинками, картофель — средними кубиками, морковь нарезать кружочками. Все слегка обжарить на масле.  4. Добавить нарезанное кубиками филе лосося и обжарить. Влить заготовку для ухи, добавить горошек и проварить.  5. Подавать с зеленью, фаршированными сметаной профитролями, икрой и укропным маслом.    Выберите действие:; Keyboard = Добавить в список;
2024-03-29 19:48:35.1051 INFO Выполнена инициализация Бота с токеном 7110426275:AAH7EEbnhcafTEyqkq18lb3ROQxz03KUY9E
2024-03-29 19:48:35.3188 INFO Бот запущен
2024-03-29 19:48:37.8857 INFO ВХОДЯЩЕЕ СОООБЩЕНИЕ UpdateType = CallbackQuery; chatId = 1437102827; messageId = 410; text = RandomDish canRoute = True
2024-03-29 19:48:37.8857 INFO ROUTER chatId = 1437102827; State = CommandStart
2024-03-29 19:48:38.4759 INFO ИСХОДЯЩЕЕ СОООБЩЕНИЕ chatId = 1437102827; text = Команда не распознана. Для начала работы с ботом введите /start; Keyboard = Клавиатуры в данном сообщении нет
2024-03-29 19:48:40.7309 INFO ВХОДЯЩЕЕ СОООБЩЕНИЕ UpdateType = Message; chatId = 1437102827; messageId = 413; text = /start canRoute = True
2024-03-29 19:48:40.7309 INFO ROUTER chatId = 1437102827; State = CommandStart
2024-03-29 19:48:41.3675 INFO ИСХОДЯЩЕЕ СОООБЩЕНИЕ chatId = 1437102827; text = Выберите действие; Keyboard = Создать список;Просмотреть свои списки;Получить случайное блюдо;
2024-03-29 19:48:42.5562 INFO ВХОДЯЩЕЕ СОООБЩЕНИЕ UpdateType = CallbackQuery; chatId = 1437102827; messageId = 414; text = RandomDish canRoute = True
2024-03-29 19:48:42.5562 INFO ROUTER chatId = 1437102827; State = ClickOnInlineButtonInMenuMain
2024-03-29 19:49:32.1722 INFO ИСХОДЯЩЕЕ СОООБЩЕНИЕ chatId = 1437102827; text = Случайное блюдо: Глазированная в меду курица с салатом из латука, романо, пекинской капусты и кимчи  Игредиенты: Свежая кинза (кориандр) 20 г  Куриный бульон 500 мл  Соевый соус 100 мл  Цветочный мед 50 г  Курица 1 штука  Имбирь 50 г  Перец чили 2 штуки  Салат романо ½ пучка  Пекинская капуста ½ головки  Латук ½ пучка  Чеснок 4 зубчика  Лайм 1 штука  Рыбный соус 100 мл  Чили-паста 50 г  Дайкон 300 г  Морковь 300 г  Зеленый лук 50 г    Рецепт: 1. Курицу-гриль разделать на части. В сковороде смешать соевый соус с медом и бульоном и выпаривать на сильном огне, пока соус не начнет густеть. Добавить мелко нарубленный имбирь, кинзу и перец чили и обжарить в соусе кусочки курицы — примерно минуту-полторы с каждой стороны.  2. Разорвать салатные листья на куски, пекинскую капусту нарезать тонкой соломкой, то же сделать с морковью и дайконом. Сок и цедру лайма смешать в блендере с рыбным соусом, чесноком, корейской пас­той чили. Добавить в салат зеленый лук и перемешать с соусом. Подавать с курицей.    Выберите действие:; Keyboard = Добавить в список;
2024-03-29 19:50:45.4794 INFO Выполнена инициализация Бота с токеном 7110426275:AAH7EEbnhcafTEyqkq18lb3ROQxz03KUY9E
2024-03-29 19:50:45.7162 INFO Бот запущен
2024-03-29 19:50:46.6321 INFO ВХОДЯЩЕЕ СОООБЩЕНИЕ UpdateType = CallbackQuery; chatId = 1437102827; messageId = 414; text = RandomDish canRoute = True
2024-03-29 19:50:46.6321 INFO ROUTER chatId = 1437102827; State = CommandStart
2024-03-29 19:50:46.7931 INFO ИСХОДЯЩЕЕ СОООБЩЕНИЕ chatId = 1437102827; text = Команда не распознана. Для начала работы с ботом введите /start; Keyboard = Клавиатуры в данном сообщении нет
2024-03-29 19:50:46.8667 INFO ВХОДЯЩЕЕ СОООБЩЕНИЕ UpdateType = CallbackQuery; chatId = 1437102827; messageId = 415; text = AddToDishList canRoute = True
2024-03-29 19:50:46.8667 INFO ROUTER chatId = 1437102827; State = CommandStart
2024-03-29 19:50:47.0323 INFO ИСХОДЯЩЕЕ СОООБЩЕНИЕ chatId = 1437102827; text = Команда не распознана. Для начала работы с ботом введите /start; Keyboard = Клавиатуры в данном сообщении нет
2024-03-29 19:50:47.1025 INFO ВХОДЯЩЕЕ СОООБЩЕНИЕ UpdateType = CallbackQuery; chatId = 1437102827; messageId = 415; text = AddToDishList canRoute = True
2024-03-29 19:50:47.1025 INFO ROUTER chatId = 1437102827; State = CommandStart
2024-03-29 19:50:47.2846 INFO ИСХОДЯЩЕЕ СОООБЩЕНИЕ chatId = 1437102827; text = Команда не распознана. Для начала работы с ботом введите /start; Keyboard = Клавиатуры в данном сообщении нет
2024-03-29 19:50:54.0730 INFO ВХОДЯЩЕЕ СОООБЩЕНИЕ UpdateType = Message; chatId = 1437102827; messageId = 419; text = /start canRoute = True
2024-03-29 19:53:09.4075 INFO Выполнена инициализация Бота с токеном 7110426275:AAH7EEbnhcafTEyqkq18lb3ROQxz03KUY9E
2024-03-29 19:53:09.6667 INFO Бот запущен
2024-03-29 19:53:10.4015 INFO ВХОДЯЩЕЕ СОООБЩЕНИЕ UpdateType = Message; chatId = 1437102827; messageId = 419; text = /start canRoute = True
2024-03-29 19:53:10.4015 INFO ROUTER chatId = 1437102827; State = CommandStart
2024-03-29 19:53:10.5737 INFO ИСХОДЯЩЕЕ СОООБЩЕНИЕ chatId = 1437102827; text = Выберите действие; Keyboard = Создать список;Просмотреть свои списки;Получить случайное блюдо;
2024-03-29 19:53:10.6673 INFO ВХОДЯЩЕЕ СОООБЩЕНИЕ UpdateType = Message; chatId = 1437102827; messageId = 420; text = /reset canRoute = True
2024-03-29 19:53:10.6673 INFO ROUTER chatId = 1437102827; State = ClickOnInlineButtonInMenuMain
2024-03-29 19:53:10.8131 INFO ИСХОДЯЩЕЕ СОООБЩЕНИЕ chatId = 1437102827; text = Выберите действие; Keyboard = Создать список;Просмотреть свои списки;Получить случайное блюдо;
2024-03-29 19:53:10.9204 INFO ВХОДЯЩЕЕ СОООБЩЕНИЕ UpdateType = Message; chatId = 1437102827; messageId = 421; text = /start canRoute = True
2024-03-29 19:53:10.9204 INFO ROUTER chatId = 1437102827; State = ClickOnInlineButtonInMenuMain
2024-03-29 19:53:11.0641 INFO ИСХОДЯЩЕЕ СОООБЩЕНИЕ chatId = 1437102827; text = Введена неизвестная команда. Для продолжения работы с ботом введите /reset; Keyboard = Клавиатуры в данном сообщении нет
2024-03-29 19:53:17.2448 INFO ВХОДЯЩЕЕ СОООБЩЕНИЕ UpdateType = Message; chatId = 1437102827; messageId = 425; text = /reset canRoute = True
2024-03-29 19:53:17.2448 INFO ROUTER chatId = 1437102827; State = ClickOnInlineButtonInMenuMain
2024-03-29 19:53:17.3707 INFO ИСХОДЯЩЕЕ СОООБЩЕНИЕ chatId = 1437102827; text = Выберите действие; Keyboard = Создать список;Просмотреть свои списки;Получить случайное блюдо;
2024-03-29 19:53:18.2979 INFO ВХОДЯЩЕЕ СОООБЩЕНИЕ UpdateType = CallbackQuery; chatId = 1437102827; messageId = 426; text = RandomDish canRoute = True
2024-03-29 19:53:18.2979 INFO ROUTER chatId = 1437102827; State = ClickOnInlineButtonInMenuMain
2024-03-29 19:53:51.0276 INFO Выполнена инициализация Бота с токеном 7110426275:AAH7EEbnhcafTEyqkq18lb3ROQxz03KUY9E
2024-03-29 19:53:51.2410 INFO Бот запущен
2024-03-29 19:53:51.9607 INFO ВХОДЯЩЕЕ СОООБЩЕНИЕ UpdateType = CallbackQuery; chatId = 1437102827; messageId = 426; text = RandomDish canRoute = True
2024-03-29 19:53:51.9607 INFO ROUTER chatId = 1437102827; State = CommandStart
2024-03-29 19:53:52.1258 INFO ИСХОДЯЩЕЕ СОООБЩЕНИЕ chatId = 1437102827; text = Команда не распознана. Для начала работы с ботом введите /start; Keyboard = Клавиатуры в данном сообщении нет
2024-03-29 19:53:55.6992 INFO ВХОДЯЩЕЕ СОООБЩЕНИЕ UpdateType = Message; chatId = 1437102827; messageId = 428; text = /start canRoute = True
2024-03-29 19:53:55.6992 INFO ROUTER chatId = 1437102827; State = CommandStart
2024-03-29 19:53:55.8712 INFO ИСХОДЯЩЕЕ СОООБЩЕНИЕ chatId = 1437102827; text = Выберите действие; Keyboard = Создать список;Просмотреть свои списки;Получить случайное блюдо;
2024-03-29 19:53:56.4625 INFO ВХОДЯЩЕЕ СОООБЩЕНИЕ UpdateType = CallbackQuery; chatId = 1437102827; messageId = 429; text = RandomDish canRoute = True
2024-03-29 19:53:56.4625 INFO ROUTER chatId = 1437102827; State = ClickOnInlineButtonInMenuMain
2024-03-29 19:54:04.5459 INFO ИСХОДЯЩЕЕ СОООБЩЕНИЕ chatId = 1437102827; text = Случайное блюдо: Луковые кольца в пивном кляре  Игредиенты: Пшеничная мука 280 г  Темный эль 350 мл  Репчатый лук 3 головки  Растительное масло 1 л  Соль по вкусу    Рецепт: 1. Смешать 230 грамм муки с темным элем до однородной массы при помощи венчика.  2. Лук очистить и нарезать толстыми кольцами.  3. Разобрать лук на отдельные колечки.  4. Посолить кольца лука и обвалять их в муке.  5. В глубоком сотейнике разогреть масло до 190 градусов.  6. По одному обмакнуть кольца в кляр и бросить в горячее масло. Жарить 2–3 минуты до золотистой корочки.  7. Готовые кольца переложить на бумажное полотенце, чтобы избавиться от лишнего жира.    Выберите действие:; Keyboard = Добавить в список;
2024-03-29 19:54:04.6271 INFO ВХОДЯЩЕЕ СОООБЩЕНИЕ UpdateType = CallbackQuery; chatId = 1437102827; messageId = 429; text = RandomDish canRoute = True
2024-03-29 19:54:04.6271 INFO ROUTER chatId = 1437102827; State = ClickOnInlineButtonInRandomDishMenu
2024-03-29 19:54:34.5217 ERROR ОШИБКА chatId = 1437102827; text = Неизвестная ошибка в ProcessClickOnInlineButtonInRandomDishMenu
2024-03-29 19:54:39.9575 INFO ВХОДЯЩЕЕ СОООБЩЕНИЕ UpdateType = CallbackQuery; chatId = 1437102827; messageId = 430; text = AddToDishList canRoute = True
2024-03-29 19:54:39.9575 INFO ROUTER chatId = 1437102827; State = ClickOnInlineButtonInRandomDishMenu
2024-03-29 19:54:40.0857 INFO ИСХОДЯЩЕЕ СОООБЩЕНИЕ chatId = 1437102827; text = Ваши списки; Keyboard = еда 2.0;бимбам;Назад;
2024-03-29 19:54:41.3111 INFO ВХОДЯЩЕЕ СОООБЩЕНИЕ UpdateType = Message; chatId = 1437102827; messageId = 432; text = бимбам canRoute = True
2024-03-29 19:54:41.3111 INFO ROUTER chatId = 1437102827; State = ClickOnReplyButtonUserLists
2024-03-29 19:54:41.4736 INFO ИСХОДЯЩЕЕ СОООБЩЕНИЕ chatId = 1437102827; text = Введите вашу оценку блюду; Keyboard = Клавиатуры в данном сообщении нет
2024-03-29 19:54:44.9529 INFO ВХОДЯЩЕЕ СОООБЩЕНИЕ UpdateType = Message; chatId = 1437102827; messageId = 434; text = 7 canRoute = True
2024-03-29 19:54:44.9529 INFO ROUTER chatId = 1437102827; State = InputRating
2024-03-29 19:54:45.1615 INFO ИСХОДЯЩЕЕ СОООБЩЕНИЕ chatId = 1437102827; text = Введите ваш комментарий к данному блюду; Keyboard = Клавиатуры в данном сообщении нет
2024-03-29 19:54:46.9267 INFO ВХОДЯЩЕЕ СОООБЩЕНИЕ UpdateType = Message; chatId = 1437102827; messageId = 436; text = lhhjjh canRoute = True
2024-03-29 19:54:46.9267 INFO ROUTER chatId = 1437102827; State = InputComment
2024-03-29 19:55:12.4915 INFO ИСХОДЯЩЕЕ СОООБЩЕНИЕ chatId = 1437102827; text = Блюдо Луковые кольца в пивном кляре было добавлено в бимбам; Keyboard = Клавиатуры в данном сообщении нет
2024-03-29 20:01:31.7256 INFO Выполнена инициализация Бота с токеном 7110426275:AAH7EEbnhcafTEyqkq18lb3ROQxz03KUY9E
2024-03-29 20:01:31.9740 INFO Бот запущен
2024-03-29 20:01:38.0949 INFO ВХОДЯЩЕЕ СОООБЩЕНИЕ UpdateType = Message; chatId = 1437102827; messageId = 438; text = /start canRoute = True
2024-03-29 20:01:38.0949 INFO ROUTER chatId = 1437102827; State = CommandStart
2024-03-29 20:01:38.2645 INFO ИСХОДЯЩЕЕ СОООБЩЕНИЕ chatId = 1437102827; text = Выберите действие; Keyboard = Создать список;Просмотреть свои списки;Получить случайное блюдо;
2024-03-29 20:01:38.9403 INFO ВХОДЯЩЕЕ СОООБЩЕНИЕ UpdateType = CallbackQuery; chatId = 1437102827; messageId = 439; text = RandomDish canRoute = True
2024-03-29 20:01:38.9403 INFO ROUTER chatId = 1437102827; State = ClickOnInlineButtonInMenuMain
2024-03-29 20:01:46.4102 INFO ИСХОДЯЩЕЕ СОООБЩЕНИЕ chatId = 1437102827; text = Случайное блюдо: Лимонные бискотти с миндалем  Игредиенты: Пшеничная мука 220 г  Рисовая мука 30 г  Очищенный миндаль 100 г  Коричневый сахар 100 г  Яичный желток 1 штука  Куриное яйцо 3 штуки  Лимон 1 штука  Молоко 1 чайная ложка  Разрыхлитель 1,5 чайных ложек  Соль щепотка    Рецепт: 1. Лимонную цедру мелко натереть, миндаль обжарить на сухой сковороде, чтобы он только подрумянился.  2. Отделить яичные белки от желтков: с помощью миксера превра­тить белки с щепоткой соли в крепкую пену, 3 желтка тоже взбить, понемногу добавляя сахар, а потом смешать с цед­рой лимона.  3. Выложить взбитые желтки и белки в одну миску и аккуратно перемешать лопаткой.  4. Пшеничную муку просеять вместе с рисовой и разрыхлителем для теста, вмешать в яичную смесь. Добавить туда же орехи и снова хорошо перемешать. ­Если тесто получается слишком липким, можно добавить еще немного пшеничной муки.  5. Мокрыми руками разделить ­тесто на четыре части, из каждой слепить батончик — размером примерно с котлету по-киевски.  6. Выложить батончики на противень, выстланный бумагой для выпечки, смазать их смесью яичного желтка и чайной ложки молока и поставить в разогретую до 180 градусов духовку минут на 25.  7. Вынуть батончики теста из духовки. Минут через 10, когда они немного остынут, нарезать их острым хлебным ножом на кусочки толщиной в 0,5 см.  8. Снова отправить печенье в духовку — на этот раз печь при температуре 150 градусов в режиме конвекции минут 25, периодически перевора­чи­вая сухарики. Дать бискотти остыть на решетке.    Выберите действие:; Keyboard = Добавить в список;
2024-03-29 20:01:48.6674 INFO ВХОДЯЩЕЕ СОООБЩЕНИЕ UpdateType = CallbackQuery; chatId = 1437102827; messageId = 440; text = AddToDishList canRoute = True
2024-03-29 20:01:48.6674 INFO ROUTER chatId = 1437102827; State = ClickOnInlineButtonInRandomDishMenu
2024-03-29 20:01:48.7802 INFO ИСХОДЯЩЕЕ СОООБЩЕНИЕ chatId = 1437102827; text = Ваши списки; Keyboard = еда 2.0;бимбам;Назад;
2024-03-29 20:01:51.4628 INFO ВХОДЯЩЕЕ СОООБЩЕНИЕ UpdateType = Message; chatId = 1437102827; messageId = 442; text = бимбам canRoute = True
2024-03-29 20:01:51.4628 INFO ROUTER chatId = 1437102827; State = ClickOnReplyButtonUserLists
2024-03-29 20:01:51.5662 INFO ИСХОДЯЩЕЕ СОООБЩЕНИЕ chatId = 1437102827; text = Введите вашу оценку блюду; Keyboard = Клавиатуры в данном сообщении нет
2024-03-29 20:01:55.1939 INFO ВХОДЯЩЕЕ СОООБЩЕНИЕ UpdateType = Message; chatId = 1437102827; messageId = 444; text = 3 canRoute = True
2024-03-29 20:01:55.1947 INFO ROUTER chatId = 1437102827; State = InputRating
2024-03-29 20:01:55.3168 INFO ИСХОДЯЩЕЕ СОООБЩЕНИЕ chatId = 1437102827; text = Введите ваш комментарий к данному блюду; Keyboard = Клавиатуры в данном сообщении нет
2024-03-29 20:01:57.2004 INFO ВХОДЯЩЕЕ СОООБЩЕНИЕ UpdateType = Message; chatId = 1437102827; messageId = 446; text = hhffh canRoute = True
2024-03-29 20:01:57.2004 INFO ROUTER chatId = 1437102827; State = InputComment
2024-03-29 20:01:57.8289 INFO ИСХОДЯЩЕЕ СОООБЩЕНИЕ chatId = 1437102827; text = Блюдо Лимонные бискотти с миндалем было добавлено в бимбам  Выберите действие; Keyboard = Создать список;Просмотреть свои списки;Получить случайное блюдо;
