2024-04-01 21:58:13.0791 INFO Выполнена инициализация Бота с токеном 7110426275:AAH7EEbnhcafTEyqkq18lb3ROQxz03KUY9E
2024-04-01 21:58:13.7836 INFO Бот запущен
2024-04-01 21:58:26.7067 INFO ВХОДЯЩЕЕ СОООБЩЕНИЕ UpdateType = Message; chatId = 1437102827; messageId = 448; text = /start canRoute = True
2024-04-01 21:58:26.7067 INFO ROUTER chatId = 1437102827; State = CommandStart
2024-04-01 21:58:26.9714 INFO ИСХОДЯЩЕЕ СОООБЩЕНИЕ chatId = 1437102827; text = Выберите действие; Keyboard = Создать список;Просмотреть свои списки;Получить случайное блюдо;
2024-04-01 21:58:46.7659 INFO ВХОДЯЩЕЕ СОООБЩЕНИЕ UpdateType = CallbackQuery; chatId = 1437102827; messageId = 449; text = CreateDishList canRoute = True
2024-04-01 21:58:46.7659 INFO ROUTER chatId = 1437102827; State = ClickOnInlineButtonInMenuMain
2024-04-01 21:58:49.5966 INFO ИСХОДЯЩЕЕ СОООБЩЕНИЕ chatId = 1437102827; text = Введите название списка; Keyboard = Клавиатуры в данном сообщении нет
2024-04-01 21:59:07.5331 INFO ВХОДЯЩЕЕ СОООБЩЕНИЕ UpdateType = Message; chatId = 1437102827; messageId = 451; text = Завтрак canRoute = True
2024-04-01 21:59:07.5331 INFO ROUTER chatId = 1437102827; State = InputListName
2024-04-01 21:59:07.8370 INFO ИСХОДЯЩЕЕ СОООБЩЕНИЕ chatId = 1437102827; text = Выберите действие; Keyboard = Создать список;Просмотреть свои списки;Получить случайное блюдо;
2024-04-01 21:59:09.4079 INFO ВХОДЯЩЕЕ СОООБЩЕНИЕ UpdateType = CallbackQuery; chatId = 1437102827; messageId = 452; text = Lists canRoute = True
2024-04-01 21:59:09.4079 INFO ROUTER chatId = 1437102827; State = ClickOnInlineButtonInMenuMain
2024-04-01 21:59:09.6095 INFO ИСХОДЯЩЕЕ СОООБЩЕНИЕ chatId = 1437102827; text = Ваши списки; Keyboard = еда 2.0;бимбам;Завтрак;Назад;
2024-04-01 21:59:13.3734 INFO ВХОДЯЩЕЕ СОООБЩЕНИЕ UpdateType = Message; chatId = 1437102827; messageId = 454; text = Завтрак canRoute = True
2024-04-01 21:59:13.3734 INFO ROUTER chatId = 1437102827; State = ClickOnInlineButtonUserLists
2024-04-01 21:59:13.7555 INFO ИСХОДЯЩЕЕ СОООБЩЕНИЕ chatId = 1437102827; text = Выбран список  Завтрак  Выберите действие со списком; Keyboard = Добавить блюдо;Посмотреть блюда;Переименовать список;Удалить список;Назад;
2024-04-01 21:59:23.2075 INFO ВХОДЯЩЕЕ СОООБЩЕНИЕ UpdateType = CallbackQuery; chatId = 1437102827; messageId = 456; text = BackToLists canRoute = True
2024-04-01 21:59:23.2075 INFO ROUTER chatId = 1437102827; State = ClickActionButtonWithList
2024-04-01 21:59:23.5311 INFO ИСХОДЯЩЕЕ СОООБЩЕНИЕ chatId = 1437102827; text = Ваши списки; Keyboard = еда 2.0;бимбам;Завтрак;Назад;
2024-04-01 21:59:24.9092 INFO ВХОДЯЩЕЕ СОООБЩЕНИЕ UpdateType = Message; chatId = 1437102827; messageId = 458; text = Назад canRoute = True
2024-04-01 21:59:24.9092 INFO ROUTER chatId = 1437102827; State = ClickOnInlineButtonUserLists
2024-04-01 21:59:25.1997 INFO ИСХОДЯЩЕЕ СОООБЩЕНИЕ chatId = 1437102827; text = Выберите действие; Keyboard = Создать список;Просмотреть свои списки;Получить случайное блюдо;
2024-04-01 21:59:30.8831 INFO ВХОДЯЩЕЕ СОООБЩЕНИЕ UpdateType = CallbackQuery; chatId = 1437102827; messageId = 460; text = RandomDish canRoute = True
2024-04-01 21:59:30.8831 INFO ROUTER chatId = 1437102827; State = ClickOnInlineButtonInMenuMain
2024-04-01 21:59:35.0664 INFO ИСХОДЯЩЕЕ СОООБЩЕНИЕ chatId = 1437102827; text = Случайное блюдо: Классический ростбиф  Игредиенты: Говяжья вырезка 600 г  Репчатый лук 1 головка  Морковь 1 штука  Стебель сельдерея 1 штука  Тимьян 6 стеблей  Растительное масло 30 мл  Соль по вкусу  Молотый черный перец по вкусу    Рецепт: 1. Говяжью вырезку очистить от пленок и жира и перевязать кулинарной нитью по всей длине так, чтобы она превратилась в аккуратную ровную колбаску.  2. На растительном масле в сильно разогретой сковороде обжарить вырезку до характерного коричневого цвета и приятного жареного запаха.  3. Переложить вырезку в противень и на том же масле слегка обжарить крупно нарезанные лук, сельдерей и морковь.  4. Добавить к овощам тимьян и отправить их в противень с вырезкой. Запекать примерно сорок минут при температуре духовке 180 градусов.Перед подачей дать мясу отдохнуть примерно 20 минут.    Выберите действие:; Keyboard = Добавить в список;
2024-04-01 21:59:48.3453 INFO ВХОДЯЩЕЕ СОООБЩЕНИЕ UpdateType = CallbackQuery; chatId = 1437102827; messageId = 461; text = AddToDishList canRoute = True
2024-04-01 21:59:48.3453 INFO ROUTER chatId = 1437102827; State = ClickOnInlineButtonInRandomDishMenu
2024-04-01 21:59:48.4936 INFO ИСХОДЯЩЕЕ СОООБЩЕНИЕ chatId = 1437102827; text = Ваши списки; Keyboard = еда 2.0;бимбам;Завтрак;Назад;
2024-04-01 21:59:51.9819 INFO ВХОДЯЩЕЕ СОООБЩЕНИЕ UpdateType = Message; chatId = 1437102827; messageId = 463; text = Завтрак canRoute = True
2024-04-01 21:59:51.9819 INFO ROUTER chatId = 1437102827; State = ClickOnReplyButtonUserLists
2024-04-01 21:59:52.0808 INFO ИСХОДЯЩЕЕ СОООБЩЕНИЕ chatId = 1437102827; text = Введите вашу оценку блюду; Keyboard = Клавиатуры в данном сообщении нет
2024-04-01 21:59:56.8731 INFO ВХОДЯЩЕЕ СОООБЩЕНИЕ UpdateType = Message; chatId = 1437102827; messageId = 465; text = 5 canRoute = True
2024-04-01 21:59:56.8731 INFO ROUTER chatId = 1437102827; State = InputRating
2024-04-01 21:59:56.9859 INFO ИСХОДЯЩЕЕ СОООБЩЕНИЕ chatId = 1437102827; text = Введите ваш комментарий к данному блюду; Keyboard = Клавиатуры в данном сообщении нет
2024-04-01 22:00:04.2656 INFO ВХОДЯЩЕЕ СОООБЩЕНИЕ UpdateType = Message; chatId = 1437102827; messageId = 467; text = Вкусно canRoute = True
2024-04-01 22:00:04.2656 INFO ROUTER chatId = 1437102827; State = InputComment
2024-04-01 22:00:04.4926 INFO ИСХОДЯЩЕЕ СОООБЩЕНИЕ chatId = 1437102827; text = Блюдо Классический ростбиф было добавлено в Завтрак  Выберите действие; Keyboard = Создать список;Просмотреть свои списки;Получить случайное блюдо;
2024-04-01 22:00:12.6224 INFO ВХОДЯЩЕЕ СОООБЩЕНИЕ UpdateType = CallbackQuery; chatId = 1437102827; messageId = 468; text = Lists canRoute = True
2024-04-01 22:00:12.6224 INFO ROUTER chatId = 1437102827; State = ClickOnInlineButtonInMenuMain
2024-04-01 22:00:12.7288 INFO ИСХОДЯЩЕЕ СОООБЩЕНИЕ chatId = 1437102827; text = Ваши списки; Keyboard = еда 2.0;бимбам;Завтрак;Назад;
2024-04-01 22:00:14.2909 INFO ВХОДЯЩЕЕ СОООБЩЕНИЕ UpdateType = Message; chatId = 1437102827; messageId = 470; text = Завтрак canRoute = True
2024-04-01 22:00:14.2909 INFO ROUTER chatId = 1437102827; State = ClickOnInlineButtonUserLists
2024-04-01 22:00:14.5859 INFO ИСХОДЯЩЕЕ СОООБЩЕНИЕ chatId = 1437102827; text = Выбран список  Завтрак  Выберите действие со списком; Keyboard = Добавить блюдо;Посмотреть блюда;Переименовать список;Удалить список;Назад;
2024-04-01 22:00:19.9182 INFO ВХОДЯЩЕЕ СОООБЩЕНИЕ UpdateType = CallbackQuery; chatId = 1437102827; messageId = 472; text = CheckDishes canRoute = True
2024-04-01 22:00:19.9182 INFO ROUTER chatId = 1437102827; State = ClickActionButtonWithList
2024-04-01 22:00:20.0524 INFO ИСХОДЯЩЕЕ СОООБЩЕНИЕ chatId = 1437102827; text = Блюда в этом списке:; Keyboard = Классический ростбиф;Назад;
2024-04-01 22:00:22.9195 INFO ВХОДЯЩЕЕ СОООБЩЕНИЕ UpdateType = Message; chatId = 1437102827; messageId = 474; text = Классический ростбиф canRoute = True
2024-04-01 22:00:22.9195 INFO ROUTER chatId = 1437102827; State = ClickButtonDisheInListDishesMenu
2024-04-01 22:00:23.3143 INFO ИСХОДЯЩЕЕ СОООБЩЕНИЕ chatId = 1437102827; text = Выбрано блюдо: Классический ростбиф  Игредиенты: Говяжья вырезка 600 г  Репчатый лук 1 головка  Морковь 1 штука  Стебель сельдерея 1 штука  Тимьян 6 стеблей  Растительное масло 30 мл  Соль по вкусу  Молотый черный перец по вкусу    Рецепт: 1. Говяжью вырезку очистить от пленок и жира и перевязать кулинарной нитью по всей длине так, чтобы она превратилась в аккуратную ровную колбаску.  2. На растительном масле в сильно разогретой сковороде обжарить вырезку до характерного коричневого цвета и приятного жареного запаха.  3. Переложить вырезку в противень и на том же масле слегка обжарить крупно нарезанные лук, сельдерей и морковь.  4. Добавить к овощам тимьян и отправить их в противень с вырезкой. Запекать примерно сорок минут при температуре духовке 180 градусов.Перед подачей дать мясу отдохнуть примерно 20 минут.    Ваша оценка: 5 Ваш комментарий: Вкусно  Выберите действие:; Keyboard = Изменить;
